++ gcc -std=c99 -O0 -DNTRIALS=100 -DBYTES=1048576 -DDO_MEMSET -DDO_RAMDISK '-DRAMDISK_FILE="/mnt/ramdisk/test"' totalrecall.c -o totalrecall.exe
++ set +x
BYTES: 1048576 (1.0 MB, 1024 KB)
memcpy 0.098 GB in 0.026 s, rate: 3.693644 bufsize: 1.0
memset 0.195 GB in 0.027 s, rate: 7.204976 bufsize: 1.0
fwrite 0.098 GB in 0.010 s, rate: 9.921391 bufsize: 1.0

++ gcc -std=c99 -O0 -DNTRIALS=100 -DBYTES=2097152 -DDO_MEMSET -DDO_RAMDISK '-DRAMDISK_FILE="/mnt/ramdisk/test"' totalrecall.c -o totalrecall.exe
++ set +x
BYTES: 2097152 (2.0 MB, 2048 KB)
memcpy 0.195 GB in 0.053 s, rate: 3.690085 bufsize: 2.0
memset 0.391 GB in 0.081 s, rate: 4.823305 bufsize: 2.0
fwrite 0.195 GB in 0.020 s, rate: 9.915850 bufsize: 2.0

++ gcc -std=c99 -O0 -DNTRIALS=100 -DBYTES=4194304 -DDO_MEMSET -DDO_RAMDISK '-DRAMDISK_FILE="/mnt/ramdisk/test"' totalrecall.c -o totalrecall.exe
++ set +x
BYTES: 4194304 (4.0 MB, 4096 KB)
memcpy 0.391 GB in 0.131 s, rate: 2.972635 bufsize: 4.0
memset 0.781 GB in 0.126 s, rate: 6.205815 bufsize: 4.0
fwrite 0.391 GB in 0.035 s, rate: 11.321807 bufsize: 4.0

++ gcc -std=c99 -O0 -DNTRIALS=100 -DBYTES=8388608 -DDO_MEMSET -DDO_RAMDISK '-DRAMDISK_FILE="/mnt/ramdisk/test"' totalrecall.c -o totalrecall.exe
++ set +x
BYTES: 8388608 (8.0 MB, 8192 KB)
memcpy 0.781 GB in 0.288 s, rate: 2.712137 bufsize: 8.0
memset 1.562 GB in 0.228 s, rate: 6.840589 bufsize: 8.0
fwrite 0.781 GB in 0.065 s, rate: 12.041090 bufsize: 8.0

++ gcc -std=c99 -O0 -DNTRIALS=100 -DBYTES=16777216 -DDO_MEMSET -DDO_RAMDISK '-DRAMDISK_FILE="/mnt/ramdisk/test"' totalrecall.c -o totalrecall.exe
++ set +x
BYTES: 16777216 (16.0 MB, 16384 KB)
memcpy 1.562 GB in 0.601 s, rate: 2.599111 bufsize: 16.0
memset 3.125 GB in 0.402 s, rate: 7.770616 bufsize: 16.0
fwrite 1.562 GB in 0.131 s, rate: 11.887734 bufsize: 16.0

++ gcc -std=c99 -O0 -DNTRIALS=100 -DBYTES=33554432 -DDO_MEMSET -DDO_RAMDISK '-DRAMDISK_FILE="/mnt/ramdisk/test"' totalrecall.c -o totalrecall.exe
++ set +x
BYTES: 33554432 (32.0 MB, 32768 KB)
memcpy 3.125 GB in 0.158 s, rate: 19.752353 bufsize: 32.0
memset 6.250 GB in 0.762 s, rate: 8.203101 bufsize: 32.0
fwrite 3.125 GB in 0.302 s, rate: 10.342032 bufsize: 32.0

++ gcc -std=c99 -O0 -DNTRIALS=100 -DBYTES=67108864 -DDO_MEMSET -DDO_RAMDISK '-DRAMDISK_FILE="/mnt/ramdisk/test"' totalrecall.c -o totalrecall.exe
++ set +x
BYTES: 67108864 (64.0 MB, 65536 KB)
memcpy 6.250 GB in 0.306 s, rate: 20.421767 bufsize: 64.0
memset 12.500 GB in 1.502 s, rate: 8.320265 bufsize: 64.0
fwrite 6.250 GB in 0.651 s, rate: 9.597268 bufsize: 64.0

++ gcc -std=c99 -O0 -DNTRIALS=100 -DBYTES=71303168 -DDO_MEMSET -DDO_RAMDISK '-DRAMDISK_FILE="/mnt/ramdisk/test"' totalrecall.c -o totalrecall.exe
++ set +x
BYTES: 71303168 (68.0 MB, 69632 KB)
memcpy 6.641 GB in 0.326 s, rate: 20.349666 bufsize: 68.0
memset 13.281 GB in 1.578 s, rate: 8.416839 bufsize: 68.0
fwrite 6.641 GB in 0.694 s, rate: 9.563704 bufsize: 68.0

++ gcc -std=c99 -O0 -DNTRIALS=100 -DBYTES=73400320 -DDO_MEMSET -DDO_RAMDISK '-DRAMDISK_FILE="/mnt/ramdisk/test"' totalrecall.c -o totalrecall.exe
++ set +x
BYTES: 73400320 (70.0 MB, 71680 KB)
memcpy 6.836 GB in 0.336 s, rate: 20.372883 bufsize: 70.0
memset 13.672 GB in 1.644 s, rate: 8.314172 bufsize: 70.0
fwrite 6.836 GB in 0.713 s, rate: 9.581362 bufsize: 70.0

++ gcc -std=c99 -O0 -DNTRIALS=100 -DBYTES=74448896 -DDO_MEMSET -DDO_RAMDISK '-DRAMDISK_FILE="/mnt/ramdisk/test"' totalrecall.c -o totalrecall.exe
++ set +x
BYTES: 74448896 (71.0 MB, 72704 KB)
memcpy 6.934 GB in 0.348 s, rate: 19.908674 bufsize: 71.0
memset 13.867 GB in 1.655 s, rate: 8.381188 bufsize: 71.0
fwrite 6.934 GB in 0.731 s, rate: 9.486845 bufsize: 71.0

++ gcc -std=c99 -O0 -DNTRIALS=100 -DBYTES=75497472 -DDO_MEMSET -DDO_RAMDISK '-DRAMDISK_FILE="/mnt/ramdisk/test"' totalrecall.c -o totalrecall.exe
++ set +x
BYTES: 75497472 (72.0 MB, 73728 KB)
memcpy 7.031 GB in 0.345 s, rate: 20.382148 bufsize: 72.0
memset 14.062 GB in 1.677 s, rate: 8.385890 bufsize: 72.0
fwrite 7.031 GB in 0.742 s, rate: 9.474265 bufsize: 72.0

++ gcc -std=c99 -O0 -DNTRIALS=100 -DBYTES=76546048 -DDO_MEMSET -DDO_RAMDISK '-DRAMDISK_FILE="/mnt/ramdisk/test"' totalrecall.c -o totalrecall.exe
++ set +x
BYTES: 76546048 (73.0 MB, 74752 KB)
memcpy 7.129 GB in 0.357 s, rate: 19.996595 bufsize: 73.0
memset 14.258 GB in 1.691 s, rate: 8.429433 bufsize: 73.0
fwrite 7.129 GB in 0.751 s, rate: 9.490997 bufsize: 73.0

++ gcc -std=c99 -O0 -DNTRIALS=100 -DBYTES=77594624 -DDO_MEMSET -DDO_RAMDISK '-DRAMDISK_FILE="/mnt/ramdisk/test"' totalrecall.c -o totalrecall.exe
++ set +x
BYTES: 77594624 (74.0 MB, 75776 KB)
memcpy 7.227 GB in 0.360 s, rate: 20.059520 bufsize: 74.0
memset 14.453 GB in 1.741 s, rate: 8.300350 bufsize: 74.0
fwrite 7.227 GB in 0.759 s, rate: 9.520071 bufsize: 74.0

++ gcc -std=c99 -O0 -DNTRIALS=100 -DBYTES=79691776 -DDO_MEMSET -DDO_RAMDISK '-DRAMDISK_FILE="/mnt/ramdisk/test"' totalrecall.c -o totalrecall.exe
++ set +x
BYTES: 79691776 (76.0 MB, 77824 KB)
memcpy 7.422 GB in 0.366 s, rate: 20.298035 bufsize: 76.0
memset 14.844 GB in 1.788 s, rate: 8.303722 bufsize: 76.0
fwrite 7.422 GB in 0.794 s, rate: 9.350182 bufsize: 76.0

++ gcc -std=c99 -O0 -DNTRIALS=100 -DBYTES=104857600 -DDO_MEMSET -DDO_RAMDISK '-DRAMDISK_FILE="/mnt/ramdisk/test"' totalrecall.c -o totalrecall.exe
++ set +x
BYTES: 104857600 (100.0 MB, 102400 KB)
memcpy 9.766 GB in 0.495 s, rate: 19.738185 bufsize: 100.0
memset 19.531 GB in 2.304 s, rate: 8.476814 bufsize: 100.0
fwrite 9.766 GB in 1.038 s, rate: 9.403705 bufsize: 100.0

++ gcc -std=c99 -O0 -DNTRIALS=100 -DBYTES=134217728 -DDO_MEMSET -DDO_RAMDISK '-DRAMDISK_FILE="/mnt/ramdisk/test"' totalrecall.c -o totalrecall.exe
++ set +x
BYTES: 134217728 (128.0 MB, 131072 KB)
memcpy 12.500 GB in 0.624 s, rate: 20.029483 bufsize: 128.0
memset 25.000 GB in 2.950 s, rate: 8.474280 bufsize: 128.0
fwrite 12.500 GB in 1.346 s, rate: 9.290185 bufsize: 128.0

++ gcc -std=c99 -O0 -DNTRIALS=100 -DBYTES=167772160 -DDO_MEMSET -DDO_RAMDISK '-DRAMDISK_FILE="/mnt/ramdisk/test"' totalrecall.c -o totalrecall.exe
++ set +x
BYTES: 167772160 (160.0 MB, 163840 KB)
memcpy 15.625 GB in 0.781 s, rate: 20.016244 bufsize: 160.0
memset 31.250 GB in 3.664 s, rate: 8.528737 bufsize: 160.0
fwrite 15.625 GB in 1.688 s, rate: 9.254768 bufsize: 160.0

++ gcc -std=c99 -O0 -DNTRIALS=100 -DBYTES=201326592 -DDO_MEMSET -DDO_RAMDISK '-DRAMDISK_FILE="/mnt/ramdisk/test"' totalrecall.c -o totalrecall.exe
++ set +x
BYTES: 201326592 (192.0 MB, 196608 KB)
memcpy 18.750 GB in 0.929 s, rate: 20.183709 bufsize: 192.0
memset 37.500 GB in 4.407 s, rate: 8.510018 bufsize: 192.0
fwrite 18.750 GB in 2.056 s, rate: 9.117796 bufsize: 192.0

++ gcc -std=c99 -O0 -DNTRIALS=100 -DBYTES=234881024 -DDO_MEMSET -DDO_RAMDISK '-DRAMDISK_FILE="/mnt/ramdisk/test"' totalrecall.c -o totalrecall.exe
++ set +x
BYTES: 234881024 (224.0 MB, 229376 KB)
memcpy 21.875 GB in 1.088 s, rate: 20.100784 bufsize: 224.0
memset 43.750 GB in 5.122 s, rate: 8.541430 bufsize: 224.0
fwrite 21.875 GB in 2.382 s, rate: 9.182407 bufsize: 224.0

++ gcc -std=c99 -O0 -DNTRIALS=100 -DBYTES=268435456 -DDO_MEMSET -DDO_RAMDISK '-DRAMDISK_FILE="/mnt/ramdisk/test"' totalrecall.c -o totalrecall.exe
++ set +x
BYTES: 268435456 (256.0 MB, 262144 KB)
memcpy 25.000 GB in 1.233 s, rate: 20.276342 bufsize: 256.0
memset 50.000 GB in 5.842 s, rate: 8.558171 bufsize: 256.0
fwrite 25.000 GB in 2.721 s, rate: 9.189342 bufsize: 256.0

++ gcc -std=c99 -O0 -DNTRIALS=100 -DBYTES=335544320 -DDO_MEMSET -DDO_RAMDISK '-DRAMDISK_FILE="/mnt/ramdisk/test"' totalrecall.c -o totalrecall.exe
++ set +x
BYTES: 335544320 (320.0 MB, 327680 KB)
memcpy 31.250 GB in 1.546 s, rate: 20.211480 bufsize: 320.0
memset 62.500 GB in 7.306 s, rate: 8.554212 bufsize: 320.0
fwrite 31.250 GB in 3.409 s, rate: 9.166048 bufsize: 320.0

++ gcc -std=c99 -O0 -DNTRIALS=100 -DBYTES=402653184 -DDO_MEMSET -DDO_RAMDISK '-DRAMDISK_FILE="/mnt/ramdisk/test"' totalrecall.c -o totalrecall.exe
++ set +x
BYTES: 402653184 (384.0 MB, 393216 KB)
memcpy 37.500 GB in 1.869 s, rate: 20.065107 bufsize: 384.0
memset 75.000 GB in 8.753 s, rate: 8.568831 bufsize: 384.0
fwrite 37.500 GB in 4.088 s, rate: 9.173585 bufsize: 384.0

++ gcc -std=c99 -O0 -DNTRIALS=100 -DBYTES=469762048 -DDO_MEMSET -DDO_RAMDISK '-DRAMDISK_FILE="/mnt/ramdisk/test"' totalrecall.c -o totalrecall.exe
++ set +x
BYTES: 469762048 (448.0 MB, 458752 KB)
memcpy 43.750 GB in 2.206 s, rate: 19.836637 bufsize: 448.0
memset 87.500 GB in 10.196 s, rate: 8.581703 bufsize: 448.0
fwrite 43.750 GB in 4.767 s, rate: 9.176950 bufsize: 448.0

++ gcc -std=c99 -O0 -DNTRIALS=100 -DBYTES=536870912 -DDO_MEMSET -DDO_RAMDISK '-DRAMDISK_FILE="/mnt/ramdisk/test"' totalrecall.c -o totalrecall.exe
++ set +x
BYTES: 536870912 (512.0 MB, 524288 KB)
memcpy 50.000 GB in 2.516 s, rate: 19.875587 bufsize: 512.0
memset 100.000 GB in 11.644 s, rate: 8.588290 bufsize: 512.0
fwrite 50.000 GB in 5.429 s, rate: 9.209507 bufsize: 512.0

++ gcc -std=c99 -O0 -DNTRIALS=100 -DBYTES=805306368 -DDO_MEMSET -DDO_RAMDISK '-DRAMDISK_FILE="/mnt/ramdisk/test"' totalrecall.c -o totalrecall.exe
++ set +x
BYTES: 805306368 (768.0 MB, 786432 KB)
memcpy 75.000 GB in 3.823 s, rate: 19.617126 bufsize: 768.0
memset 150.000 GB in 17.495 s, rate: 8.573986 bufsize: 768.0
fwrite 75.000 GB in 8.152 s, rate: 9.200201 bufsize: 768.0

++ gcc -std=c99 -O0 -DNTRIALS=100 -DBYTES=1073741824 -DDO_MEMSET -DDO_RAMDISK '-DRAMDISK_FILE="/mnt/ramdisk/test"' totalrecall.c -o totalrecall.exe
++ set +x
BYTES: 1073741824 (1024.0 MB, 1048576 KB)
memcpy 100.000 GB in 5.108 s, rate: 19.578475 bufsize: 1024.0
memset 200.000 GB in 23.371 s, rate: 8.557476 bufsize: 1024.0
fwrite 100.000 GB in 10.853 s, rate: 9.213726 bufsize: 1024.0

++ gcc -std=c99 -O0 -DNTRIALS=100 -DBYTES=1107296256 -DDO_MEMSET -DDO_RAMDISK '-DRAMDISK_FILE="/mnt/ramdisk/test"' totalrecall.c -o totalrecall.exe
++ set +x
BYTES: 1107296256 (1056.0 MB, 1081344 KB)
memcpy 103.125 GB in 5.304 s, rate: 19.441942 bufsize: 1056.0
memset 206.250 GB in 24.094 s, rate: 8.560073 bufsize: 1056.0
fwrite 103.125 GB in 11.188 s, rate: 9.217301 bufsize: 1056.0

++ gcc -std=c99 -O0 -DNTRIALS=100 -DBYTES=1140850688 -DDO_MEMSET -DDO_RAMDISK '-DRAMDISK_FILE="/mnt/ramdisk/test"' totalrecall.c -o totalrecall.exe
++ set +x
BYTES: 1140850688 (1088.0 MB, 1114112 KB)
memcpy 106.250 GB in 5.423 s, rate: 19.594240 bufsize: 1088.0
memset 212.500 GB in 24.830 s, rate: 8.558340 bufsize: 1088.0
fwrite 106.250 GB in 11.546 s, rate: 9.202259 bufsize: 1088.0

++ gcc -std=c99 -O0 -DNTRIALS=100 -DBYTES=1174405120 -DDO_MEMSET -DDO_RAMDISK '-DRAMDISK_FILE="/mnt/ramdisk/test"' totalrecall.c -o totalrecall.exe
++ set +x
BYTES: 1174405120 (1120.0 MB, 1146880 KB)
memcpy 109.375 GB in 5.611 s, rate: 19.491967 bufsize: 1120.0
memset 218.750 GB in 25.572 s, rate: 8.554398 bufsize: 1120.0
fwrite 109.375 GB in 11.864 s, rate: 9.219074 bufsize: 1120.0

++ gcc -std=c99 -O0 -DNTRIALS=100 -DBYTES=1207959552 -DDO_MEMSET -DDO_RAMDISK '-DRAMDISK_FILE="/mnt/ramdisk/test"' totalrecall.c -o totalrecall.exe
++ set +x
BYTES: 1207959552 (1152.0 MB, 1179648 KB)
memcpy 112.500 GB in 5.768 s, rate: 19.504340 bufsize: 1152.0
memset 225.000 GB in 26.291 s, rate: 8.558085 bufsize: 1152.0
fwrite 112.500 GB in 12.168 s, rate: 9.245571 bufsize: 1152.0

++ gcc -std=c99 -O0 -DNTRIALS=100 -DBYTES=1241513984 -DDO_MEMSET -DDO_RAMDISK '-DRAMDISK_FILE="/mnt/ramdisk/test"' totalrecall.c -o totalrecall.exe
++ set +x
BYTES: 1241513984 (1184.0 MB, 1212416 KB)
memcpy 115.625 GB in 5.946 s, rate: 19.445113 bufsize: 1184.0
memset 231.250 GB in 27.027 s, rate: 8.556234 bufsize: 1184.0
fwrite 115.625 GB in 12.506 s, rate: 9.245888 bufsize: 1184.0

++ gcc -std=c99 -O0 -DNTRIALS=100 -DBYTES=1275068416 -DDO_MEMSET -DDO_RAMDISK '-DRAMDISK_FILE="/mnt/ramdisk/test"' totalrecall.c -o totalrecall.exe
++ set +x
BYTES: 1275068416 (1216.0 MB, 1245184 KB)
memcpy 118.750 GB in 6.096 s, rate: 19.478856 bufsize: 1216.0
memset 237.500 GB in 27.765 s, rate: 8.553798 bufsize: 1216.0
fwrite 118.750 GB in 12.866 s, rate: 9.229501 bufsize: 1216.0

++ gcc -std=c99 -O0 -DNTRIALS=100 -DBYTES=1308622848 -DDO_MEMSET -DDO_RAMDISK '-DRAMDISK_FILE="/mnt/ramdisk/test"' totalrecall.c -o totalrecall.exe
++ set +x
BYTES: 1308622848 (1248.0 MB, 1277952 KB)
memcpy 121.875 GB in 6.232 s, rate: 19.557279 bufsize: 1248.0
memset 243.750 GB in 28.492 s, rate: 8.555028 bufsize: 1248.0
fwrite 121.875 GB in 13.175 s, rate: 9.250199 bufsize: 1248.0

++ gcc -std=c99 -O0 -DNTRIALS=100 -DBYTES=1342177280 -DDO_MEMSET -DDO_RAMDISK '-DRAMDISK_FILE="/mnt/ramdisk/test"' totalrecall.c -o totalrecall.exe
++ set +x
BYTES: 1342177280 (1280.0 MB, 1310720 KB)
memcpy 125.000 GB in 6.398 s, rate: 19.536687 bufsize: 1280.0
memset 250.000 GB in 29.226 s, rate: 8.554046 bufsize: 1280.0
fwrite 125.000 GB in 13.591 s, rate: 9.197234 bufsize: 1280.0

++ gcc -std=c99 -O0 -DNTRIALS=100 -DBYTES=1610612736 -DDO_MEMSET -DDO_RAMDISK '-DRAMDISK_FILE="/mnt/ramdisk/test"' totalrecall.c -o totalrecall.exe
++ set +x
BYTES: 1610612736 (1536.0 MB, 1572864 KB)
memcpy 150.000 GB in 7.642 s, rate: 19.629474 bufsize: 1536.0
memset 300.000 GB in 35.063 s, rate: 8.555980 bufsize: 1536.0
fwrite 150.000 GB in 16.299 s, rate: 9.203133 bufsize: 1536.0

++ gcc -std=c99 -O0 -DNTRIALS=100 -DBYTES=1879048192 -DDO_MEMSET -DDO_RAMDISK '-DRAMDISK_FILE="/mnt/ramdisk/test"' totalrecall.c -o totalrecall.exe
++ set +x
BYTES: 1879048192 (1792.0 MB, 1835008 KB)
memcpy 175.000 GB in 8.862 s, rate: 19.747665 bufsize: 1792.0
memset 350.000 GB in 40.913 s, rate: 8.554667 bufsize: 1792.0
fwrite 175.000 GB in 18.973 s, rate: 9.223837 bufsize: 1792.0

++ gcc -std=c99 -O0 -DNTRIALS=100 -DBYTES=2147483648 -DDO_MEMSET -DDO_RAMDISK '-DRAMDISK_FILE="/mnt/ramdisk/test"' totalrecall.c -o totalrecall.exe
++ set +x
BYTES: 2147483648 (2048.0 MB, 2097152 KB)
memcpy 200.000 GB in 10.113 s, rate: 19.776494 bufsize: 2048.0
memset 400.000 GB in 46.753 s, rate: 8.555572 bufsize: 2048.0
fwrite 200.000 GB in 21.611 s, rate: 9.254625 bufsize: 2048.0

