++ gcc -std=c99 -O2 -DRT -DNTRIALS=100 -DBYTES=1048576 -DDO_MEMSET -DDO_RAMDISK '-DRAMDISK_FILE="/mnt/ramdisk/test"' totalrecall.c -o totalrecall.exe
++ set +x
BYTES: 1048576 (1.0 MB, 1024 KB)
memcpy 0.098 GB in 0.027 s, rate: 3.594929 bufsize: 1.0
memset 0.195 GB in 0.028 s, rate: 6.982928 bufsize: 1.0
fwrite 0.098 GB in 0.010 s, rate: 9.875240 bufsize: 1.0

++ gcc -std=c99 -O2 -DRT -DNTRIALS=100 -DBYTES=2097152 -DDO_MEMSET -DDO_RAMDISK '-DRAMDISK_FILE="/mnt/ramdisk/test"' totalrecall.c -o totalrecall.exe
++ set +x
BYTES: 2097152 (2.0 MB, 2048 KB)
memcpy 0.195 GB in 0.055 s, rate: 3.570286 bufsize: 2.0
memset 0.391 GB in 0.084 s, rate: 4.646426 bufsize: 2.0
fwrite 0.195 GB in 0.020 s, rate: 9.763672 bufsize: 2.0

++ gcc -std=c99 -O2 -DRT -DNTRIALS=100 -DBYTES=4194304 -DDO_MEMSET -DDO_RAMDISK '-DRAMDISK_FILE="/mnt/ramdisk/test"' totalrecall.c -o totalrecall.exe
++ set +x
BYTES: 4194304 (4.0 MB, 4096 KB)
memcpy 0.391 GB in 0.133 s, rate: 2.943714 bufsize: 4.0
memset 0.781 GB in 0.129 s, rate: 6.062734 bufsize: 4.0
fwrite 0.391 GB in 0.036 s, rate: 10.988663 bufsize: 4.0

++ gcc -std=c99 -O2 -DRT -DNTRIALS=100 -DBYTES=8388608 -DDO_MEMSET -DDO_RAMDISK '-DRAMDISK_FILE="/mnt/ramdisk/test"' totalrecall.c -o totalrecall.exe
++ set +x
BYTES: 8388608 (8.0 MB, 8192 KB)
memcpy 0.781 GB in 0.289 s, rate: 2.703839 bufsize: 8.0
memset 1.562 GB in 0.218 s, rate: 7.154075 bufsize: 8.0
fwrite 0.781 GB in 0.066 s, rate: 11.912749 bufsize: 8.0

++ gcc -std=c99 -O2 -DRT -DNTRIALS=100 -DBYTES=16777216 -DDO_MEMSET -DDO_RAMDISK '-DRAMDISK_FILE="/mnt/ramdisk/test"' totalrecall.c -o totalrecall.exe
++ set +x
BYTES: 16777216 (16.0 MB, 16384 KB)
memcpy 1.562 GB in 0.602 s, rate: 2.594179 bufsize: 16.0
memset 3.125 GB in 0.400 s, rate: 7.813301 bufsize: 16.0
fwrite 1.562 GB in 0.133 s, rate: 11.751478 bufsize: 16.0

++ gcc -std=c99 -O2 -DRT -DNTRIALS=100 -DBYTES=33554432 -DDO_MEMSET -DDO_RAMDISK '-DRAMDISK_FILE="/mnt/ramdisk/test"' totalrecall.c -o totalrecall.exe
++ set +x
BYTES: 33554432 (32.0 MB, 32768 KB)
memcpy 3.125 GB in 0.165 s, rate: 18.942838 bufsize: 32.0
memset 6.250 GB in 0.763 s, rate: 8.188774 bufsize: 32.0
fwrite 3.125 GB in 0.310 s, rate: 10.064672 bufsize: 32.0

++ gcc -std=c99 -O2 -DRT -DNTRIALS=100 -DBYTES=67108864 -DDO_MEMSET -DDO_RAMDISK '-DRAMDISK_FILE="/mnt/ramdisk/test"' totalrecall.c -o totalrecall.exe
++ set +x
BYTES: 67108864 (64.0 MB, 65536 KB)
memcpy 6.250 GB in 0.315 s, rate: 19.840829 bufsize: 64.0
memset 12.500 GB in 1.505 s, rate: 8.305973 bufsize: 64.0
fwrite 6.250 GB in 0.660 s, rate: 9.475282 bufsize: 64.0

++ gcc -std=c99 -O2 -DRT -DNTRIALS=100 -DBYTES=71303168 -DDO_MEMSET -DDO_RAMDISK '-DRAMDISK_FILE="/mnt/ramdisk/test"' totalrecall.c -o totalrecall.exe
++ set +x
BYTES: 71303168 (68.0 MB, 69632 KB)
memcpy 6.641 GB in 0.332 s, rate: 19.997847 bufsize: 68.0
memset 13.281 GB in 1.582 s, rate: 8.396268 bufsize: 68.0
fwrite 6.641 GB in 0.704 s, rate: 9.436338 bufsize: 68.0

++ gcc -std=c99 -O2 -DRT -DNTRIALS=100 -DBYTES=73400320 -DDO_MEMSET -DDO_RAMDISK '-DRAMDISK_FILE="/mnt/ramdisk/test"' totalrecall.c -o totalrecall.exe
++ set +x
BYTES: 73400320 (70.0 MB, 71680 KB)
memcpy 6.836 GB in 0.341 s, rate: 20.030643 bufsize: 70.0
memset 13.672 GB in 1.633 s, rate: 8.374162 bufsize: 70.0
fwrite 6.836 GB in 0.721 s, rate: 9.478902 bufsize: 70.0

++ gcc -std=c99 -O2 -DRT -DNTRIALS=100 -DBYTES=74448896 -DDO_MEMSET -DDO_RAMDISK '-DRAMDISK_FILE="/mnt/ramdisk/test"' totalrecall.c -o totalrecall.exe
++ set +x
BYTES: 74448896 (71.0 MB, 72704 KB)
memcpy 6.934 GB in 0.349 s, rate: 19.868796 bufsize: 71.0
memset 13.867 GB in 1.652 s, rate: 8.395762 bufsize: 71.0
fwrite 6.934 GB in 0.728 s, rate: 9.522153 bufsize: 71.0

++ gcc -std=c99 -O2 -DRT -DNTRIALS=100 -DBYTES=75497472 -DDO_MEMSET -DDO_RAMDISK '-DRAMDISK_FILE="/mnt/ramdisk/test"' totalrecall.c -o totalrecall.exe
++ set +x
BYTES: 75497472 (72.0 MB, 73728 KB)
memcpy 7.031 GB in 0.354 s, rate: 19.844574 bufsize: 72.0
memset 14.062 GB in 1.672 s, rate: 8.410722 bufsize: 72.0
fwrite 7.031 GB in 0.744 s, rate: 9.456502 bufsize: 72.0

++ gcc -std=c99 -O2 -DRT -DNTRIALS=100 -DBYTES=76546048 -DDO_MEMSET -DDO_RAMDISK '-DRAMDISK_FILE="/mnt/ramdisk/test"' totalrecall.c -o totalrecall.exe
++ set +x
BYTES: 76546048 (73.0 MB, 74752 KB)
memcpy 7.129 GB in 0.357 s, rate: 19.956906 bufsize: 73.0
memset 14.258 GB in 1.708 s, rate: 8.346537 bufsize: 73.0
fwrite 7.129 GB in 0.758 s, rate: 9.403426 bufsize: 73.0

++ gcc -std=c99 -O2 -DRT -DNTRIALS=100 -DBYTES=77594624 -DDO_MEMSET -DDO_RAMDISK '-DRAMDISK_FILE="/mnt/ramdisk/test"' totalrecall.c -o totalrecall.exe
++ set +x
BYTES: 77594624 (74.0 MB, 75776 KB)
memcpy 7.227 GB in 0.366 s, rate: 19.756906 bufsize: 74.0
memset 14.453 GB in 1.733 s, rate: 8.337780 bufsize: 74.0
fwrite 7.227 GB in 0.770 s, rate: 9.383927 bufsize: 74.0

++ gcc -std=c99 -O2 -DRT -DNTRIALS=100 -DBYTES=79691776 -DDO_MEMSET -DDO_RAMDISK '-DRAMDISK_FILE="/mnt/ramdisk/test"' totalrecall.c -o totalrecall.exe
++ set +x
BYTES: 79691776 (76.0 MB, 77824 KB)
memcpy 7.422 GB in 0.370 s, rate: 20.080885 bufsize: 76.0
memset 14.844 GB in 1.785 s, rate: 8.316642 bufsize: 76.0
fwrite 7.422 GB in 0.783 s, rate: 9.482304 bufsize: 76.0

++ gcc -std=c99 -O2 -DRT -DNTRIALS=100 -DBYTES=104857600 -DDO_MEMSET -DDO_RAMDISK '-DRAMDISK_FILE="/mnt/ramdisk/test"' totalrecall.c -o totalrecall.exe
++ set +x
BYTES: 104857600 (100.0 MB, 102400 KB)
memcpy 9.766 GB in 0.496 s, rate: 19.670755 bufsize: 100.0
memset 19.531 GB in 2.328 s, rate: 8.388152 bufsize: 100.0
fwrite 9.766 GB in 1.044 s, rate: 9.353241 bufsize: 100.0

++ gcc -std=c99 -O2 -DRT -DNTRIALS=100 -DBYTES=134217728 -DDO_MEMSET -DDO_RAMDISK '-DRAMDISK_FILE="/mnt/ramdisk/test"' totalrecall.c -o totalrecall.exe
++ set +x
BYTES: 134217728 (128.0 MB, 131072 KB)
memcpy 12.500 GB in 0.627 s, rate: 19.950300 bufsize: 128.0
memset 25.000 GB in 2.954 s, rate: 8.464238 bufsize: 128.0
fwrite 12.500 GB in 1.342 s, rate: 9.312194 bufsize: 128.0

++ gcc -std=c99 -O2 -DRT -DNTRIALS=100 -DBYTES=167772160 -DDO_MEMSET -DDO_RAMDISK '-DRAMDISK_FILE="/mnt/ramdisk/test"' totalrecall.c -o totalrecall.exe
++ set +x
BYTES: 167772160 (160.0 MB, 163840 KB)
memcpy 15.625 GB in 0.779 s, rate: 20.057303 bufsize: 160.0
memset 31.250 GB in 3.672 s, rate: 8.509252 bufsize: 160.0
fwrite 15.625 GB in 1.695 s, rate: 9.219665 bufsize: 160.0

++ gcc -std=c99 -O2 -DRT -DNTRIALS=100 -DBYTES=201326592 -DDO_MEMSET -DDO_RAMDISK '-DRAMDISK_FILE="/mnt/ramdisk/test"' totalrecall.c -o totalrecall.exe
++ set +x
BYTES: 201326592 (192.0 MB, 196608 KB)
memcpy 18.750 GB in 0.933 s, rate: 20.093534 bufsize: 192.0
memset 37.500 GB in 4.405 s, rate: 8.513250 bufsize: 192.0
fwrite 18.750 GB in 2.066 s, rate: 9.074305 bufsize: 192.0

++ gcc -std=c99 -O2 -DRT -DNTRIALS=100 -DBYTES=234881024 -DDO_MEMSET -DDO_RAMDISK '-DRAMDISK_FILE="/mnt/ramdisk/test"' totalrecall.c -o totalrecall.exe
++ set +x
BYTES: 234881024 (224.0 MB, 229376 KB)
memcpy 21.875 GB in 1.085 s, rate: 20.159042 bufsize: 224.0
memset 43.750 GB in 5.145 s, rate: 8.503180 bufsize: 224.0
fwrite 21.875 GB in 2.374 s, rate: 9.215582 bufsize: 224.0

++ gcc -std=c99 -O2 -DRT -DNTRIALS=100 -DBYTES=268435456 -DDO_MEMSET -DDO_RAMDISK '-DRAMDISK_FILE="/mnt/ramdisk/test"' totalrecall.c -o totalrecall.exe
++ set +x
BYTES: 268435456 (256.0 MB, 262144 KB)
memcpy 25.000 GB in 1.240 s, rate: 20.154756 bufsize: 256.0
memset 50.000 GB in 5.839 s, rate: 8.563713 bufsize: 256.0
fwrite 25.000 GB in 2.722 s, rate: 9.183947 bufsize: 256.0

++ gcc -std=c99 -O2 -DRT -DNTRIALS=100 -DBYTES=335544320 -DDO_MEMSET -DDO_RAMDISK '-DRAMDISK_FILE="/mnt/ramdisk/test"' totalrecall.c -o totalrecall.exe
++ set +x
BYTES: 335544320 (320.0 MB, 327680 KB)
memcpy 31.250 GB in 1.554 s, rate: 20.111285 bufsize: 320.0
memset 62.500 GB in 7.321 s, rate: 8.537294 bufsize: 320.0
fwrite 31.250 GB in 3.413 s, rate: 9.155253 bufsize: 320.0

++ gcc -std=c99 -O2 -DRT -DNTRIALS=100 -DBYTES=402653184 -DDO_MEMSET -DDO_RAMDISK '-DRAMDISK_FILE="/mnt/ramdisk/test"' totalrecall.c -o totalrecall.exe
++ set +x
BYTES: 402653184 (384.0 MB, 393216 KB)
memcpy 37.500 GB in 1.871 s, rate: 20.045126 bufsize: 384.0
memset 75.000 GB in 8.773 s, rate: 8.549443 bufsize: 384.0
fwrite 37.500 GB in 4.083 s, rate: 9.183411 bufsize: 384.0

++ gcc -std=c99 -O2 -DRT -DNTRIALS=100 -DBYTES=469762048 -DDO_MEMSET -DDO_RAMDISK '-DRAMDISK_FILE="/mnt/ramdisk/test"' totalrecall.c -o totalrecall.exe
++ set +x
BYTES: 469762048 (448.0 MB, 458752 KB)
memcpy 43.750 GB in 2.207 s, rate: 19.823873 bufsize: 448.0
memset 87.500 GB in 10.213 s, rate: 8.567693 bufsize: 448.0
fwrite 43.750 GB in 4.772 s, rate: 9.168294 bufsize: 448.0

++ gcc -std=c99 -O2 -DRT -DNTRIALS=100 -DBYTES=536870912 -DDO_MEMSET -DDO_RAMDISK '-DRAMDISK_FILE="/mnt/ramdisk/test"' totalrecall.c -o totalrecall.exe
++ set +x
BYTES: 536870912 (512.0 MB, 524288 KB)
memcpy 50.000 GB in 2.529 s, rate: 19.768479 bufsize: 512.0
memset 100.000 GB in 11.667 s, rate: 8.571530 bufsize: 512.0
fwrite 50.000 GB in 5.478 s, rate: 9.127790 bufsize: 512.0

++ gcc -std=c99 -O2 -DRT -DNTRIALS=100 -DBYTES=805306368 -DDO_MEMSET -DDO_RAMDISK '-DRAMDISK_FILE="/mnt/ramdisk/test"' totalrecall.c -o totalrecall.exe
++ set +x
BYTES: 805306368 (768.0 MB, 786432 KB)
memcpy 75.000 GB in 3.825 s, rate: 19.606541 bufsize: 768.0
memset 150.000 GB in 17.510 s, rate: 8.566691 bufsize: 768.0
fwrite 75.000 GB in 8.177 s, rate: 9.171919 bufsize: 768.0

++ gcc -std=c99 -O2 -DRT -DNTRIALS=100 -DBYTES=1073741824 -DDO_MEMSET -DDO_RAMDISK '-DRAMDISK_FILE="/mnt/ramdisk/test"' totalrecall.c -o totalrecall.exe
++ set +x
BYTES: 1073741824 (1024.0 MB, 1048576 KB)
memcpy 100.000 GB in 5.126 s, rate: 19.508373 bufsize: 1024.0
memset 200.000 GB in 23.376 s, rate: 8.555930 bufsize: 1024.0
fwrite 100.000 GB in 10.821 s, rate: 9.241213 bufsize: 1024.0

++ gcc -std=c99 -O2 -DRT -DNTRIALS=100 -DBYTES=1107296256 -DDO_MEMSET -DDO_RAMDISK '-DRAMDISK_FILE="/mnt/ramdisk/test"' totalrecall.c -o totalrecall.exe
++ set +x
BYTES: 1107296256 (1056.0 MB, 1081344 KB)
memcpy 103.125 GB in 5.305 s, rate: 19.439886 bufsize: 1056.0
memset 206.250 GB in 24.108 s, rate: 8.555267 bufsize: 1056.0
fwrite 103.125 GB in 11.179 s, rate: 9.224943 bufsize: 1056.0

++ gcc -std=c99 -O2 -DRT -DNTRIALS=100 -DBYTES=1140850688 -DDO_MEMSET -DDO_RAMDISK '-DRAMDISK_FILE="/mnt/ramdisk/test"' totalrecall.c -o totalrecall.exe
++ set +x
BYTES: 1140850688 (1088.0 MB, 1114112 KB)
memcpy 106.250 GB in 5.443 s, rate: 19.521407 bufsize: 1088.0
memset 212.500 GB in 24.856 s, rate: 8.549388 bufsize: 1088.0
fwrite 106.250 GB in 11.546 s, rate: 9.202418 bufsize: 1088.0

++ gcc -std=c99 -O2 -DRT -DNTRIALS=100 -DBYTES=1174405120 -DDO_MEMSET -DDO_RAMDISK '-DRAMDISK_FILE="/mnt/ramdisk/test"' totalrecall.c -o totalrecall.exe
++ set +x
BYTES: 1174405120 (1120.0 MB, 1146880 KB)
memcpy 109.375 GB in 5.620 s, rate: 19.462845 bufsize: 1120.0
memset 218.750 GB in 25.572 s, rate: 8.554132 bufsize: 1120.0
fwrite 109.375 GB in 11.885 s, rate: 9.202791 bufsize: 1120.0

++ gcc -std=c99 -O2 -DRT -DNTRIALS=100 -DBYTES=1207959552 -DDO_MEMSET -DDO_RAMDISK '-DRAMDISK_FILE="/mnt/ramdisk/test"' totalrecall.c -o totalrecall.exe
++ set +x
BYTES: 1207959552 (1152.0 MB, 1179648 KB)
memcpy 112.500 GB in 5.819 s, rate: 19.333667 bufsize: 1152.0
memset 225.000 GB in 26.317 s, rate: 8.549760 bufsize: 1152.0
fwrite 112.500 GB in 12.179 s, rate: 9.237542 bufsize: 1152.0

++ gcc -std=c99 -O2 -DRT -DNTRIALS=100 -DBYTES=1241513984 -DDO_MEMSET -DDO_RAMDISK '-DRAMDISK_FILE="/mnt/ramdisk/test"' totalrecall.c -o totalrecall.exe
++ set +x
BYTES: 1241513984 (1184.0 MB, 1212416 KB)
memcpy 115.625 GB in 5.915 s, rate: 19.547178 bufsize: 1184.0
memset 231.250 GB in 27.041 s, rate: 8.551936 bufsize: 1184.0
fwrite 115.625 GB in 12.564 s, rate: 9.203138 bufsize: 1184.0

++ gcc -std=c99 -O2 -DRT -DNTRIALS=100 -DBYTES=1275068416 -DDO_MEMSET -DDO_RAMDISK '-DRAMDISK_FILE="/mnt/ramdisk/test"' totalrecall.c -o totalrecall.exe
++ set +x
BYTES: 1275068416 (1216.0 MB, 1245184 KB)
memcpy 118.750 GB in 6.103 s, rate: 19.457130 bufsize: 1216.0
memset 237.500 GB in 27.783 s, rate: 8.548347 bufsize: 1216.0
fwrite 118.750 GB in 12.855 s, rate: 9.237335 bufsize: 1216.0

++ gcc -std=c99 -O2 -DRT -DNTRIALS=100 -DBYTES=1308622848 -DDO_MEMSET -DDO_RAMDISK '-DRAMDISK_FILE="/mnt/ramdisk/test"' totalrecall.c -o totalrecall.exe
++ set +x
BYTES: 1308622848 (1248.0 MB, 1277952 KB)
memcpy 121.875 GB in 6.234 s, rate: 19.551528 bufsize: 1248.0
memset 243.750 GB in 28.504 s, rate: 8.551347 bufsize: 1248.0
fwrite 121.875 GB in 13.216 s, rate: 9.221621 bufsize: 1248.0

++ gcc -std=c99 -O2 -DRT -DNTRIALS=100 -DBYTES=1342177280 -DDO_MEMSET -DDO_RAMDISK '-DRAMDISK_FILE="/mnt/ramdisk/test"' totalrecall.c -o totalrecall.exe
++ set +x
BYTES: 1342177280 (1280.0 MB, 1310720 KB)
memcpy 125.000 GB in 6.381 s, rate: 19.589538 bufsize: 1280.0
memset 250.000 GB in 29.230 s, rate: 8.552946 bufsize: 1280.0
fwrite 125.000 GB in 13.554 s, rate: 9.222117 bufsize: 1280.0

++ gcc -std=c99 -O2 -DRT -DNTRIALS=100 -DBYTES=1610612736 -DDO_MEMSET -DDO_RAMDISK '-DRAMDISK_FILE="/mnt/ramdisk/test"' totalrecall.c -o totalrecall.exe
++ set +x
BYTES: 1610612736 (1536.0 MB, 1572864 KB)
memcpy 150.000 GB in 7.646 s, rate: 19.617462 bufsize: 1536.0
memset 300.000 GB in 35.079 s, rate: 8.552193 bufsize: 1536.0
fwrite 150.000 GB in 16.220 s, rate: 9.247724 bufsize: 1536.0

++ gcc -std=c99 -O2 -DRT -DNTRIALS=100 -DBYTES=1879048192 -DDO_MEMSET -DDO_RAMDISK '-DRAMDISK_FILE="/mnt/ramdisk/test"' totalrecall.c -o totalrecall.exe
++ set +x
BYTES: 1879048192 (1792.0 MB, 1835008 KB)
memcpy 175.000 GB in 8.848 s, rate: 19.777395 bufsize: 1792.0
memset 350.000 GB in 40.921 s, rate: 8.553089 bufsize: 1792.0
fwrite 175.000 GB in 18.972 s, rate: 9.224259 bufsize: 1792.0

++ gcc -std=c99 -O2 -DRT -DNTRIALS=100 -DBYTES=2147483648 -DDO_MEMSET -DDO_RAMDISK '-DRAMDISK_FILE="/mnt/ramdisk/test"' totalrecall.c -o totalrecall.exe
++ set +x
BYTES: 2147483648 (2048.0 MB, 2097152 KB)
memcpy 200.000 GB in 10.116 s, rate: 19.769974 bufsize: 2048.0
memset 400.000 GB in 46.770 s, rate: 8.552425 bufsize: 2048.0
fwrite 200.000 GB in 21.543 s, rate: 9.283877 bufsize: 2048.0

