++ gcc -std=c99 -Os -DNTRIALS=100 -DBYTES=1048576 -DDO_MEMSET -DDO_RAMDISK '-DRAMDISK_FILE="/mnt/ramdisk/test"' totalrecall.c -o totalrecall.exe
++ set +x
BYTES: 1048576 (1.0 MB, 1024 KB)
memcpy 0.098 GB in 0.008 s, rate: 12.579705 bufsize: 1.0
memset 0.195 GB in 0.027 s, rate: 7.108735 bufsize: 1.0
fwrite 0.098 GB in 0.010 s, rate: 9.988366 bufsize: 1.0

++ gcc -std=c99 -Os -DNTRIALS=100 -DBYTES=2097152 -DDO_MEMSET -DDO_RAMDISK '-DRAMDISK_FILE="/mnt/ramdisk/test"' totalrecall.c -o totalrecall.exe
++ set +x
BYTES: 2097152 (2.0 MB, 2048 KB)
memcpy 0.195 GB in 0.017 s, rate: 11.619519 bufsize: 2.0
memset 0.391 GB in 0.083 s, rate: 4.695802 bufsize: 2.0
fwrite 0.195 GB in 0.020 s, rate: 9.927442 bufsize: 2.0

++ gcc -std=c99 -Os -DNTRIALS=100 -DBYTES=4194304 -DDO_MEMSET -DDO_RAMDISK '-DRAMDISK_FILE="/mnt/ramdisk/test"' totalrecall.c -o totalrecall.exe
++ set +x
BYTES: 4194304 (4.0 MB, 4096 KB)
memcpy 0.391 GB in 0.032 s, rate: 12.126692 bufsize: 4.0
memset 0.781 GB in 0.127 s, rate: 6.149154 bufsize: 4.0
fwrite 0.391 GB in 0.034 s, rate: 11.656620 bufsize: 4.0

++ gcc -std=c99 -Os -DNTRIALS=100 -DBYTES=8388608 -DDO_MEMSET -DDO_RAMDISK '-DRAMDISK_FILE="/mnt/ramdisk/test"' totalrecall.c -o totalrecall.exe
++ set +x
BYTES: 8388608 (8.0 MB, 8192 KB)
memcpy 0.781 GB in 0.061 s, rate: 12.911729 bufsize: 8.0
memset 1.562 GB in 0.221 s, rate: 7.071288 bufsize: 8.0
fwrite 0.781 GB in 0.065 s, rate: 11.993951 bufsize: 8.0

++ gcc -std=c99 -Os -DNTRIALS=100 -DBYTES=16777216 -DDO_MEMSET -DDO_RAMDISK '-DRAMDISK_FILE="/mnt/ramdisk/test"' totalrecall.c -o totalrecall.exe
++ set +x
BYTES: 16777216 (16.0 MB, 16384 KB)
memcpy 1.562 GB in 0.123 s, rate: 12.653974 bufsize: 16.0
memset 3.125 GB in 0.418 s, rate: 7.476023 bufsize: 16.0
fwrite 1.562 GB in 0.128 s, rate: 12.160858 bufsize: 16.0

++ gcc -std=c99 -Os -DNTRIALS=100 -DBYTES=33554432 -DDO_MEMSET -DDO_RAMDISK '-DRAMDISK_FILE="/mnt/ramdisk/test"' totalrecall.c -o totalrecall.exe
++ set +x
BYTES: 33554432 (32.0 MB, 32768 KB)
memcpy 3.125 GB in 0.155 s, rate: 20.140630 bufsize: 32.0
memset 6.250 GB in 0.787 s, rate: 7.940360 bufsize: 32.0
fwrite 3.125 GB in 0.304 s, rate: 10.280586 bufsize: 32.0

++ gcc -std=c99 -Os -DNTRIALS=100 -DBYTES=67108864 -DDO_MEMSET -DDO_RAMDISK '-DRAMDISK_FILE="/mnt/ramdisk/test"' totalrecall.c -o totalrecall.exe
++ set +x
BYTES: 67108864 (64.0 MB, 65536 KB)
memcpy 6.250 GB in 0.315 s, rate: 19.849210 bufsize: 64.0
memset 12.500 GB in 1.496 s, rate: 8.357246 bufsize: 64.0
fwrite 6.250 GB in 0.656 s, rate: 9.521952 bufsize: 64.0

++ gcc -std=c99 -Os -DNTRIALS=100 -DBYTES=71303168 -DDO_MEMSET -DDO_RAMDISK '-DRAMDISK_FILE="/mnt/ramdisk/test"' totalrecall.c -o totalrecall.exe
++ set +x
BYTES: 71303168 (68.0 MB, 69632 KB)
memcpy 6.641 GB in 0.335 s, rate: 19.851205 bufsize: 68.0
memset 13.281 GB in 1.579 s, rate: 8.410597 bufsize: 68.0
fwrite 6.641 GB in 0.690 s, rate: 9.620427 bufsize: 68.0

++ gcc -std=c99 -Os -DNTRIALS=100 -DBYTES=73400320 -DDO_MEMSET -DDO_RAMDISK '-DRAMDISK_FILE="/mnt/ramdisk/test"' totalrecall.c -o totalrecall.exe
++ set +x
BYTES: 73400320 (70.0 MB, 71680 KB)
memcpy 6.836 GB in 0.344 s, rate: 19.876014 bufsize: 70.0
memset 13.672 GB in 1.627 s, rate: 8.405480 bufsize: 70.0
fwrite 6.836 GB in 0.713 s, rate: 9.590489 bufsize: 70.0

++ gcc -std=c99 -Os -DNTRIALS=100 -DBYTES=74448896 -DDO_MEMSET -DDO_RAMDISK '-DRAMDISK_FILE="/mnt/ramdisk/test"' totalrecall.c -o totalrecall.exe
++ set +x
BYTES: 74448896 (71.0 MB, 72704 KB)
memcpy 6.934 GB in 0.347 s, rate: 19.961404 bufsize: 71.0
memset 13.867 GB in 1.650 s, rate: 8.404932 bufsize: 71.0
fwrite 6.934 GB in 0.726 s, rate: 9.546959 bufsize: 71.0

++ gcc -std=c99 -Os -DNTRIALS=100 -DBYTES=75497472 -DDO_MEMSET -DDO_RAMDISK '-DRAMDISK_FILE="/mnt/ramdisk/test"' totalrecall.c -o totalrecall.exe
++ set +x
BYTES: 75497472 (72.0 MB, 73728 KB)
memcpy 7.031 GB in 0.359 s, rate: 19.582545 bufsize: 72.0
memset 14.062 GB in 1.680 s, rate: 8.368558 bufsize: 72.0
fwrite 7.031 GB in 0.755 s, rate: 9.315912 bufsize: 72.0

++ gcc -std=c99 -Os -DNTRIALS=100 -DBYTES=76546048 -DDO_MEMSET -DDO_RAMDISK '-DRAMDISK_FILE="/mnt/ramdisk/test"' totalrecall.c -o totalrecall.exe
++ set +x
BYTES: 76546048 (73.0 MB, 74752 KB)
memcpy 7.129 GB in 0.356 s, rate: 20.032445 bufsize: 73.0
memset 14.258 GB in 1.693 s, rate: 8.420934 bufsize: 73.0
fwrite 7.129 GB in 0.749 s, rate: 9.517454 bufsize: 73.0

++ gcc -std=c99 -Os -DNTRIALS=100 -DBYTES=77594624 -DDO_MEMSET -DDO_RAMDISK '-DRAMDISK_FILE="/mnt/ramdisk/test"' totalrecall.c -o totalrecall.exe
++ set +x
BYTES: 77594624 (74.0 MB, 75776 KB)
memcpy 7.227 GB in 0.355 s, rate: 20.365636 bufsize: 74.0
memset 14.453 GB in 1.735 s, rate: 8.330351 bufsize: 74.0
fwrite 7.227 GB in 0.761 s, rate: 9.494980 bufsize: 74.0

++ gcc -std=c99 -Os -DNTRIALS=100 -DBYTES=79691776 -DDO_MEMSET -DDO_RAMDISK '-DRAMDISK_FILE="/mnt/ramdisk/test"' totalrecall.c -o totalrecall.exe
++ set +x
BYTES: 79691776 (76.0 MB, 77824 KB)
memcpy 7.422 GB in 0.370 s, rate: 20.082841 bufsize: 76.0
memset 14.844 GB in 1.759 s, rate: 8.438475 bufsize: 76.0
fwrite 7.422 GB in 0.783 s, rate: 9.479542 bufsize: 76.0

++ gcc -std=c99 -Os -DNTRIALS=100 -DBYTES=104857600 -DDO_MEMSET -DDO_RAMDISK '-DRAMDISK_FILE="/mnt/ramdisk/test"' totalrecall.c -o totalrecall.exe
++ set +x
BYTES: 104857600 (100.0 MB, 102400 KB)
memcpy 9.766 GB in 0.504 s, rate: 19.386202 bufsize: 100.0
memset 19.531 GB in 2.305 s, rate: 8.473141 bufsize: 100.0
fwrite 9.766 GB in 1.034 s, rate: 9.446037 bufsize: 100.0

++ gcc -std=c99 -Os -DNTRIALS=100 -DBYTES=134217728 -DDO_MEMSET -DDO_RAMDISK '-DRAMDISK_FILE="/mnt/ramdisk/test"' totalrecall.c -o totalrecall.exe
++ set +x
BYTES: 134217728 (128.0 MB, 131072 KB)
memcpy 12.500 GB in 0.643 s, rate: 19.447474 bufsize: 128.0
memset 25.000 GB in 2.957 s, rate: 8.454418 bufsize: 128.0
fwrite 12.500 GB in 1.341 s, rate: 9.322674 bufsize: 128.0

++ gcc -std=c99 -Os -DNTRIALS=100 -DBYTES=167772160 -DDO_MEMSET -DDO_RAMDISK '-DRAMDISK_FILE="/mnt/ramdisk/test"' totalrecall.c -o totalrecall.exe
++ set +x
BYTES: 167772160 (160.0 MB, 163840 KB)
memcpy 15.625 GB in 0.790 s, rate: 19.767596 bufsize: 160.0
memset 31.250 GB in 3.665 s, rate: 8.525793 bufsize: 160.0
fwrite 15.625 GB in 1.673 s, rate: 9.337054 bufsize: 160.0

++ gcc -std=c99 -Os -DNTRIALS=100 -DBYTES=201326592 -DDO_MEMSET -DDO_RAMDISK '-DRAMDISK_FILE="/mnt/ramdisk/test"' totalrecall.c -o totalrecall.exe
++ set +x
BYTES: 201326592 (192.0 MB, 196608 KB)
memcpy 18.750 GB in 0.940 s, rate: 19.936459 bufsize: 192.0
memset 37.500 GB in 4.382 s, rate: 8.557773 bufsize: 192.0
fwrite 18.750 GB in 2.022 s, rate: 9.272626 bufsize: 192.0

++ gcc -std=c99 -Os -DNTRIALS=100 -DBYTES=234881024 -DDO_MEMSET -DDO_RAMDISK '-DRAMDISK_FILE="/mnt/ramdisk/test"' totalrecall.c -o totalrecall.exe
++ set +x
BYTES: 234881024 (224.0 MB, 229376 KB)
memcpy 21.875 GB in 1.089 s, rate: 20.083363 bufsize: 224.0
memset 43.750 GB in 5.118 s, rate: 8.549048 bufsize: 224.0
fwrite 21.875 GB in 2.374 s, rate: 9.214033 bufsize: 224.0

++ gcc -std=c99 -Os -DNTRIALS=100 -DBYTES=268435456 -DDO_MEMSET -DDO_RAMDISK '-DRAMDISK_FILE="/mnt/ramdisk/test"' totalrecall.c -o totalrecall.exe
++ set +x
BYTES: 268435456 (256.0 MB, 262144 KB)
memcpy 25.000 GB in 1.243 s, rate: 20.115301 bufsize: 256.0
memset 50.000 GB in 5.834 s, rate: 8.570647 bufsize: 256.0
fwrite 25.000 GB in 2.703 s, rate: 9.248531 bufsize: 256.0

++ gcc -std=c99 -Os -DNTRIALS=100 -DBYTES=335544320 -DDO_MEMSET -DDO_RAMDISK '-DRAMDISK_FILE="/mnt/ramdisk/test"' totalrecall.c -o totalrecall.exe
++ set +x
BYTES: 335544320 (320.0 MB, 327680 KB)
memcpy 31.250 GB in 1.562 s, rate: 20.008439 bufsize: 320.0
memset 62.500 GB in 7.284 s, rate: 8.580441 bufsize: 320.0
fwrite 31.250 GB in 3.383 s, rate: 9.237822 bufsize: 320.0

++ gcc -std=c99 -Os -DNTRIALS=100 -DBYTES=402653184 -DDO_MEMSET -DDO_RAMDISK '-DRAMDISK_FILE="/mnt/ramdisk/test"' totalrecall.c -o totalrecall.exe
++ set +x
BYTES: 402653184 (384.0 MB, 393216 KB)
memcpy 37.500 GB in 1.881 s, rate: 19.936533 bufsize: 384.0
memset 75.000 GB in 8.720 s, rate: 8.601022 bufsize: 384.0
fwrite 37.500 GB in 4.072 s, rate: 9.208628 bufsize: 384.0

++ gcc -std=c99 -Os -DNTRIALS=100 -DBYTES=469762048 -DDO_MEMSET -DDO_RAMDISK '-DRAMDISK_FILE="/mnt/ramdisk/test"' totalrecall.c -o totalrecall.exe
++ set +x
BYTES: 469762048 (448.0 MB, 458752 KB)
memcpy 43.750 GB in 2.230 s, rate: 19.619388 bufsize: 448.0
memset 87.500 GB in 10.190 s, rate: 8.586544 bufsize: 448.0
fwrite 43.750 GB in 4.767 s, rate: 9.178188 bufsize: 448.0

++ gcc -std=c99 -Os -DNTRIALS=100 -DBYTES=536870912 -DDO_MEMSET -DDO_RAMDISK '-DRAMDISK_FILE="/mnt/ramdisk/test"' totalrecall.c -o totalrecall.exe
++ set +x
BYTES: 536870912 (512.0 MB, 524288 KB)
memcpy 50.000 GB in 2.546 s, rate: 19.638811 bufsize: 512.0
memset 100.000 GB in 11.606 s, rate: 8.616248 bufsize: 512.0
fwrite 50.000 GB in 5.437 s, rate: 9.196727 bufsize: 512.0

++ gcc -std=c99 -Os -DNTRIALS=100 -DBYTES=805306368 -DDO_MEMSET -DDO_RAMDISK '-DRAMDISK_FILE="/mnt/ramdisk/test"' totalrecall.c -o totalrecall.exe
++ set +x
BYTES: 805306368 (768.0 MB, 786432 KB)
memcpy 75.000 GB in 3.862 s, rate: 19.418657 bufsize: 768.0
memset 150.000 GB in 17.459 s, rate: 8.591714 bufsize: 768.0
fwrite 75.000 GB in 8.156 s, rate: 9.195956 bufsize: 768.0

++ gcc -std=c99 -Os -DNTRIALS=100 -DBYTES=1073741824 -DDO_MEMSET -DDO_RAMDISK '-DRAMDISK_FILE="/mnt/ramdisk/test"' totalrecall.c -o totalrecall.exe
++ set +x
BYTES: 1073741824 (1024.0 MB, 1048576 KB)
memcpy 100.000 GB in 5.164 s, rate: 19.363022 bufsize: 1024.0
memset 200.000 GB in 23.358 s, rate: 8.562505 bufsize: 1024.0
fwrite 100.000 GB in 10.790 s, rate: 9.267597 bufsize: 1024.0

++ gcc -std=c99 -Os -DNTRIALS=100 -DBYTES=1107296256 -DDO_MEMSET -DDO_RAMDISK '-DRAMDISK_FILE="/mnt/ramdisk/test"' totalrecall.c -o totalrecall.exe
++ set +x
BYTES: 1107296256 (1056.0 MB, 1081344 KB)
memcpy 103.125 GB in 5.254 s, rate: 19.629251 bufsize: 1056.0
memset 206.250 GB in 24.101 s, rate: 8.557895 bufsize: 1056.0
fwrite 103.125 GB in 11.187 s, rate: 9.218362 bufsize: 1056.0

++ gcc -std=c99 -Os -DNTRIALS=100 -DBYTES=1140850688 -DDO_MEMSET -DDO_RAMDISK '-DRAMDISK_FILE="/mnt/ramdisk/test"' totalrecall.c -o totalrecall.exe
++ set +x
BYTES: 1140850688 (1088.0 MB, 1114112 KB)
memcpy 106.250 GB in 5.436 s, rate: 19.545830 bufsize: 1088.0
memset 212.500 GB in 24.841 s, rate: 8.554541 bufsize: 1088.0
fwrite 106.250 GB in 11.545 s, rate: 9.202901 bufsize: 1088.0

++ gcc -std=c99 -Os -DNTRIALS=100 -DBYTES=1174405120 -DDO_MEMSET -DDO_RAMDISK '-DRAMDISK_FILE="/mnt/ramdisk/test"' totalrecall.c -o totalrecall.exe
++ set +x
BYTES: 1174405120 (1120.0 MB, 1146880 KB)
memcpy 109.375 GB in 5.597 s, rate: 19.542993 bufsize: 1120.0
memset 218.750 GB in 25.559 s, rate: 8.558528 bufsize: 1120.0
fwrite 109.375 GB in 11.873 s, rate: 9.212236 bufsize: 1120.0

++ gcc -std=c99 -Os -DNTRIALS=100 -DBYTES=1207959552 -DDO_MEMSET -DDO_RAMDISK '-DRAMDISK_FILE="/mnt/ramdisk/test"' totalrecall.c -o totalrecall.exe
++ set +x
BYTES: 1207959552 (1152.0 MB, 1179648 KB)
memcpy 112.500 GB in 5.790 s, rate: 19.431394 bufsize: 1152.0
memset 225.000 GB in 26.293 s, rate: 8.557409 bufsize: 1152.0
fwrite 112.500 GB in 12.191 s, rate: 9.228437 bufsize: 1152.0

++ gcc -std=c99 -Os -DNTRIALS=100 -DBYTES=1241513984 -DDO_MEMSET -DDO_RAMDISK '-DRAMDISK_FILE="/mnt/ramdisk/test"' totalrecall.c -o totalrecall.exe
++ set +x
BYTES: 1241513984 (1184.0 MB, 1212416 KB)
memcpy 115.625 GB in 5.929 s, rate: 19.501079 bufsize: 1184.0
memset 231.250 GB in 27.034 s, rate: 8.554141 bufsize: 1184.0
fwrite 115.625 GB in 12.534 s, rate: 9.224554 bufsize: 1184.0

++ gcc -std=c99 -Os -DNTRIALS=100 -DBYTES=1275068416 -DDO_MEMSET -DDO_RAMDISK '-DRAMDISK_FILE="/mnt/ramdisk/test"' totalrecall.c -o totalrecall.exe
++ set +x
BYTES: 1275068416 (1216.0 MB, 1245184 KB)
memcpy 118.750 GB in 6.108 s, rate: 19.440325 bufsize: 1216.0
memset 237.500 GB in 27.760 s, rate: 8.555594 bufsize: 1216.0
fwrite 118.750 GB in 12.848 s, rate: 9.242369 bufsize: 1216.0

++ gcc -std=c99 -Os -DNTRIALS=100 -DBYTES=1308622848 -DDO_MEMSET -DDO_RAMDISK '-DRAMDISK_FILE="/mnt/ramdisk/test"' totalrecall.c -o totalrecall.exe
++ set +x
BYTES: 1308622848 (1248.0 MB, 1277952 KB)
memcpy 121.875 GB in 6.264 s, rate: 19.457803 bufsize: 1248.0
memset 243.750 GB in 28.487 s, rate: 8.556432 bufsize: 1248.0
fwrite 121.875 GB in 13.232 s, rate: 9.210958 bufsize: 1248.0

++ gcc -std=c99 -Os -DNTRIALS=100 -DBYTES=1342177280 -DDO_MEMSET -DDO_RAMDISK '-DRAMDISK_FILE="/mnt/ramdisk/test"' totalrecall.c -o totalrecall.exe
++ set +x
BYTES: 1342177280 (1280.0 MB, 1310720 KB)
memcpy 125.000 GB in 6.395 s, rate: 19.546441 bufsize: 1280.0
memset 250.000 GB in 29.217 s, rate: 8.556554 bufsize: 1280.0
fwrite 125.000 GB in 13.568 s, rate: 9.213140 bufsize: 1280.0

++ gcc -std=c99 -Os -DNTRIALS=100 -DBYTES=1610612736 -DDO_MEMSET -DDO_RAMDISK '-DRAMDISK_FILE="/mnt/ramdisk/test"' totalrecall.c -o totalrecall.exe
++ set +x
BYTES: 1610612736 (1536.0 MB, 1572864 KB)
memcpy 150.000 GB in 7.637 s, rate: 19.641490 bufsize: 1536.0
memset 300.000 GB in 35.066 s, rate: 8.555401 bufsize: 1536.0
fwrite 150.000 GB in 16.223 s, rate: 9.246301 bufsize: 1536.0

++ gcc -std=c99 -Os -DNTRIALS=100 -DBYTES=1879048192 -DDO_MEMSET -DDO_RAMDISK '-DRAMDISK_FILE="/mnt/ramdisk/test"' totalrecall.c -o totalrecall.exe
++ set +x
BYTES: 1879048192 (1792.0 MB, 1835008 KB)
memcpy 175.000 GB in 8.891 s, rate: 19.682885 bufsize: 1792.0
memset 350.000 GB in 40.900 s, rate: 8.557509 bufsize: 1792.0
fwrite 175.000 GB in 18.954 s, rate: 9.232954 bufsize: 1792.0

++ gcc -std=c99 -Os -DNTRIALS=100 -DBYTES=2147483648 -DDO_MEMSET -DDO_RAMDISK '-DRAMDISK_FILE="/mnt/ramdisk/test"' totalrecall.c -o totalrecall.exe
++ set +x
BYTES: 2147483648 (2048.0 MB, 2097152 KB)
memcpy 200.000 GB in 10.138 s, rate: 19.728469 bufsize: 2048.0
memset 400.000 GB in 46.751 s, rate: 8.555979 bufsize: 2048.0
fwrite 200.000 GB in 21.614 s, rate: 9.253423 bufsize: 2048.0

