++ gcc -std=c99 -O2 -DRT -DDROP_CACHE -DNTRIALS=100 -DBYTES=1048576 -DDO_MEMSET -DDO_RAMDISK '-DRAMDISK_FILE="/mnt/ramdisk/test"' totalrecall.c -o totalrecall.exe
++ set +x
BYTES: 1048576 (1.0 MB, 1024 KB)
memcpy 0.098 GB in 0.027 s, rate: 3.578856 bufsize: 1.0
memset 0.195 GB in 0.028 s, rate: 6.996185 bufsize: 1.0
fwrite 0.098 GB in 0.009 s, rate: 11.098562 bufsize: 1.0

++ gcc -std=c99 -O2 -DRT -DDROP_CACHE -DNTRIALS=100 -DBYTES=2097152 -DDO_MEMSET -DDO_RAMDISK '-DRAMDISK_FILE="/mnt/ramdisk/test"' totalrecall.c -o totalrecall.exe
++ set +x
BYTES: 2097152 (2.0 MB, 2048 KB)
memcpy 0.195 GB in 0.055 s, rate: 3.567352 bufsize: 2.0
memset 0.391 GB in 0.084 s, rate: 4.645265 bufsize: 2.0
fwrite 0.195 GB in 0.018 s, rate: 11.003521 bufsize: 2.0

++ gcc -std=c99 -O2 -DRT -DDROP_CACHE -DNTRIALS=100 -DBYTES=4194304 -DDO_MEMSET -DDO_RAMDISK '-DRAMDISK_FILE="/mnt/ramdisk/test"' totalrecall.c -o totalrecall.exe
++ set +x
BYTES: 4194304 (4.0 MB, 4096 KB)
memcpy 0.391 GB in 0.134 s, rate: 2.924256 bufsize: 4.0
memset 0.781 GB in 0.130 s, rate: 6.027605 bufsize: 4.0
fwrite 0.391 GB in 0.033 s, rate: 11.753069 bufsize: 4.0

++ gcc -std=c99 -O2 -DRT -DDROP_CACHE -DNTRIALS=100 -DBYTES=8388608 -DDO_MEMSET -DDO_RAMDISK '-DRAMDISK_FILE="/mnt/ramdisk/test"' totalrecall.c -o totalrecall.exe
++ set +x
BYTES: 8388608 (8.0 MB, 8192 KB)
memcpy 0.781 GB in 0.290 s, rate: 2.694449 bufsize: 8.0
memset 1.562 GB in 0.245 s, rate: 6.374351 bufsize: 8.0
fwrite 0.781 GB in 0.066 s, rate: 11.926024 bufsize: 8.0

++ gcc -std=c99 -O2 -DRT -DDROP_CACHE -DNTRIALS=100 -DBYTES=16777216 -DDO_MEMSET -DDO_RAMDISK '-DRAMDISK_FILE="/mnt/ramdisk/test"' totalrecall.c -o totalrecall.exe
++ set +x
BYTES: 16777216 (16.0 MB, 16384 KB)
memcpy 1.562 GB in 0.603 s, rate: 2.589343 bufsize: 16.0
memset 3.125 GB in 0.403 s, rate: 7.757750 bufsize: 16.0
fwrite 1.562 GB in 0.132 s, rate: 11.818498 bufsize: 16.0

++ gcc -std=c99 -O2 -DRT -DDROP_CACHE -DNTRIALS=100 -DBYTES=33554432 -DDO_MEMSET -DDO_RAMDISK '-DRAMDISK_FILE="/mnt/ramdisk/test"' totalrecall.c -o totalrecall.exe
++ set +x
BYTES: 33554432 (32.0 MB, 32768 KB)
memcpy 3.125 GB in 0.176 s, rate: 17.719638 bufsize: 32.0
memset 6.250 GB in 0.766 s, rate: 8.160185 bufsize: 32.0
fwrite 3.125 GB in 0.310 s, rate: 10.075542 bufsize: 32.0

++ gcc -std=c99 -O2 -DRT -DDROP_CACHE -DNTRIALS=100 -DBYTES=67108864 -DDO_MEMSET -DDO_RAMDISK '-DRAMDISK_FILE="/mnt/ramdisk/test"' totalrecall.c -o totalrecall.exe
++ set +x
BYTES: 67108864 (64.0 MB, 65536 KB)
memcpy 6.250 GB in 0.341 s, rate: 18.346523 bufsize: 64.0
memset 12.500 GB in 1.493 s, rate: 8.371491 bufsize: 64.0
fwrite 6.250 GB in 0.653 s, rate: 9.571444 bufsize: 64.0

++ gcc -std=c99 -O2 -DRT -DDROP_CACHE -DNTRIALS=100 -DBYTES=71303168 -DDO_MEMSET -DDO_RAMDISK '-DRAMDISK_FILE="/mnt/ramdisk/test"' totalrecall.c -o totalrecall.exe
++ set +x
BYTES: 71303168 (68.0 MB, 69632 KB)
memcpy 6.641 GB in 0.361 s, rate: 18.412475 bufsize: 68.0
memset 13.281 GB in 1.584 s, rate: 8.382765 bufsize: 68.0
fwrite 6.641 GB in 0.695 s, rate: 9.554609 bufsize: 68.0

++ gcc -std=c99 -O2 -DRT -DDROP_CACHE -DNTRIALS=100 -DBYTES=73400320 -DDO_MEMSET -DDO_RAMDISK '-DRAMDISK_FILE="/mnt/ramdisk/test"' totalrecall.c -o totalrecall.exe
++ set +x
BYTES: 73400320 (70.0 MB, 71680 KB)
memcpy 6.836 GB in 0.367 s, rate: 18.601545 bufsize: 70.0
memset 13.672 GB in 1.631 s, rate: 8.380979 bufsize: 70.0
fwrite 6.836 GB in 0.716 s, rate: 9.541216 bufsize: 70.0

++ gcc -std=c99 -O2 -DRT -DDROP_CACHE -DNTRIALS=100 -DBYTES=74448896 -DDO_MEMSET -DDO_RAMDISK '-DRAMDISK_FILE="/mnt/ramdisk/test"' totalrecall.c -o totalrecall.exe
++ set +x
BYTES: 74448896 (71.0 MB, 72704 KB)
memcpy 6.934 GB in 0.376 s, rate: 18.442126 bufsize: 71.0
memset 13.867 GB in 1.664 s, rate: 8.333757 bufsize: 71.0
fwrite 6.934 GB in 0.728 s, rate: 9.523840 bufsize: 71.0

++ gcc -std=c99 -O2 -DRT -DDROP_CACHE -DNTRIALS=100 -DBYTES=75497472 -DDO_MEMSET -DDO_RAMDISK '-DRAMDISK_FILE="/mnt/ramdisk/test"' totalrecall.c -o totalrecall.exe
++ set +x
BYTES: 75497472 (72.0 MB, 73728 KB)
memcpy 7.031 GB in 0.379 s, rate: 18.558672 bufsize: 72.0
memset 14.062 GB in 1.678 s, rate: 8.381716 bufsize: 72.0
fwrite 7.031 GB in 0.743 s, rate: 9.457253 bufsize: 72.0

++ gcc -std=c99 -O2 -DRT -DDROP_CACHE -DNTRIALS=100 -DBYTES=76546048 -DDO_MEMSET -DDO_RAMDISK '-DRAMDISK_FILE="/mnt/ramdisk/test"' totalrecall.c -o totalrecall.exe
++ set +x
BYTES: 76546048 (73.0 MB, 74752 KB)
memcpy 7.129 GB in 0.392 s, rate: 18.187888 bufsize: 73.0
memset 14.258 GB in 1.700 s, rate: 8.386337 bufsize: 73.0
fwrite 7.129 GB in 0.755 s, rate: 9.438372 bufsize: 73.0

++ gcc -std=c99 -O2 -DRT -DDROP_CACHE -DNTRIALS=100 -DBYTES=77594624 -DDO_MEMSET -DDO_RAMDISK '-DRAMDISK_FILE="/mnt/ramdisk/test"' totalrecall.c -o totalrecall.exe
++ set +x
BYTES: 77594624 (74.0 MB, 75776 KB)
memcpy 7.227 GB in 0.388 s, rate: 18.636689 bufsize: 74.0
memset 14.453 GB in 1.720 s, rate: 8.404274 bufsize: 74.0
fwrite 7.227 GB in 0.768 s, rate: 9.412467 bufsize: 74.0

++ gcc -std=c99 -O2 -DRT -DDROP_CACHE -DNTRIALS=100 -DBYTES=79691776 -DDO_MEMSET -DDO_RAMDISK '-DRAMDISK_FILE="/mnt/ramdisk/test"' totalrecall.c -o totalrecall.exe
++ set +x
BYTES: 79691776 (76.0 MB, 77824 KB)
memcpy 7.422 GB in 0.398 s, rate: 18.625044 bufsize: 76.0
memset 14.844 GB in 1.765 s, rate: 8.410304 bufsize: 76.0
fwrite 7.422 GB in 0.787 s, rate: 9.428542 bufsize: 76.0

++ gcc -std=c99 -O2 -DRT -DDROP_CACHE -DNTRIALS=100 -DBYTES=104857600 -DDO_MEMSET -DDO_RAMDISK '-DRAMDISK_FILE="/mnt/ramdisk/test"' totalrecall.c -o totalrecall.exe
++ set +x
BYTES: 104857600 (100.0 MB, 102400 KB)
memcpy 9.766 GB in 0.520 s, rate: 18.795518 bufsize: 100.0
memset 19.531 GB in 2.326 s, rate: 8.397052 bufsize: 100.0
fwrite 9.766 GB in 1.044 s, rate: 9.351118 bufsize: 100.0

++ gcc -std=c99 -O2 -DRT -DDROP_CACHE -DNTRIALS=100 -DBYTES=134217728 -DDO_MEMSET -DDO_RAMDISK '-DRAMDISK_FILE="/mnt/ramdisk/test"' totalrecall.c -o totalrecall.exe
++ set +x
BYTES: 134217728 (128.0 MB, 131072 KB)
memcpy 12.500 GB in 0.674 s, rate: 18.545994 bufsize: 128.0
memset 25.000 GB in 2.943 s, rate: 8.496024 bufsize: 128.0
fwrite 12.500 GB in 1.349 s, rate: 9.267174 bufsize: 128.0

++ gcc -std=c99 -O2 -DRT -DDROP_CACHE -DNTRIALS=100 -DBYTES=167772160 -DDO_MEMSET -DDO_RAMDISK '-DRAMDISK_FILE="/mnt/ramdisk/test"' totalrecall.c -o totalrecall.exe
++ set +x
BYTES: 167772160 (160.0 MB, 163840 KB)
memcpy 15.625 GB in 0.827 s, rate: 18.902437 bufsize: 160.0
memset 31.250 GB in 3.669 s, rate: 8.516940 bufsize: 160.0
fwrite 15.625 GB in 1.687 s, rate: 9.263184 bufsize: 160.0

++ gcc -std=c99 -O2 -DRT -DDROP_CACHE -DNTRIALS=100 -DBYTES=201326592 -DDO_MEMSET -DDO_RAMDISK '-DRAMDISK_FILE="/mnt/ramdisk/test"' totalrecall.c -o totalrecall.exe
++ set +x
BYTES: 201326592 (192.0 MB, 196608 KB)
memcpy 18.750 GB in 0.987 s, rate: 18.994420 bufsize: 192.0
memset 37.500 GB in 4.402 s, rate: 8.518592 bufsize: 192.0
fwrite 18.750 GB in 2.037 s, rate: 9.204970 bufsize: 192.0

++ gcc -std=c99 -O2 -DRT -DDROP_CACHE -DNTRIALS=100 -DBYTES=234881024 -DDO_MEMSET -DDO_RAMDISK '-DRAMDISK_FILE="/mnt/ramdisk/test"' totalrecall.c -o totalrecall.exe
++ set +x
BYTES: 234881024 (224.0 MB, 229376 KB)
memcpy 21.875 GB in 1.147 s, rate: 19.077329 bufsize: 224.0
memset 43.750 GB in 5.133 s, rate: 8.522585 bufsize: 224.0
fwrite 21.875 GB in 2.381 s, rate: 9.186907 bufsize: 224.0

++ gcc -std=c99 -O2 -DRT -DDROP_CACHE -DNTRIALS=100 -DBYTES=268435456 -DDO_MEMSET -DDO_RAMDISK '-DRAMDISK_FILE="/mnt/ramdisk/test"' totalrecall.c -o totalrecall.exe
++ set +x
BYTES: 268435456 (256.0 MB, 262144 KB)
memcpy 25.000 GB in 1.304 s, rate: 19.174852 bufsize: 256.0
memset 50.000 GB in 5.857 s, rate: 8.536616 bufsize: 256.0
fwrite 25.000 GB in 2.727 s, rate: 9.168774 bufsize: 256.0

++ gcc -std=c99 -O2 -DRT -DDROP_CACHE -DNTRIALS=100 -DBYTES=335544320 -DDO_MEMSET -DDO_RAMDISK '-DRAMDISK_FILE="/mnt/ramdisk/test"' totalrecall.c -o totalrecall.exe
++ set +x
BYTES: 335544320 (320.0 MB, 327680 KB)
memcpy 31.250 GB in 1.627 s, rate: 19.210625 bufsize: 320.0
memset 62.500 GB in 7.319 s, rate: 8.539853 bufsize: 320.0
fwrite 31.250 GB in 3.418 s, rate: 9.142434 bufsize: 320.0

++ gcc -std=c99 -O2 -DRT -DDROP_CACHE -DNTRIALS=100 -DBYTES=402653184 -DDO_MEMSET -DDO_RAMDISK '-DRAMDISK_FILE="/mnt/ramdisk/test"' totalrecall.c -o totalrecall.exe
++ set +x
BYTES: 402653184 (384.0 MB, 393216 KB)
memcpy 37.500 GB in 1.953 s, rate: 19.204307 bufsize: 384.0
memset 75.000 GB in 8.762 s, rate: 8.560051 bufsize: 384.0
fwrite 37.500 GB in 4.109 s, rate: 9.125704 bufsize: 384.0

++ gcc -std=c99 -O2 -DRT -DDROP_CACHE -DNTRIALS=100 -DBYTES=469762048 -DDO_MEMSET -DDO_RAMDISK '-DRAMDISK_FILE="/mnt/ramdisk/test"' totalrecall.c -o totalrecall.exe
++ set +x
BYTES: 469762048 (448.0 MB, 458752 KB)
memcpy 43.750 GB in 2.265 s, rate: 19.312919 bufsize: 448.0
memset 87.500 GB in 10.208 s, rate: 8.571758 bufsize: 448.0
fwrite 43.750 GB in 4.794 s, rate: 9.125427 bufsize: 448.0

++ gcc -std=c99 -O2 -DRT -DDROP_CACHE -DNTRIALS=100 -DBYTES=536870912 -DDO_MEMSET -DDO_RAMDISK '-DRAMDISK_FILE="/mnt/ramdisk/test"' totalrecall.c -o totalrecall.exe
++ set +x
BYTES: 536870912 (512.0 MB, 524288 KB)
memcpy 50.000 GB in 2.572 s, rate: 19.443473 bufsize: 512.0
memset 100.000 GB in 11.680 s, rate: 8.561935 bufsize: 512.0
fwrite 50.000 GB in 5.471 s, rate: 9.139515 bufsize: 512.0

++ gcc -std=c99 -O2 -DRT -DDROP_CACHE -DNTRIALS=100 -DBYTES=805306368 -DDO_MEMSET -DDO_RAMDISK '-DRAMDISK_FILE="/mnt/ramdisk/test"' totalrecall.c -o totalrecall.exe
++ set +x
BYTES: 805306368 (768.0 MB, 786432 KB)
memcpy 75.000 GB in 3.863 s, rate: 19.412877 bufsize: 768.0
memset 150.000 GB in 17.534 s, rate: 8.554719 bufsize: 768.0
fwrite 75.000 GB in 8.183 s, rate: 9.165438 bufsize: 768.0

++ gcc -std=c99 -O2 -DRT -DDROP_CACHE -DNTRIALS=100 -DBYTES=1073741824 -DDO_MEMSET -DDO_RAMDISK '-DRAMDISK_FILE="/mnt/ramdisk/test"' totalrecall.c -o totalrecall.exe
++ set +x
BYTES: 1073741824 (1024.0 MB, 1048576 KB)
memcpy 100.000 GB in 5.146 s, rate: 19.431448 bufsize: 1024.0
memset 200.000 GB in 23.382 s, rate: 8.553690 bufsize: 1024.0
fwrite 100.000 GB in 10.874 s, rate: 9.196142 bufsize: 1024.0

++ gcc -std=c99 -O2 -DRT -DDROP_CACHE -DNTRIALS=100 -DBYTES=1107296256 -DDO_MEMSET -DDO_RAMDISK '-DRAMDISK_FILE="/mnt/ramdisk/test"' totalrecall.c -o totalrecall.exe
++ set +x
BYTES: 1107296256 (1056.0 MB, 1081344 KB)
memcpy 103.125 GB in 5.316 s, rate: 19.397441 bufsize: 1056.0
memset 206.250 GB in 24.111 s, rate: 8.554036 bufsize: 1056.0
fwrite 103.125 GB in 11.198 s, rate: 9.209336 bufsize: 1056.0

++ gcc -std=c99 -O2 -DRT -DDROP_CACHE -DNTRIALS=100 -DBYTES=1140850688 -DDO_MEMSET -DDO_RAMDISK '-DRAMDISK_FILE="/mnt/ramdisk/test"' totalrecall.c -o totalrecall.exe
++ set +x
BYTES: 1140850688 (1088.0 MB, 1114112 KB)
memcpy 106.250 GB in 5.478 s, rate: 19.394388 bufsize: 1088.0
memset 212.500 GB in 24.854 s, rate: 8.550002 bufsize: 1088.0
fwrite 106.250 GB in 11.524 s, rate: 9.219800 bufsize: 1088.0

++ gcc -std=c99 -O2 -DRT -DDROP_CACHE -DNTRIALS=100 -DBYTES=1174405120 -DDO_MEMSET -DDO_RAMDISK '-DRAMDISK_FILE="/mnt/ramdisk/test"' totalrecall.c -o totalrecall.exe
++ set +x
BYTES: 1174405120 (1120.0 MB, 1146880 KB)
memcpy 109.375 GB in 5.627 s, rate: 19.437043 bufsize: 1120.0
memset 218.750 GB in 25.594 s, rate: 8.546875 bufsize: 1120.0
fwrite 109.375 GB in 11.864 s, rate: 9.218785 bufsize: 1120.0

++ gcc -std=c99 -O2 -DRT -DDROP_CACHE -DNTRIALS=100 -DBYTES=1207959552 -DDO_MEMSET -DDO_RAMDISK '-DRAMDISK_FILE="/mnt/ramdisk/test"' totalrecall.c -o totalrecall.exe
++ set +x
BYTES: 1207959552 (1152.0 MB, 1179648 KB)
memcpy 112.500 GB in 5.834 s, rate: 19.284476 bufsize: 1152.0
memset 225.000 GB in 26.324 s, rate: 8.547352 bufsize: 1152.0
fwrite 112.500 GB in 12.219 s, rate: 9.207046 bufsize: 1152.0

++ gcc -std=c99 -O2 -DRT -DDROP_CACHE -DNTRIALS=100 -DBYTES=1241513984 -DDO_MEMSET -DDO_RAMDISK '-DRAMDISK_FILE="/mnt/ramdisk/test"' totalrecall.c -o totalrecall.exe
++ set +x
BYTES: 1241513984 (1184.0 MB, 1212416 KB)
memcpy 115.625 GB in 5.958 s, rate: 19.407397 bufsize: 1184.0
memset 231.250 GB in 27.049 s, rate: 8.549265 bufsize: 1184.0
fwrite 115.625 GB in 12.531 s, rate: 9.227374 bufsize: 1184.0

++ gcc -std=c99 -O2 -DRT -DDROP_CACHE -DNTRIALS=100 -DBYTES=1275068416 -DDO_MEMSET -DDO_RAMDISK '-DRAMDISK_FILE="/mnt/ramdisk/test"' totalrecall.c -o totalrecall.exe
++ set +x
BYTES: 1275068416 (1216.0 MB, 1245184 KB)
memcpy 118.750 GB in 6.096 s, rate: 19.480383 bufsize: 1216.0
memset 237.500 GB in 27.779 s, rate: 8.549556 bufsize: 1216.0
fwrite 118.750 GB in 12.900 s, rate: 9.205237 bufsize: 1216.0

++ gcc -std=c99 -O2 -DRT -DDROP_CACHE -DNTRIALS=100 -DBYTES=1308622848 -DDO_MEMSET -DDO_RAMDISK '-DRAMDISK_FILE="/mnt/ramdisk/test"' totalrecall.c -o totalrecall.exe
++ set +x
BYTES: 1308622848 (1248.0 MB, 1277952 KB)
memcpy 121.875 GB in 6.243 s, rate: 19.520942 bufsize: 1248.0
memset 243.750 GB in 28.518 s, rate: 8.547136 bufsize: 1248.0
fwrite 121.875 GB in 13.231 s, rate: 9.211257 bufsize: 1248.0

++ gcc -std=c99 -O2 -DRT -DDROP_CACHE -DNTRIALS=100 -DBYTES=1342177280 -DDO_MEMSET -DDO_RAMDISK '-DRAMDISK_FILE="/mnt/ramdisk/test"' totalrecall.c -o totalrecall.exe
++ set +x
BYTES: 1342177280 (1280.0 MB, 1310720 KB)
memcpy 125.000 GB in 6.400 s, rate: 19.529828 bufsize: 1280.0
memset 250.000 GB in 29.236 s, rate: 8.551108 bufsize: 1280.0
fwrite 125.000 GB in 13.581 s, rate: 9.203715 bufsize: 1280.0

++ gcc -std=c99 -O2 -DRT -DDROP_CACHE -DNTRIALS=100 -DBYTES=1610612736 -DDO_MEMSET -DDO_RAMDISK '-DRAMDISK_FILE="/mnt/ramdisk/test"' totalrecall.c -o totalrecall.exe
++ set +x
BYTES: 1610612736 (1536.0 MB, 1572864 KB)
memcpy 150.000 GB in 7.596 s, rate: 19.747456 bufsize: 1536.0
memset 300.000 GB in 35.078 s, rate: 8.552422 bufsize: 1536.0
fwrite 150.000 GB in 16.276 s, rate: 9.215900 bufsize: 1536.0

++ gcc -std=c99 -O2 -DRT -DDROP_CACHE -DNTRIALS=100 -DBYTES=1879048192 -DDO_MEMSET -DDO_RAMDISK '-DRAMDISK_FILE="/mnt/ramdisk/test"' totalrecall.c -o totalrecall.exe
++ set +x
BYTES: 1879048192 (1792.0 MB, 1835008 KB)
memcpy 175.000 GB in 8.857 s, rate: 19.757297 bufsize: 1792.0
memset 350.000 GB in 40.920 s, rate: 8.553208 bufsize: 1792.0
fwrite 175.000 GB in 18.940 s, rate: 9.239789 bufsize: 1792.0

++ gcc -std=c99 -O2 -DRT -DDROP_CACHE -DNTRIALS=100 -DBYTES=2147483648 -DDO_MEMSET -DDO_RAMDISK '-DRAMDISK_FILE="/mnt/ramdisk/test"' totalrecall.c -o totalrecall.exe
++ set +x
BYTES: 2147483648 (2048.0 MB, 2097152 KB)
memcpy 200.000 GB in 10.065 s, rate: 19.870307 bufsize: 2048.0
memset 400.000 GB in 46.766 s, rate: 8.553234 bufsize: 2048.0
fwrite 200.000 GB in 21.673 s, rate: 9.227970 bufsize: 2048.0

