++ gcc -std=c99 -O2 -DNTRIALS=100 -DBYTES=1048576 -DDO_MEMSET -DDO_RAMDISK '-DRAMDISK_FILE="/mnt/ramdisk/test"' totalrecall.c -o totalrecall.exe
++ set +x
BYTES: 1048576 (1.0 MB, 1024 KB)
memcpy 0.098 GB in 0.027 s, rate: 3.593342 bufsize: 1.0
memset 0.195 GB in 0.028 s, rate: 6.970716 bufsize: 1.0
fwrite 0.098 GB in 0.010 s, rate: 9.799925 bufsize: 1.0

++ gcc -std=c99 -O2 -DNTRIALS=100 -DBYTES=2097152 -DDO_MEMSET -DDO_RAMDISK '-DRAMDISK_FILE="/mnt/ramdisk/test"' totalrecall.c -o totalrecall.exe
++ set +x
BYTES: 2097152 (2.0 MB, 2048 KB)
memcpy 0.195 GB in 0.054 s, rate: 3.591360 bufsize: 2.0
memset 0.391 GB in 0.084 s, rate: 4.632100 bufsize: 2.0
fwrite 0.195 GB in 0.020 s, rate: 9.820127 bufsize: 2.0

++ gcc -std=c99 -O2 -DNTRIALS=100 -DBYTES=4194304 -DDO_MEMSET -DDO_RAMDISK '-DRAMDISK_FILE="/mnt/ramdisk/test"' totalrecall.c -o totalrecall.exe
++ set +x
BYTES: 4194304 (4.0 MB, 4096 KB)
memcpy 0.391 GB in 0.133 s, rate: 2.944669 bufsize: 4.0
memset 0.781 GB in 0.129 s, rate: 6.064428 bufsize: 4.0
fwrite 0.391 GB in 0.036 s, rate: 10.902177 bufsize: 4.0

++ gcc -std=c99 -O2 -DNTRIALS=100 -DBYTES=8388608 -DDO_MEMSET -DDO_RAMDISK '-DRAMDISK_FILE="/mnt/ramdisk/test"' totalrecall.c -o totalrecall.exe
++ set +x
BYTES: 8388608 (8.0 MB, 8192 KB)
memcpy 0.781 GB in 0.289 s, rate: 2.701502 bufsize: 8.0
memset 1.562 GB in 0.218 s, rate: 7.160468 bufsize: 8.0
fwrite 0.781 GB in 0.066 s, rate: 11.854544 bufsize: 8.0

++ gcc -std=c99 -O2 -DNTRIALS=100 -DBYTES=16777216 -DDO_MEMSET -DDO_RAMDISK '-DRAMDISK_FILE="/mnt/ramdisk/test"' totalrecall.c -o totalrecall.exe
++ set +x
BYTES: 16777216 (16.0 MB, 16384 KB)
memcpy 1.562 GB in 0.602 s, rate: 2.596783 bufsize: 16.0
memset 3.125 GB in 0.401 s, rate: 7.798774 bufsize: 16.0
fwrite 1.562 GB in 0.133 s, rate: 11.766256 bufsize: 16.0

++ gcc -std=c99 -O2 -DNTRIALS=100 -DBYTES=33554432 -DDO_MEMSET -DDO_RAMDISK '-DRAMDISK_FILE="/mnt/ramdisk/test"' totalrecall.c -o totalrecall.exe
++ set +x
BYTES: 33554432 (32.0 MB, 32768 KB)
memcpy 3.125 GB in 0.158 s, rate: 19.793013 bufsize: 32.0
memset 6.250 GB in 0.781 s, rate: 8.005605 bufsize: 32.0
fwrite 3.125 GB in 0.304 s, rate: 10.289895 bufsize: 32.0

++ gcc -std=c99 -O2 -DNTRIALS=100 -DBYTES=67108864 -DDO_MEMSET -DDO_RAMDISK '-DRAMDISK_FILE="/mnt/ramdisk/test"' totalrecall.c -o totalrecall.exe
++ set +x
BYTES: 67108864 (64.0 MB, 65536 KB)
memcpy 6.250 GB in 0.311 s, rate: 20.073614 bufsize: 64.0
memset 12.500 GB in 1.493 s, rate: 8.373762 bufsize: 64.0
fwrite 6.250 GB in 0.649 s, rate: 9.629013 bufsize: 64.0

++ gcc -std=c99 -O2 -DNTRIALS=100 -DBYTES=71303168 -DDO_MEMSET -DDO_RAMDISK '-DRAMDISK_FILE="/mnt/ramdisk/test"' totalrecall.c -o totalrecall.exe
++ set +x
BYTES: 71303168 (68.0 MB, 69632 KB)
memcpy 6.641 GB in 0.327 s, rate: 20.320834 bufsize: 68.0
memset 13.281 GB in 1.589 s, rate: 8.358155 bufsize: 68.0
fwrite 6.641 GB in 0.697 s, rate: 9.525895 bufsize: 68.0

++ gcc -std=c99 -O2 -DNTRIALS=100 -DBYTES=73400320 -DDO_MEMSET -DDO_RAMDISK '-DRAMDISK_FILE="/mnt/ramdisk/test"' totalrecall.c -o totalrecall.exe
++ set +x
BYTES: 73400320 (70.0 MB, 71680 KB)
memcpy 6.836 GB in 0.342 s, rate: 20.005495 bufsize: 70.0
memset 13.672 GB in 1.628 s, rate: 8.399836 bufsize: 70.0
fwrite 6.836 GB in 0.718 s, rate: 9.519425 bufsize: 70.0

++ gcc -std=c99 -O2 -DNTRIALS=100 -DBYTES=74448896 -DDO_MEMSET -DDO_RAMDISK '-DRAMDISK_FILE="/mnt/ramdisk/test"' totalrecall.c -o totalrecall.exe
++ set +x
BYTES: 74448896 (71.0 MB, 72704 KB)
memcpy 6.934 GB in 0.347 s, rate: 19.986953 bufsize: 71.0
memset 13.867 GB in 1.659 s, rate: 8.356698 bufsize: 71.0
fwrite 6.934 GB in 0.735 s, rate: 9.437595 bufsize: 71.0

++ gcc -std=c99 -O2 -DNTRIALS=100 -DBYTES=75497472 -DDO_MEMSET -DDO_RAMDISK '-DRAMDISK_FILE="/mnt/ramdisk/test"' totalrecall.c -o totalrecall.exe
++ set +x
BYTES: 75497472 (72.0 MB, 73728 KB)
memcpy 7.031 GB in 0.349 s, rate: 20.134041 bufsize: 72.0
memset 14.062 GB in 1.674 s, rate: 8.402360 bufsize: 72.0
fwrite 7.031 GB in 0.746 s, rate: 9.421808 bufsize: 72.0

++ gcc -std=c99 -O2 -DNTRIALS=100 -DBYTES=76546048 -DDO_MEMSET -DDO_RAMDISK '-DRAMDISK_FILE="/mnt/ramdisk/test"' totalrecall.c -o totalrecall.exe
++ set +x
BYTES: 76546048 (73.0 MB, 74752 KB)
memcpy 7.129 GB in 0.359 s, rate: 19.866587 bufsize: 73.0
memset 14.258 GB in 1.707 s, rate: 8.350819 bufsize: 73.0
fwrite 7.129 GB in 0.756 s, rate: 9.428199 bufsize: 73.0

++ gcc -std=c99 -O2 -DNTRIALS=100 -DBYTES=77594624 -DDO_MEMSET -DDO_RAMDISK '-DRAMDISK_FILE="/mnt/ramdisk/test"' totalrecall.c -o totalrecall.exe
++ set +x
BYTES: 77594624 (74.0 MB, 75776 KB)
memcpy 7.227 GB in 0.372 s, rate: 19.407931 bufsize: 74.0
memset 14.453 GB in 1.719 s, rate: 8.405702 bufsize: 74.0
fwrite 7.227 GB in 0.766 s, rate: 9.430597 bufsize: 74.0

++ gcc -std=c99 -O2 -DNTRIALS=100 -DBYTES=79691776 -DDO_MEMSET -DDO_RAMDISK '-DRAMDISK_FILE="/mnt/ramdisk/test"' totalrecall.c -o totalrecall.exe
++ set +x
BYTES: 79691776 (76.0 MB, 77824 KB)
memcpy 7.422 GB in 0.376 s, rate: 19.735775 bufsize: 76.0
memset 14.844 GB in 1.763 s, rate: 8.417329 bufsize: 76.0
fwrite 7.422 GB in 0.788 s, rate: 9.415349 bufsize: 76.0

++ gcc -std=c99 -O2 -DNTRIALS=100 -DBYTES=104857600 -DDO_MEMSET -DDO_RAMDISK '-DRAMDISK_FILE="/mnt/ramdisk/test"' totalrecall.c -o totalrecall.exe
++ set +x
BYTES: 104857600 (100.0 MB, 102400 KB)
memcpy 9.766 GB in 0.492 s, rate: 19.830492 bufsize: 100.0
memset 19.531 GB in 2.307 s, rate: 8.466324 bufsize: 100.0
fwrite 9.766 GB in 1.042 s, rate: 9.372433 bufsize: 100.0

++ gcc -std=c99 -O2 -DNTRIALS=100 -DBYTES=134217728 -DDO_MEMSET -DDO_RAMDISK '-DRAMDISK_FILE="/mnt/ramdisk/test"' totalrecall.c -o totalrecall.exe
++ set +x
BYTES: 134217728 (128.0 MB, 131072 KB)
memcpy 12.500 GB in 0.628 s, rate: 19.910134 bufsize: 128.0
memset 25.000 GB in 2.942 s, rate: 8.498785 bufsize: 128.0
fwrite 12.500 GB in 1.342 s, rate: 9.314144 bufsize: 128.0

++ gcc -std=c99 -O2 -DNTRIALS=100 -DBYTES=167772160 -DDO_MEMSET -DDO_RAMDISK '-DRAMDISK_FILE="/mnt/ramdisk/test"' totalrecall.c -o totalrecall.exe
++ set +x
BYTES: 167772160 (160.0 MB, 163840 KB)
memcpy 15.625 GB in 0.782 s, rate: 19.976654 bufsize: 160.0
memset 31.250 GB in 3.675 s, rate: 8.503344 bufsize: 160.0
fwrite 15.625 GB in 1.691 s, rate: 9.238439 bufsize: 160.0

++ gcc -std=c99 -O2 -DNTRIALS=100 -DBYTES=201326592 -DDO_MEMSET -DDO_RAMDISK '-DRAMDISK_FILE="/mnt/ramdisk/test"' totalrecall.c -o totalrecall.exe
++ set +x
BYTES: 201326592 (192.0 MB, 196608 KB)
memcpy 18.750 GB in 0.928 s, rate: 20.204763 bufsize: 192.0
memset 37.500 GB in 4.414 s, rate: 8.495440 bufsize: 192.0
fwrite 18.750 GB in 2.032 s, rate: 9.229538 bufsize: 192.0

++ gcc -std=c99 -O2 -DNTRIALS=100 -DBYTES=234881024 -DDO_MEMSET -DDO_RAMDISK '-DRAMDISK_FILE="/mnt/ramdisk/test"' totalrecall.c -o totalrecall.exe
++ set +x
BYTES: 234881024 (224.0 MB, 229376 KB)
memcpy 21.875 GB in 1.084 s, rate: 20.175906 bufsize: 224.0
memset 43.750 GB in 5.133 s, rate: 8.523468 bufsize: 224.0
fwrite 21.875 GB in 2.383 s, rate: 9.177999 bufsize: 224.0

++ gcc -std=c99 -O2 -DNTRIALS=100 -DBYTES=268435456 -DDO_MEMSET -DDO_RAMDISK '-DRAMDISK_FILE="/mnt/ramdisk/test"' totalrecall.c -o totalrecall.exe
++ set +x
BYTES: 268435456 (256.0 MB, 262144 KB)
memcpy 25.000 GB in 1.231 s, rate: 20.311745 bufsize: 256.0
memset 50.000 GB in 5.855 s, rate: 8.539237 bufsize: 256.0
fwrite 25.000 GB in 2.730 s, rate: 9.157187 bufsize: 256.0

++ gcc -std=c99 -O2 -DNTRIALS=100 -DBYTES=335544320 -DDO_MEMSET -DDO_RAMDISK '-DRAMDISK_FILE="/mnt/ramdisk/test"' totalrecall.c -o totalrecall.exe
++ set +x
BYTES: 335544320 (320.0 MB, 327680 KB)
memcpy 31.250 GB in 1.556 s, rate: 20.089900 bufsize: 320.0
memset 62.500 GB in 7.293 s, rate: 8.569594 bufsize: 320.0
fwrite 31.250 GB in 3.410 s, rate: 9.164510 bufsize: 320.0

++ gcc -std=c99 -O2 -DNTRIALS=100 -DBYTES=402653184 -DDO_MEMSET -DDO_RAMDISK '-DRAMDISK_FILE="/mnt/ramdisk/test"' totalrecall.c -o totalrecall.exe
++ set +x
BYTES: 402653184 (384.0 MB, 393216 KB)
memcpy 37.500 GB in 1.876 s, rate: 19.986750 bufsize: 384.0
memset 75.000 GB in 8.764 s, rate: 8.557360 bufsize: 384.0
fwrite 37.500 GB in 4.098 s, rate: 9.149727 bufsize: 384.0

++ gcc -std=c99 -O2 -DNTRIALS=100 -DBYTES=469762048 -DDO_MEMSET -DDO_RAMDISK '-DRAMDISK_FILE="/mnt/ramdisk/test"' totalrecall.c -o totalrecall.exe
++ set +x
BYTES: 469762048 (448.0 MB, 458752 KB)
memcpy 43.750 GB in 2.210 s, rate: 19.794195 bufsize: 448.0
memset 87.500 GB in 10.200 s, rate: 8.578695 bufsize: 448.0
fwrite 43.750 GB in 4.793 s, rate: 9.128173 bufsize: 448.0

++ gcc -std=c99 -O2 -DNTRIALS=100 -DBYTES=536870912 -DDO_MEMSET -DDO_RAMDISK '-DRAMDISK_FILE="/mnt/ramdisk/test"' totalrecall.c -o totalrecall.exe
++ set +x
BYTES: 536870912 (512.0 MB, 524288 KB)
memcpy 50.000 GB in 2.514 s, rate: 19.884811 bufsize: 512.0
memset 100.000 GB in 11.676 s, rate: 8.564618 bufsize: 512.0
fwrite 50.000 GB in 5.455 s, rate: 9.166004 bufsize: 512.0

++ gcc -std=c99 -O2 -DNTRIALS=100 -DBYTES=805306368 -DDO_MEMSET -DDO_RAMDISK '-DRAMDISK_FILE="/mnt/ramdisk/test"' totalrecall.c -o totalrecall.exe
++ set +x
BYTES: 805306368 (768.0 MB, 786432 KB)
memcpy 75.000 GB in 3.813 s, rate: 19.667236 bufsize: 768.0
memset 150.000 GB in 17.387 s, rate: 8.627362 bufsize: 768.0
fwrite 75.000 GB in 8.177 s, rate: 9.171967 bufsize: 768.0

++ gcc -std=c99 -O2 -DNTRIALS=100 -DBYTES=1073741824 -DDO_MEMSET -DDO_RAMDISK '-DRAMDISK_FILE="/mnt/ramdisk/test"' totalrecall.c -o totalrecall.exe
++ set +x
BYTES: 1073741824 (1024.0 MB, 1048576 KB)
memcpy 100.000 GB in 5.119 s, rate: 19.533810 bufsize: 1024.0
memset 200.000 GB in 23.387 s, rate: 8.551715 bufsize: 1024.0
fwrite 100.000 GB in 10.839 s, rate: 9.226147 bufsize: 1024.0

++ gcc -std=c99 -O2 -DNTRIALS=100 -DBYTES=1107296256 -DDO_MEMSET -DDO_RAMDISK '-DRAMDISK_FILE="/mnt/ramdisk/test"' totalrecall.c -o totalrecall.exe
++ set +x
BYTES: 1107296256 (1056.0 MB, 1081344 KB)
memcpy 103.125 GB in 5.306 s, rate: 19.434226 bufsize: 1056.0
memset 206.250 GB in 24.107 s, rate: 8.555598 bufsize: 1056.0
fwrite 103.125 GB in 11.196 s, rate: 9.211073 bufsize: 1056.0

++ gcc -std=c99 -O2 -DNTRIALS=100 -DBYTES=1140850688 -DDO_MEMSET -DDO_RAMDISK '-DRAMDISK_FILE="/mnt/ramdisk/test"' totalrecall.c -o totalrecall.exe
++ set +x
BYTES: 1140850688 (1088.0 MB, 1114112 KB)
memcpy 106.250 GB in 5.441 s, rate: 19.528809 bufsize: 1088.0
memset 212.500 GB in 24.836 s, rate: 8.556176 bufsize: 1088.0
fwrite 106.250 GB in 11.523 s, rate: 9.220927 bufsize: 1088.0

++ gcc -std=c99 -O2 -DNTRIALS=100 -DBYTES=1174405120 -DDO_MEMSET -DDO_RAMDISK '-DRAMDISK_FILE="/mnt/ramdisk/test"' totalrecall.c -o totalrecall.exe
++ set +x
BYTES: 1174405120 (1120.0 MB, 1146880 KB)
memcpy 109.375 GB in 5.619 s, rate: 19.464106 bufsize: 1120.0
memset 218.750 GB in 25.582 s, rate: 8.551089 bufsize: 1120.0
fwrite 109.375 GB in 11.862 s, rate: 9.220914 bufsize: 1120.0

++ gcc -std=c99 -O2 -DNTRIALS=100 -DBYTES=1207959552 -DDO_MEMSET -DDO_RAMDISK '-DRAMDISK_FILE="/mnt/ramdisk/test"' totalrecall.c -o totalrecall.exe
++ set +x
BYTES: 1207959552 (1152.0 MB, 1179648 KB)
memcpy 112.500 GB in 5.813 s, rate: 19.351812 bufsize: 1152.0
memset 225.000 GB in 26.314 s, rate: 8.550715 bufsize: 1152.0
fwrite 112.500 GB in 12.219 s, rate: 9.207214 bufsize: 1152.0

++ gcc -std=c99 -O2 -DNTRIALS=100 -DBYTES=1241513984 -DDO_MEMSET -DDO_RAMDISK '-DRAMDISK_FILE="/mnt/ramdisk/test"' totalrecall.c -o totalrecall.exe
++ set +x
BYTES: 1241513984 (1184.0 MB, 1212416 KB)
memcpy 115.625 GB in 5.913 s, rate: 19.555447 bufsize: 1184.0
memset 231.250 GB in 27.040 s, rate: 8.552233 bufsize: 1184.0
fwrite 115.625 GB in 12.514 s, rate: 9.239611 bufsize: 1184.0

++ gcc -std=c99 -O2 -DNTRIALS=100 -DBYTES=1275068416 -DDO_MEMSET -DDO_RAMDISK '-DRAMDISK_FILE="/mnt/ramdisk/test"' totalrecall.c -o totalrecall.exe
++ set +x
BYTES: 1275068416 (1216.0 MB, 1245184 KB)
memcpy 118.750 GB in 6.109 s, rate: 19.438858 bufsize: 1216.0
memset 237.500 GB in 27.765 s, rate: 8.553871 bufsize: 1216.0
fwrite 118.750 GB in 12.880 s, rate: 9.219476 bufsize: 1216.0

++ gcc -std=c99 -O2 -DNTRIALS=100 -DBYTES=1308622848 -DDO_MEMSET -DDO_RAMDISK '-DRAMDISK_FILE="/mnt/ramdisk/test"' totalrecall.c -o totalrecall.exe
++ set +x
BYTES: 1308622848 (1248.0 MB, 1277952 KB)
memcpy 121.875 GB in 6.243 s, rate: 19.522668 bufsize: 1248.0
memset 243.750 GB in 28.493 s, rate: 8.554779 bufsize: 1248.0
fwrite 121.875 GB in 13.218 s, rate: 9.220218 bufsize: 1248.0

++ gcc -std=c99 -O2 -DNTRIALS=100 -DBYTES=1342177280 -DDO_MEMSET -DDO_RAMDISK '-DRAMDISK_FILE="/mnt/ramdisk/test"' totalrecall.c -o totalrecall.exe
++ set +x
BYTES: 1342177280 (1280.0 MB, 1310720 KB)
memcpy 125.000 GB in 6.383 s, rate: 19.583038 bufsize: 1280.0
memset 250.000 GB in 29.236 s, rate: 8.550969 bufsize: 1280.0
fwrite 125.000 GB in 13.538 s, rate: 9.233582 bufsize: 1280.0

++ gcc -std=c99 -O2 -DNTRIALS=100 -DBYTES=1610612736 -DDO_MEMSET -DDO_RAMDISK '-DRAMDISK_FILE="/mnt/ramdisk/test"' totalrecall.c -o totalrecall.exe
++ set +x
BYTES: 1610612736 (1536.0 MB, 1572864 KB)
memcpy 150.000 GB in 7.647 s, rate: 19.616785 bufsize: 1536.0
memset 300.000 GB in 35.067 s, rate: 8.555133 bufsize: 1536.0
fwrite 150.000 GB in 16.241 s, rate: 9.236036 bufsize: 1536.0

++ gcc -std=c99 -O2 -DNTRIALS=100 -DBYTES=1879048192 -DDO_MEMSET -DDO_RAMDISK '-DRAMDISK_FILE="/mnt/ramdisk/test"' totalrecall.c -o totalrecall.exe
++ set +x
BYTES: 1879048192 (1792.0 MB, 1835008 KB)
memcpy 175.000 GB in 8.849 s, rate: 19.776011 bufsize: 1792.0
memset 350.000 GB in 40.907 s, rate: 8.556054 bufsize: 1792.0
fwrite 175.000 GB in 18.889 s, rate: 9.264691 bufsize: 1792.0

++ gcc -std=c99 -O2 -DNTRIALS=100 -DBYTES=2147483648 -DDO_MEMSET -DDO_RAMDISK '-DRAMDISK_FILE="/mnt/ramdisk/test"' totalrecall.c -o totalrecall.exe
++ set +x
BYTES: 2147483648 (2048.0 MB, 2097152 KB)
memcpy 200.000 GB in 10.114 s, rate: 19.773897 bufsize: 2048.0
memset 400.000 GB in 46.751 s, rate: 8.555953 bufsize: 2048.0
fwrite 200.000 GB in 21.615 s, rate: 9.252857 bufsize: 2048.0

