++ gcc -std=c99 -DRT -O2 -DDROP_CACHE -DNTRIALS=100 -DBYTES=1048576 -DDO_MEMSET -DDO_RAMDISK '-DRAMDISK_FILE="/mnt/ramdisk/test"' totalrecall.c -o totalrecall.exe
++ set +x
BYTES: 1048576 (1.0 MB, 1024 KB)
memcpy 0.098 GB in 0.009 s, rate: 10.689169 bufsize: 1.0
memset 0.195 GB in 0.023 s, rate: 8.554706 bufsize: 1.0
fwrite 0.098 GB in 0.007 s, rate: 14.586445 bufsize: 1.0

++ gcc -std=c99 -DRT -O2 -DDROP_CACHE -DNTRIALS=100 -DBYTES=2097152 -DDO_MEMSET -DDO_RAMDISK '-DRAMDISK_FILE="/mnt/ramdisk/test"' totalrecall.c -o totalrecall.exe
++ set +x
BYTES: 2097152 (2.0 MB, 2048 KB)
memcpy 0.195 GB in 0.018 s, rate: 10.709684 bufsize: 2.0
memset 0.391 GB in 0.047 s, rate: 8.272273 bufsize: 2.0
fwrite 0.195 GB in 0.013 s, rate: 14.893434 bufsize: 2.0

++ gcc -std=c99 -DRT -O2 -DDROP_CACHE -DNTRIALS=100 -DBYTES=4194304 -DDO_MEMSET -DDO_RAMDISK '-DRAMDISK_FILE="/mnt/ramdisk/test"' totalrecall.c -o totalrecall.exe
++ set +x
BYTES: 4194304 (4.0 MB, 4096 KB)
memcpy 0.391 GB in 0.035 s, rate: 11.038034 bufsize: 4.0
memset 0.781 GB in 0.061 s, rate: 12.738256 bufsize: 4.0
fwrite 0.391 GB in 0.026 s, rate: 14.978527 bufsize: 4.0

++ gcc -std=c99 -DRT -O2 -DDROP_CACHE -DNTRIALS=100 -DBYTES=8388608 -DDO_MEMSET -DDO_RAMDISK '-DRAMDISK_FILE="/mnt/ramdisk/test"' totalrecall.c -o totalrecall.exe
++ set +x
BYTES: 8388608 (8.0 MB, 8192 KB)
memcpy 0.781 GB in 0.072 s, rate: 10.835044 bufsize: 8.0
memset 1.562 GB in 0.113 s, rate: 13.773437 bufsize: 8.0
fwrite 0.781 GB in 0.058 s, rate: 13.412247 bufsize: 8.0

++ gcc -std=c99 -DRT -O2 -DDROP_CACHE -DNTRIALS=100 -DBYTES=16777216 -DDO_MEMSET -DDO_RAMDISK '-DRAMDISK_FILE="/mnt/ramdisk/test"' totalrecall.c -o totalrecall.exe
++ set +x
BYTES: 16777216 (16.0 MB, 16384 KB)
memcpy 1.562 GB in 0.164 s, rate: 9.502524 bufsize: 16.0
memset 3.125 GB in 0.263 s, rate: 11.884343 bufsize: 16.0
fwrite 1.562 GB in 0.234 s, rate: 6.685579 bufsize: 16.0

++ gcc -std=c99 -DRT -O2 -DDROP_CACHE -DNTRIALS=100 -DBYTES=33554432 -DDO_MEMSET -DDO_RAMDISK '-DRAMDISK_FILE="/mnt/ramdisk/test"' totalrecall.c -o totalrecall.exe
++ set +x
BYTES: 33554432 (32.0 MB, 32768 KB)
memcpy 3.125 GB in 0.313 s, rate: 9.991112 bufsize: 32.0
memset 6.250 GB in 0.629 s, rate: 9.935665 bufsize: 32.0
fwrite 3.125 GB in 0.509 s, rate: 6.135463 bufsize: 32.0

++ gcc -std=c99 -DRT -O2 -DDROP_CACHE -DNTRIALS=100 -DBYTES=67108864 -DDO_MEMSET -DDO_RAMDISK '-DRAMDISK_FILE="/mnt/ramdisk/test"' totalrecall.c -o totalrecall.exe
++ set +x
BYTES: 67108864 (64.0 MB, 65536 KB)
memcpy 6.250 GB in 0.640 s, rate: 9.758840 bufsize: 64.0
memset 12.500 GB in 1.243 s, rate: 10.058395 bufsize: 64.0
fwrite 6.250 GB in 1.021 s, rate: 6.123723 bufsize: 64.0

++ gcc -std=c99 -DRT -O2 -DDROP_CACHE -DNTRIALS=100 -DBYTES=71303168 -DDO_MEMSET -DDO_RAMDISK '-DRAMDISK_FILE="/mnt/ramdisk/test"' totalrecall.c -o totalrecall.exe
++ set +x
BYTES: 71303168 (68.0 MB, 69632 KB)
memcpy 6.641 GB in 0.681 s, rate: 9.757188 bufsize: 68.0
memset 13.281 GB in 1.317 s, rate: 10.086127 bufsize: 68.0
fwrite 6.641 GB in 1.086 s, rate: 6.116085 bufsize: 68.0

++ gcc -std=c99 -DRT -O2 -DDROP_CACHE -DNTRIALS=100 -DBYTES=73400320 -DDO_MEMSET -DDO_RAMDISK '-DRAMDISK_FILE="/mnt/ramdisk/test"' totalrecall.c -o totalrecall.exe
++ set +x
BYTES: 73400320 (70.0 MB, 71680 KB)
memcpy 6.836 GB in 0.684 s, rate: 9.997262 bufsize: 70.0
memset 13.672 GB in 1.344 s, rate: 10.173828 bufsize: 70.0
fwrite 6.836 GB in 1.120 s, rate: 6.101266 bufsize: 70.0

++ gcc -std=c99 -DRT -O2 -DDROP_CACHE -DNTRIALS=100 -DBYTES=74448896 -DDO_MEMSET -DDO_RAMDISK '-DRAMDISK_FILE="/mnt/ramdisk/test"' totalrecall.c -o totalrecall.exe
++ set +x
BYTES: 74448896 (71.0 MB, 72704 KB)
memcpy 6.934 GB in 0.695 s, rate: 9.973079 bufsize: 71.0
memset 13.867 GB in 1.366 s, rate: 10.148131 bufsize: 71.0
fwrite 6.934 GB in 1.130 s, rate: 6.134127 bufsize: 71.0

++ gcc -std=c99 -DRT -O2 -DDROP_CACHE -DNTRIALS=100 -DBYTES=75497472 -DDO_MEMSET -DDO_RAMDISK '-DRAMDISK_FILE="/mnt/ramdisk/test"' totalrecall.c -o totalrecall.exe
++ set +x
BYTES: 75497472 (72.0 MB, 73728 KB)
memcpy 7.031 GB in 0.713 s, rate: 9.867244 bufsize: 72.0
memset 14.062 GB in 1.384 s, rate: 10.159657 bufsize: 72.0
fwrite 7.031 GB in 1.148 s, rate: 6.126687 bufsize: 72.0

++ gcc -std=c99 -DRT -O2 -DDROP_CACHE -DNTRIALS=100 -DBYTES=76546048 -DDO_MEMSET -DDO_RAMDISK '-DRAMDISK_FILE="/mnt/ramdisk/test"' totalrecall.c -o totalrecall.exe
++ set +x
BYTES: 76546048 (73.0 MB, 74752 KB)
memcpy 7.129 GB in 0.407 s, rate: 17.509889 bufsize: 73.0
memset 14.258 GB in 1.407 s, rate: 10.134478 bufsize: 73.0
fwrite 7.129 GB in 1.171 s, rate: 6.085665 bufsize: 73.0

++ gcc -std=c99 -DRT -O2 -DDROP_CACHE -DNTRIALS=100 -DBYTES=77594624 -DDO_MEMSET -DDO_RAMDISK '-DRAMDISK_FILE="/mnt/ramdisk/test"' totalrecall.c -o totalrecall.exe
++ set +x
BYTES: 77594624 (74.0 MB, 75776 KB)
memcpy 7.227 GB in 0.404 s, rate: 17.900425 bufsize: 74.0
memset 14.453 GB in 1.422 s, rate: 10.160848 bufsize: 74.0
fwrite 7.227 GB in 1.179 s, rate: 6.129036 bufsize: 74.0

++ gcc -std=c99 -DRT -O2 -DDROP_CACHE -DNTRIALS=100 -DBYTES=79691776 -DDO_MEMSET -DDO_RAMDISK '-DRAMDISK_FILE="/mnt/ramdisk/test"' totalrecall.c -o totalrecall.exe
++ set +x
BYTES: 79691776 (76.0 MB, 77824 KB)
memcpy 7.422 GB in 0.417 s, rate: 17.802018 bufsize: 76.0
memset 14.844 GB in 1.465 s, rate: 10.131022 bufsize: 76.0
fwrite 7.422 GB in 1.208 s, rate: 6.145966 bufsize: 76.0

++ gcc -std=c99 -DRT -O2 -DDROP_CACHE -DNTRIALS=100 -DBYTES=104857600 -DDO_MEMSET -DDO_RAMDISK '-DRAMDISK_FILE="/mnt/ramdisk/test"' totalrecall.c -o totalrecall.exe
++ set +x
BYTES: 104857600 (100.0 MB, 102400 KB)
memcpy 9.766 GB in 0.547 s, rate: 17.844776 bufsize: 100.0
memset 19.531 GB in 1.905 s, rate: 10.254353 bufsize: 100.0
fwrite 9.766 GB in 1.592 s, rate: 6.132573 bufsize: 100.0

++ gcc -std=c99 -DRT -O2 -DDROP_CACHE -DNTRIALS=100 -DBYTES=134217728 -DDO_MEMSET -DDO_RAMDISK '-DRAMDISK_FILE="/mnt/ramdisk/test"' totalrecall.c -o totalrecall.exe
++ set +x
BYTES: 134217728 (128.0 MB, 131072 KB)
memcpy 12.500 GB in 0.698 s, rate: 17.897130 bufsize: 128.0
memset 25.000 GB in 2.423 s, rate: 10.317860 bufsize: 128.0
fwrite 12.500 GB in 2.032 s, rate: 6.150682 bufsize: 128.0

++ gcc -std=c99 -DRT -O2 -DDROP_CACHE -DNTRIALS=100 -DBYTES=167772160 -DDO_MEMSET -DDO_RAMDISK '-DRAMDISK_FILE="/mnt/ramdisk/test"' totalrecall.c -o totalrecall.exe
++ set +x
BYTES: 167772160 (160.0 MB, 163840 KB)
memcpy 15.625 GB in 0.869 s, rate: 17.979092 bufsize: 160.0
memset 31.250 GB in 3.027 s, rate: 10.322801 bufsize: 160.0
fwrite 15.625 GB in 2.549 s, rate: 6.130204 bufsize: 160.0

++ gcc -std=c99 -DRT -O2 -DDROP_CACHE -DNTRIALS=100 -DBYTES=201326592 -DDO_MEMSET -DDO_RAMDISK '-DRAMDISK_FILE="/mnt/ramdisk/test"' totalrecall.c -o totalrecall.exe
++ set +x
BYTES: 201326592 (192.0 MB, 196608 KB)
memcpy 18.750 GB in 1.052 s, rate: 17.817977 bufsize: 192.0
memset 37.500 GB in 3.631 s, rate: 10.327890 bufsize: 192.0
fwrite 18.750 GB in 3.051 s, rate: 6.145794 bufsize: 192.0

++ gcc -std=c99 -DRT -O2 -DDROP_CACHE -DNTRIALS=100 -DBYTES=234881024 -DDO_MEMSET -DDO_RAMDISK '-DRAMDISK_FILE="/mnt/ramdisk/test"' totalrecall.c -o totalrecall.exe
++ set +x
BYTES: 234881024 (224.0 MB, 229376 KB)
memcpy 21.875 GB in 1.244 s, rate: 17.581805 bufsize: 224.0
memset 43.750 GB in 4.220 s, rate: 10.368198 bufsize: 224.0
fwrite 21.875 GB in 3.565 s, rate: 6.135487 bufsize: 224.0

++ gcc -std=c99 -DRT -O2 -DDROP_CACHE -DNTRIALS=100 -DBYTES=268435456 -DDO_MEMSET -DDO_RAMDISK '-DRAMDISK_FILE="/mnt/ramdisk/test"' totalrecall.c -o totalrecall.exe
++ set +x
BYTES: 268435456 (256.0 MB, 262144 KB)
memcpy 25.000 GB in 1.420 s, rate: 17.603229 bufsize: 256.0
memset 50.000 GB in 4.823 s, rate: 10.366757 bufsize: 256.0
fwrite 25.000 GB in 4.069 s, rate: 6.144215 bufsize: 256.0

++ gcc -std=c99 -DRT -O2 -DDROP_CACHE -DNTRIALS=100 -DBYTES=335544320 -DDO_MEMSET -DDO_RAMDISK '-DRAMDISK_FILE="/mnt/ramdisk/test"' totalrecall.c -o totalrecall.exe
++ set +x
BYTES: 335544320 (320.0 MB, 327680 KB)
memcpy 31.250 GB in 1.757 s, rate: 17.788743 bufsize: 320.0
memset 62.500 GB in 6.012 s, rate: 10.396190 bufsize: 320.0
fwrite 31.250 GB in 5.102 s, rate: 6.124857 bufsize: 320.0

++ gcc -std=c99 -DRT -O2 -DDROP_CACHE -DNTRIALS=100 -DBYTES=402653184 -DDO_MEMSET -DDO_RAMDISK '-DRAMDISK_FILE="/mnt/ramdisk/test"' totalrecall.c -o totalrecall.exe
++ set +x
BYTES: 402653184 (384.0 MB, 393216 KB)
memcpy 37.500 GB in 2.089 s, rate: 17.947058 bufsize: 384.0
memset 75.000 GB in 7.195 s, rate: 10.424336 bufsize: 384.0
fwrite 37.500 GB in 6.117 s, rate: 6.130693 bufsize: 384.0

++ gcc -std=c99 -DRT -O2 -DDROP_CACHE -DNTRIALS=100 -DBYTES=469762048 -DDO_MEMSET -DDO_RAMDISK '-DRAMDISK_FILE="/mnt/ramdisk/test"' totalrecall.c -o totalrecall.exe
++ set +x
BYTES: 469762048 (448.0 MB, 458752 KB)
memcpy 43.750 GB in 2.450 s, rate: 17.854804 bufsize: 448.0
memset 87.500 GB in 8.416 s, rate: 10.397233 bufsize: 448.0
fwrite 43.750 GB in 7.114 s, rate: 6.149782 bufsize: 448.0

++ gcc -std=c99 -DRT -O2 -DDROP_CACHE -DNTRIALS=100 -DBYTES=536870912 -DDO_MEMSET -DDO_RAMDISK '-DRAMDISK_FILE="/mnt/ramdisk/test"' totalrecall.c -o totalrecall.exe
++ set +x
BYTES: 536870912 (512.0 MB, 524288 KB)
memcpy 50.000 GB in 2.832 s, rate: 17.654893 bufsize: 512.0
memset 100.000 GB in 9.583 s, rate: 10.435636 bufsize: 512.0
fwrite 50.000 GB in 8.072 s, rate: 6.193928 bufsize: 512.0

++ gcc -std=c99 -DRT -O2 -DDROP_CACHE -DNTRIALS=100 -DBYTES=805306368 -DDO_MEMSET -DDO_RAMDISK '-DRAMDISK_FILE="/mnt/ramdisk/test"' totalrecall.c -o totalrecall.exe
++ set +x
BYTES: 805306368 (768.0 MB, 786432 KB)
memcpy 75.000 GB in 4.221 s, rate: 17.768617 bufsize: 768.0
memset 150.000 GB in 14.369 s, rate: 10.439305 bufsize: 768.0
fwrite 75.000 GB in 12.238 s, rate: 6.128287 bufsize: 768.0

++ gcc -std=c99 -DRT -O2 -DDROP_CACHE -DNTRIALS=100 -DBYTES=1073741824 -DDO_MEMSET -DDO_RAMDISK '-DRAMDISK_FILE="/mnt/ramdisk/test"' totalrecall.c -o totalrecall.exe
++ set +x
BYTES: 1073741824 (1024.0 MB, 1048576 KB)
memcpy 100.000 GB in 5.624 s, rate: 17.779526 bufsize: 1024.0
memset 200.000 GB in 19.157 s, rate: 10.439794 bufsize: 1024.0
fwrite 100.000 GB in 16.266 s, rate: 6.147969 bufsize: 1024.0

++ gcc -std=c99 -DRT -O2 -DDROP_CACHE -DNTRIALS=100 -DBYTES=1107296256 -DDO_MEMSET -DDO_RAMDISK '-DRAMDISK_FILE="/mnt/ramdisk/test"' totalrecall.c -o totalrecall.exe
++ set +x
BYTES: 1107296256 (1056.0 MB, 1081344 KB)
memcpy 103.125 GB in 5.788 s, rate: 17.816453 bufsize: 1056.0
memset 206.250 GB in 19.749 s, rate: 10.443648 bufsize: 1056.0
fwrite 103.125 GB in 16.770 s, rate: 6.149286 bufsize: 1056.0

++ gcc -std=c99 -DRT -O2 -DDROP_CACHE -DNTRIALS=100 -DBYTES=1140850688 -DDO_MEMSET -DDO_RAMDISK '-DRAMDISK_FILE="/mnt/ramdisk/test"' totalrecall.c -o totalrecall.exe
++ set +x
BYTES: 1140850688 (1088.0 MB, 1114112 KB)
memcpy 106.250 GB in 6.060 s, rate: 17.534323 bufsize: 1088.0
memset 212.500 GB in 20.334 s, rate: 10.450260 bufsize: 1088.0
fwrite 106.250 GB in 17.261 s, rate: 6.155633 bufsize: 1088.0

++ gcc -std=c99 -DRT -O2 -DDROP_CACHE -DNTRIALS=100 -DBYTES=1174405120 -DDO_MEMSET -DDO_RAMDISK '-DRAMDISK_FILE="/mnt/ramdisk/test"' totalrecall.c -o totalrecall.exe
++ set +x
BYTES: 1174405120 (1120.0 MB, 1146880 KB)
memcpy 109.375 GB in 6.165 s, rate: 17.740533 bufsize: 1120.0
memset 218.750 GB in 20.931 s, rate: 10.450837 bufsize: 1120.0
fwrite 109.375 GB in 17.792 s, rate: 6.147505 bufsize: 1120.0

++ gcc -std=c99 -DRT -O2 -DDROP_CACHE -DNTRIALS=100 -DBYTES=1207959552 -DDO_MEMSET -DDO_RAMDISK '-DRAMDISK_FILE="/mnt/ramdisk/test"' totalrecall.c -o totalrecall.exe
++ set +x
BYTES: 1207959552 (1152.0 MB, 1179648 KB)
memcpy 112.500 GB in 6.240 s, rate: 18.029973 bufsize: 1152.0
memset 225.000 GB in 21.541 s, rate: 10.444981 bufsize: 1152.0
fwrite 112.500 GB in 18.273 s, rate: 6.156778 bufsize: 1152.0

++ gcc -std=c99 -DRT -O2 -DDROP_CACHE -DNTRIALS=100 -DBYTES=1241513984 -DDO_MEMSET -DDO_RAMDISK '-DRAMDISK_FILE="/mnt/ramdisk/test"' totalrecall.c -o totalrecall.exe
++ set +x
BYTES: 1241513984 (1184.0 MB, 1212416 KB)
memcpy 115.625 GB in 6.486 s, rate: 17.826863 bufsize: 1184.0
memset 231.250 GB in 22.122 s, rate: 10.453176 bufsize: 1184.0
fwrite 115.625 GB in 18.753 s, rate: 6.165571 bufsize: 1184.0

++ gcc -std=c99 -DRT -O2 -DDROP_CACHE -DNTRIALS=100 -DBYTES=1275068416 -DDO_MEMSET -DDO_RAMDISK '-DRAMDISK_FILE="/mnt/ramdisk/test"' totalrecall.c -o totalrecall.exe
++ set +x
BYTES: 1275068416 (1216.0 MB, 1245184 KB)
memcpy 118.750 GB in 6.717 s, rate: 17.678242 bufsize: 1216.0
memset 237.500 GB in 22.717 s, rate: 10.454726 bufsize: 1216.0
fwrite 118.750 GB in 19.243 s, rate: 6.171030 bufsize: 1216.0

++ gcc -std=c99 -DRT -O2 -DDROP_CACHE -DNTRIALS=100 -DBYTES=1308622848 -DDO_MEMSET -DDO_RAMDISK '-DRAMDISK_FILE="/mnt/ramdisk/test"' totalrecall.c -o totalrecall.exe
++ set +x
BYTES: 1308622848 (1248.0 MB, 1277952 KB)
memcpy 121.875 GB in 6.863 s, rate: 17.759079 bufsize: 1248.0
memset 243.750 GB in 23.330 s, rate: 10.447746 bufsize: 1248.0
fwrite 121.875 GB in 19.794 s, rate: 6.157103 bufsize: 1248.0

++ gcc -std=c99 -DRT -O2 -DDROP_CACHE -DNTRIALS=100 -DBYTES=1342177280 -DDO_MEMSET -DDO_RAMDISK '-DRAMDISK_FILE="/mnt/ramdisk/test"' totalrecall.c -o totalrecall.exe
++ set +x
BYTES: 1342177280 (1280.0 MB, 1310720 KB)
memcpy 125.000 GB in 7.044 s, rate: 17.745350 bufsize: 1280.0
memset 250.000 GB in 23.891 s, rate: 10.464145 bufsize: 1280.0
fwrite 125.000 GB in 20.282 s, rate: 6.162975 bufsize: 1280.0

++ gcc -std=c99 -DRT -O2 -DDROP_CACHE -DNTRIALS=100 -DBYTES=1610612736 -DDO_MEMSET -DDO_RAMDISK '-DRAMDISK_FILE="/mnt/ramdisk/test"' totalrecall.c -o totalrecall.exe
++ set +x
BYTES: 1610612736 (1536.0 MB, 1572864 KB)
memcpy 150.000 GB in 8.450 s, rate: 17.751750 bufsize: 1536.0
memset 300.000 GB in 28.635 s, rate: 10.476715 bufsize: 1536.0
fwrite 150.000 GB in 24.359 s, rate: 6.157990 bufsize: 1536.0

++ gcc -std=c99 -DRT -O2 -DDROP_CACHE -DNTRIALS=100 -DBYTES=1879048192 -DDO_MEMSET -DDO_RAMDISK '-DRAMDISK_FILE="/mnt/ramdisk/test"' totalrecall.c -o totalrecall.exe
++ set +x
BYTES: 1879048192 (1792.0 MB, 1835008 KB)
memcpy 175.000 GB in 9.842 s, rate: 17.780400 bufsize: 1792.0
memset 350.000 GB in 33.338 s, rate: 10.498485 bufsize: 1792.0
fwrite 175.000 GB in 28.413 s, rate: 6.159258 bufsize: 1792.0

++ gcc -std=c99 -DRT -O2 -DDROP_CACHE -DNTRIALS=100 -DBYTES=2147483648 -DDO_MEMSET -DDO_RAMDISK '-DRAMDISK_FILE="/mnt/ramdisk/test"' totalrecall.c -o totalrecall.exe
++ set +x
BYTES: 2147483648 (2048.0 MB, 2097152 KB)
memcpy 200.000 GB in 11.256 s, rate: 17.768263 bufsize: 2048.0
memset 400.000 GB in 38.076 s, rate: 10.505302 bufsize: 2048.0
fwrite 200.000 GB in 32.480 s, rate: 6.157566 bufsize: 2048.0

