++ gcc -std=c99 -DRT -O2 -DNTRIALS=100 -DBYTES=1048576 -DDO_MEMSET -DDO_RAMDISK '-DRAMDISK_FILE="/mnt/ramdisk/test"' totalrecall.c -o totalrecall.exe
++ set +x
BYTES: 1048576 (1.0 MB, 1024 KB)
memcpy 0.098 GB in 0.002 s, rate: 47.753667 bufsize: 1.0
memset 0.195 GB in 0.023 s, rate: 8.663613 bufsize: 1.0
fwrite 0.098 GB in 0.007 s, rate: 14.647705 bufsize: 1.0

++ gcc -std=c99 -DRT -O2 -DNTRIALS=100 -DBYTES=2097152 -DDO_MEMSET -DDO_RAMDISK '-DRAMDISK_FILE="/mnt/ramdisk/test"' totalrecall.c -o totalrecall.exe
++ set +x
BYTES: 2097152 (2.0 MB, 2048 KB)
memcpy 0.195 GB in 0.004 s, rate: 47.233978 bufsize: 2.0
memset 0.391 GB in 0.047 s, rate: 8.277181 bufsize: 2.0
fwrite 0.195 GB in 0.013 s, rate: 14.879819 bufsize: 2.0

++ gcc -std=c99 -DRT -O2 -DNTRIALS=100 -DBYTES=4194304 -DDO_MEMSET -DDO_RAMDISK '-DRAMDISK_FILE="/mnt/ramdisk/test"' totalrecall.c -o totalrecall.exe
++ set +x
BYTES: 4194304 (4.0 MB, 4096 KB)
memcpy 0.391 GB in 0.009 s, rate: 43.480076 bufsize: 4.0
memset 0.781 GB in 0.060 s, rate: 12.975850 bufsize: 4.0
fwrite 0.391 GB in 0.026 s, rate: 14.955015 bufsize: 4.0

++ gcc -std=c99 -DRT -O2 -DNTRIALS=100 -DBYTES=8388608 -DDO_MEMSET -DDO_RAMDISK '-DRAMDISK_FILE="/mnt/ramdisk/test"' totalrecall.c -o totalrecall.exe
++ set +x
BYTES: 8388608 (8.0 MB, 8192 KB)
memcpy 0.781 GB in 0.034 s, rate: 23.045723 bufsize: 8.0
memset 1.562 GB in 0.115 s, rate: 13.537867 bufsize: 8.0
fwrite 0.781 GB in 0.059 s, rate: 13.185877 bufsize: 8.0

++ gcc -std=c99 -DRT -O2 -DNTRIALS=100 -DBYTES=16777216 -DDO_MEMSET -DDO_RAMDISK '-DRAMDISK_FILE="/mnt/ramdisk/test"' totalrecall.c -o totalrecall.exe
++ set +x
BYTES: 16777216 (16.0 MB, 16384 KB)
memcpy 1.562 GB in 0.149 s, rate: 10.516149 bufsize: 16.0
memset 3.125 GB in 0.262 s, rate: 11.930532 bufsize: 16.0
fwrite 1.562 GB in 0.240 s, rate: 6.501829 bufsize: 16.0

++ gcc -std=c99 -DRT -O2 -DNTRIALS=100 -DBYTES=33554432 -DDO_MEMSET -DDO_RAMDISK '-DRAMDISK_FILE="/mnt/ramdisk/test"' totalrecall.c -o totalrecall.exe
++ set +x
BYTES: 33554432 (32.0 MB, 32768 KB)
memcpy 3.125 GB in 0.359 s, rate: 8.715782 bufsize: 32.0
memset 6.250 GB in 0.609 s, rate: 10.264344 bufsize: 32.0
fwrite 3.125 GB in 0.512 s, rate: 6.101978 bufsize: 32.0

++ gcc -std=c99 -DRT -O2 -DNTRIALS=100 -DBYTES=67108864 -DDO_MEMSET -DDO_RAMDISK '-DRAMDISK_FILE="/mnt/ramdisk/test"' totalrecall.c -o totalrecall.exe
++ set +x
BYTES: 67108864 (64.0 MB, 65536 KB)
memcpy 6.250 GB in 0.674 s, rate: 9.272736 bufsize: 64.0
memset 12.500 GB in 1.243 s, rate: 10.060216 bufsize: 64.0
fwrite 6.250 GB in 1.019 s, rate: 6.131154 bufsize: 64.0

++ gcc -std=c99 -DRT -O2 -DNTRIALS=100 -DBYTES=71303168 -DDO_MEMSET -DDO_RAMDISK '-DRAMDISK_FILE="/mnt/ramdisk/test"' totalrecall.c -o totalrecall.exe
++ set +x
BYTES: 71303168 (68.0 MB, 69632 KB)
memcpy 6.641 GB in 0.716 s, rate: 9.275264 bufsize: 68.0
memset 13.281 GB in 1.321 s, rate: 10.056296 bufsize: 68.0
fwrite 6.641 GB in 1.083 s, rate: 6.129176 bufsize: 68.0

++ gcc -std=c99 -DRT -O2 -DNTRIALS=100 -DBYTES=73400320 -DDO_MEMSET -DDO_RAMDISK '-DRAMDISK_FILE="/mnt/ramdisk/test"' totalrecall.c -o totalrecall.exe
++ set +x
BYTES: 73400320 (70.0 MB, 71680 KB)
memcpy 6.836 GB in 0.723 s, rate: 9.456218 bufsize: 70.0
memset 13.672 GB in 1.355 s, rate: 10.086320 bufsize: 70.0
fwrite 6.836 GB in 1.118 s, rate: 6.115167 bufsize: 70.0

++ gcc -std=c99 -DRT -O2 -DNTRIALS=100 -DBYTES=74448896 -DDO_MEMSET -DDO_RAMDISK '-DRAMDISK_FILE="/mnt/ramdisk/test"' totalrecall.c -o totalrecall.exe
++ set +x
BYTES: 74448896 (71.0 MB, 72704 KB)
memcpy 6.934 GB in 0.742 s, rate: 9.345247 bufsize: 71.0
memset 13.867 GB in 1.369 s, rate: 10.131027 bufsize: 71.0
fwrite 6.934 GB in 1.133 s, rate: 6.118894 bufsize: 71.0

++ gcc -std=c99 -DRT -O2 -DNTRIALS=100 -DBYTES=75497472 -DDO_MEMSET -DDO_RAMDISK '-DRAMDISK_FILE="/mnt/ramdisk/test"' totalrecall.c -o totalrecall.exe
++ set +x
BYTES: 75497472 (72.0 MB, 73728 KB)
memcpy 7.031 GB in 0.756 s, rate: 9.300189 bufsize: 72.0
memset 14.062 GB in 1.386 s, rate: 10.142942 bufsize: 72.0
fwrite 7.031 GB in 1.146 s, rate: 6.136092 bufsize: 72.0

++ gcc -std=c99 -DRT -O2 -DNTRIALS=100 -DBYTES=76546048 -DDO_MEMSET -DDO_RAMDISK '-DRAMDISK_FILE="/mnt/ramdisk/test"' totalrecall.c -o totalrecall.exe
++ set +x
BYTES: 76546048 (73.0 MB, 74752 KB)
memcpy 7.129 GB in 0.476 s, rate: 14.985855 bufsize: 73.0
memset 14.258 GB in 1.405 s, rate: 10.151016 bufsize: 73.0
fwrite 7.129 GB in 1.165 s, rate: 6.118613 bufsize: 73.0

++ gcc -std=c99 -DRT -O2 -DNTRIALS=100 -DBYTES=77594624 -DDO_MEMSET -DDO_RAMDISK '-DRAMDISK_FILE="/mnt/ramdisk/test"' totalrecall.c -o totalrecall.exe
++ set +x
BYTES: 77594624 (74.0 MB, 75776 KB)
memcpy 7.227 GB in 0.475 s, rate: 15.216314 bufsize: 74.0
memset 14.453 GB in 1.424 s, rate: 10.151270 bufsize: 74.0
fwrite 7.227 GB in 1.176 s, rate: 6.147300 bufsize: 74.0

++ gcc -std=c99 -DRT -O2 -DNTRIALS=100 -DBYTES=79691776 -DDO_MEMSET -DDO_RAMDISK '-DRAMDISK_FILE="/mnt/ramdisk/test"' totalrecall.c -o totalrecall.exe
++ set +x
BYTES: 79691776 (76.0 MB, 77824 KB)
memcpy 7.422 GB in 0.485 s, rate: 15.290792 bufsize: 76.0
memset 14.844 GB in 1.462 s, rate: 10.156496 bufsize: 76.0
fwrite 7.422 GB in 1.212 s, rate: 6.121962 bufsize: 76.0

++ gcc -std=c99 -DRT -O2 -DNTRIALS=100 -DBYTES=104857600 -DDO_MEMSET -DDO_RAMDISK '-DRAMDISK_FILE="/mnt/ramdisk/test"' totalrecall.c -o totalrecall.exe
++ set +x
BYTES: 104857600 (100.0 MB, 102400 KB)
memcpy 9.766 GB in 0.616 s, rate: 15.861295 bufsize: 100.0
memset 19.531 GB in 1.904 s, rate: 10.259798 bufsize: 100.0
fwrite 9.766 GB in 1.589 s, rate: 6.146793 bufsize: 100.0

++ gcc -std=c99 -DRT -O2 -DNTRIALS=100 -DBYTES=134217728 -DDO_MEMSET -DDO_RAMDISK '-DRAMDISK_FILE="/mnt/ramdisk/test"' totalrecall.c -o totalrecall.exe
++ set +x
BYTES: 134217728 (128.0 MB, 131072 KB)
memcpy 12.500 GB in 0.764 s, rate: 16.352823 bufsize: 128.0
memset 25.000 GB in 2.429 s, rate: 10.290293 bufsize: 128.0
fwrite 12.500 GB in 2.025 s, rate: 6.172416 bufsize: 128.0

++ gcc -std=c99 -DRT -O2 -DNTRIALS=100 -DBYTES=167772160 -DDO_MEMSET -DDO_RAMDISK '-DRAMDISK_FILE="/mnt/ramdisk/test"' totalrecall.c -o totalrecall.exe
++ set +x
BYTES: 167772160 (160.0 MB, 163840 KB)
memcpy 15.625 GB in 0.940 s, rate: 16.628160 bufsize: 160.0
memset 31.250 GB in 3.027 s, rate: 10.324002 bufsize: 160.0
fwrite 15.625 GB in 2.539 s, rate: 6.153697 bufsize: 160.0

++ gcc -std=c99 -DRT -O2 -DNTRIALS=100 -DBYTES=201326592 -DDO_MEMSET -DDO_RAMDISK '-DRAMDISK_FILE="/mnt/ramdisk/test"' totalrecall.c -o totalrecall.exe
++ set +x
BYTES: 201326592 (192.0 MB, 196608 KB)
memcpy 18.750 GB in 1.109 s, rate: 16.904395 bufsize: 192.0
memset 37.500 GB in 3.624 s, rate: 10.347197 bufsize: 192.0
fwrite 18.750 GB in 3.042 s, rate: 6.164359 bufsize: 192.0

++ gcc -std=c99 -DRT -O2 -DNTRIALS=100 -DBYTES=234881024 -DDO_MEMSET -DDO_RAMDISK '-DRAMDISK_FILE="/mnt/ramdisk/test"' totalrecall.c -o totalrecall.exe
++ set +x
BYTES: 234881024 (224.0 MB, 229376 KB)
memcpy 21.875 GB in 1.301 s, rate: 16.813860 bufsize: 224.0
memset 43.750 GB in 4.226 s, rate: 10.353753 bufsize: 224.0
fwrite 21.875 GB in 3.544 s, rate: 6.172690 bufsize: 224.0

++ gcc -std=c99 -DRT -O2 -DNTRIALS=100 -DBYTES=268435456 -DDO_MEMSET -DDO_RAMDISK '-DRAMDISK_FILE="/mnt/ramdisk/test"' totalrecall.c -o totalrecall.exe
++ set +x
BYTES: 268435456 (256.0 MB, 262144 KB)
memcpy 25.000 GB in 1.482 s, rate: 16.872739 bufsize: 256.0
memset 50.000 GB in 4.819 s, rate: 10.374740 bufsize: 256.0
fwrite 25.000 GB in 4.053 s, rate: 6.167726 bufsize: 256.0

++ gcc -std=c99 -DRT -O2 -DNTRIALS=100 -DBYTES=335544320 -DDO_MEMSET -DDO_RAMDISK '-DRAMDISK_FILE="/mnt/ramdisk/test"' totalrecall.c -o totalrecall.exe
++ set +x
BYTES: 335544320 (320.0 MB, 327680 KB)
memcpy 31.250 GB in 1.819 s, rate: 17.177550 bufsize: 320.0
memset 62.500 GB in 6.004 s, rate: 10.410322 bufsize: 320.0
fwrite 31.250 GB in 5.078 s, rate: 6.154368 bufsize: 320.0

++ gcc -std=c99 -DRT -O2 -DNTRIALS=100 -DBYTES=402653184 -DDO_MEMSET -DDO_RAMDISK '-DRAMDISK_FILE="/mnt/ramdisk/test"' totalrecall.c -o totalrecall.exe
++ set +x
BYTES: 402653184 (384.0 MB, 393216 KB)
memcpy 37.500 GB in 2.164 s, rate: 17.331599 bufsize: 384.0
memset 75.000 GB in 7.189 s, rate: 10.432646 bufsize: 384.0
fwrite 37.500 GB in 6.101 s, rate: 6.146469 bufsize: 384.0

++ gcc -std=c99 -DRT -O2 -DNTRIALS=100 -DBYTES=469762048 -DDO_MEMSET -DDO_RAMDISK '-DRAMDISK_FILE="/mnt/ramdisk/test"' totalrecall.c -o totalrecall.exe
++ set +x
BYTES: 469762048 (448.0 MB, 458752 KB)
memcpy 43.750 GB in 2.510 s, rate: 17.430279 bufsize: 448.0
memset 87.500 GB in 8.391 s, rate: 10.428236 bufsize: 448.0
fwrite 43.750 GB in 7.098 s, rate: 6.163723 bufsize: 448.0

++ gcc -std=c99 -DRT -O2 -DNTRIALS=100 -DBYTES=536870912 -DDO_MEMSET -DDO_RAMDISK '-DRAMDISK_FILE="/mnt/ramdisk/test"' totalrecall.c -o totalrecall.exe
++ set +x
BYTES: 536870912 (512.0 MB, 524288 KB)
memcpy 50.000 GB in 2.877 s, rate: 17.376732 bufsize: 512.0
memset 100.000 GB in 9.541 s, rate: 10.480891 bufsize: 512.0
fwrite 50.000 GB in 8.014 s, rate: 6.238773 bufsize: 512.0

++ gcc -std=c99 -DRT -O2 -DNTRIALS=100 -DBYTES=805306368 -DDO_MEMSET -DDO_RAMDISK '-DRAMDISK_FILE="/mnt/ramdisk/test"' totalrecall.c -o totalrecall.exe
++ set +x
BYTES: 805306368 (768.0 MB, 786432 KB)
memcpy 75.000 GB in 4.284 s, rate: 17.506758 bufsize: 768.0
memset 150.000 GB in 14.381 s, rate: 10.430134 bufsize: 768.0
fwrite 75.000 GB in 12.179 s, rate: 6.158247 bufsize: 768.0

++ gcc -std=c99 -DRT -O2 -DNTRIALS=100 -DBYTES=1073741824 -DDO_MEMSET -DDO_RAMDISK '-DRAMDISK_FILE="/mnt/ramdisk/test"' totalrecall.c -o totalrecall.exe
++ set +x
BYTES: 1073741824 (1024.0 MB, 1048576 KB)
memcpy 100.000 GB in 5.708 s, rate: 17.520699 bufsize: 1024.0
memset 200.000 GB in 19.144 s, rate: 10.447052 bufsize: 1024.0
fwrite 100.000 GB in 16.223 s, rate: 6.164172 bufsize: 1024.0

++ gcc -std=c99 -DRT -O2 -DNTRIALS=100 -DBYTES=1107296256 -DDO_MEMSET -DDO_RAMDISK '-DRAMDISK_FILE="/mnt/ramdisk/test"' totalrecall.c -o totalrecall.exe
++ set +x
BYTES: 1107296256 (1056.0 MB, 1081344 KB)
memcpy 103.125 GB in 5.908 s, rate: 17.455290 bufsize: 1056.0
memset 206.250 GB in 19.740 s, rate: 10.448378 bufsize: 1056.0
fwrite 103.125 GB in 16.720 s, rate: 6.167881 bufsize: 1056.0

++ gcc -std=c99 -DRT -O2 -DNTRIALS=100 -DBYTES=1140850688 -DDO_MEMSET -DDO_RAMDISK '-DRAMDISK_FILE="/mnt/ramdisk/test"' totalrecall.c -o totalrecall.exe
++ set +x
BYTES: 1140850688 (1088.0 MB, 1114112 KB)
memcpy 106.250 GB in 6.069 s, rate: 17.507686 bufsize: 1088.0
memset 212.500 GB in 20.333 s, rate: 10.450841 bufsize: 1088.0
fwrite 106.250 GB in 17.269 s, rate: 6.152505 bufsize: 1088.0

++ gcc -std=c99 -DRT -O2 -DNTRIALS=100 -DBYTES=1174405120 -DDO_MEMSET -DDO_RAMDISK '-DRAMDISK_FILE="/mnt/ramdisk/test"' totalrecall.c -o totalrecall.exe
++ set +x
BYTES: 1174405120 (1120.0 MB, 1146880 KB)
memcpy 109.375 GB in 6.263 s, rate: 17.464144 bufsize: 1120.0
memset 218.750 GB in 20.931 s, rate: 10.450967 bufsize: 1120.0
fwrite 109.375 GB in 17.749 s, rate: 6.162379 bufsize: 1120.0

++ gcc -std=c99 -DRT -O2 -DNTRIALS=100 -DBYTES=1207959552 -DDO_MEMSET -DDO_RAMDISK '-DRAMDISK_FILE="/mnt/ramdisk/test"' totalrecall.c -o totalrecall.exe
++ set +x
BYTES: 1207959552 (1152.0 MB, 1179648 KB)
memcpy 112.500 GB in 6.321 s, rate: 17.798909 bufsize: 1152.0
memset 225.000 GB in 21.538 s, rate: 10.446632 bufsize: 1152.0
fwrite 112.500 GB in 18.244 s, rate: 6.166364 bufsize: 1152.0

++ gcc -std=c99 -DRT -O2 -DNTRIALS=100 -DBYTES=1241513984 -DDO_MEMSET -DDO_RAMDISK '-DRAMDISK_FILE="/mnt/ramdisk/test"' totalrecall.c -o totalrecall.exe
++ set +x
BYTES: 1241513984 (1184.0 MB, 1212416 KB)
memcpy 115.625 GB in 6.567 s, rate: 17.605669 bufsize: 1184.0
memset 231.250 GB in 22.140 s, rate: 10.445033 bufsize: 1184.0
fwrite 115.625 GB in 18.739 s, rate: 6.170303 bufsize: 1184.0

++ gcc -std=c99 -DRT -O2 -DNTRIALS=100 -DBYTES=1275068416 -DDO_MEMSET -DDO_RAMDISK '-DRAMDISK_FILE="/mnt/ramdisk/test"' totalrecall.c -o totalrecall.exe
++ set +x
BYTES: 1275068416 (1216.0 MB, 1245184 KB)
memcpy 118.750 GB in 6.737 s, rate: 17.625899 bufsize: 1216.0
memset 237.500 GB in 22.730 s, rate: 10.448909 bufsize: 1216.0
fwrite 118.750 GB in 19.282 s, rate: 6.158566 bufsize: 1216.0

++ gcc -std=c99 -DRT -O2 -DNTRIALS=100 -DBYTES=1308622848 -DDO_MEMSET -DDO_RAMDISK '-DRAMDISK_FILE="/mnt/ramdisk/test"' totalrecall.c -o totalrecall.exe
++ set +x
BYTES: 1308622848 (1248.0 MB, 1277952 KB)
memcpy 121.875 GB in 6.966 s, rate: 17.495407 bufsize: 1248.0
memset 243.750 GB in 23.341 s, rate: 10.442839 bufsize: 1248.0
fwrite 121.875 GB in 19.729 s, rate: 6.177379 bufsize: 1248.0

++ gcc -std=c99 -DRT -O2 -DNTRIALS=100 -DBYTES=1342177280 -DDO_MEMSET -DDO_RAMDISK '-DRAMDISK_FILE="/mnt/ramdisk/test"' totalrecall.c -o totalrecall.exe
++ set +x
BYTES: 1342177280 (1280.0 MB, 1310720 KB)
memcpy 125.000 GB in 7.140 s, rate: 17.506968 bufsize: 1280.0
memset 250.000 GB in 23.898 s, rate: 10.461216 bufsize: 1280.0
fwrite 125.000 GB in 20.299 s, rate: 6.157832 bufsize: 1280.0

++ gcc -std=c99 -DRT -O2 -DNTRIALS=100 -DBYTES=1610612736 -DDO_MEMSET -DDO_RAMDISK '-DRAMDISK_FILE="/mnt/ramdisk/test"' totalrecall.c -o totalrecall.exe
++ set +x
BYTES: 1610612736 (1536.0 MB, 1572864 KB)
memcpy 150.000 GB in 8.510 s, rate: 17.625591 bufsize: 1536.0
memset 300.000 GB in 28.619 s, rate: 10.482563 bufsize: 1536.0
fwrite 150.000 GB in 24.173 s, rate: 6.205380 bufsize: 1536.0

++ gcc -std=c99 -DRT -O2 -DNTRIALS=100 -DBYTES=1879048192 -DDO_MEMSET -DDO_RAMDISK '-DRAMDISK_FILE="/mnt/ramdisk/test"' totalrecall.c -o totalrecall.exe
++ set +x
BYTES: 1879048192 (1792.0 MB, 1835008 KB)
memcpy 175.000 GB in 9.914 s, rate: 17.651592 bufsize: 1792.0
memset 350.000 GB in 33.364 s, rate: 10.490222 bufsize: 1792.0
fwrite 175.000 GB in 28.376 s, rate: 6.167224 bufsize: 1792.0

++ gcc -std=c99 -DRT -O2 -DNTRIALS=100 -DBYTES=2147483648 -DDO_MEMSET -DDO_RAMDISK '-DRAMDISK_FILE="/mnt/ramdisk/test"' totalrecall.c -o totalrecall.exe
++ set +x
BYTES: 2147483648 (2048.0 MB, 2097152 KB)
memcpy 200.000 GB in 11.305 s, rate: 17.691212 bufsize: 2048.0
memset 400.000 GB in 38.070 s, rate: 10.507091 bufsize: 2048.0
fwrite 200.000 GB in 32.455 s, rate: 6.162381 bufsize: 2048.0

