++ gcc -std=c99 -DRT -O2 -DDROP_CACHE -DTRIALS=100 -DBYTES=1048576 -DDO_MEMSET -DDO_RAMDISK '-DRAMDISK_FILE="/mnt/ramdisk/test"' totalrecall.c -o totalrecall.exe
++ set +x
BYTES: 1048576 (1.0 MB, 1024 KB)
memcpy 0.098 GB in 0.009 s, rate: 10.665820 bufsize: 1.0
memset 0.195 GB in 0.023 s, rate: 8.584410 bufsize: 1.0
fwrite 0.098 GB in 0.007 s, rate: 14.523535 bufsize: 1.0

++ gcc -std=c99 -DRT -O2 -DDROP_CACHE -DTRIALS=100 -DBYTES=2097152 -DDO_MEMSET -DDO_RAMDISK '-DRAMDISK_FILE="/mnt/ramdisk/test"' totalrecall.c -o totalrecall.exe
++ set +x
BYTES: 2097152 (2.0 MB, 2048 KB)
memcpy 0.195 GB in 0.018 s, rate: 10.618850 bufsize: 2.0
memset 0.391 GB in 0.048 s, rate: 8.204339 bufsize: 2.0
fwrite 0.195 GB in 0.013 s, rate: 15.032133 bufsize: 2.0

++ gcc -std=c99 -DRT -O2 -DDROP_CACHE -DTRIALS=100 -DBYTES=4194304 -DDO_MEMSET -DDO_RAMDISK '-DRAMDISK_FILE="/mnt/ramdisk/test"' totalrecall.c -o totalrecall.exe
++ set +x
BYTES: 4194304 (4.0 MB, 4096 KB)
memcpy 0.391 GB in 0.037 s, rate: 10.613945 bufsize: 4.0
memset 0.781 GB in 0.060 s, rate: 12.943603 bufsize: 4.0
fwrite 0.391 GB in 0.026 s, rate: 14.959597 bufsize: 4.0

++ gcc -std=c99 -DRT -O2 -DDROP_CACHE -DTRIALS=100 -DBYTES=8388608 -DDO_MEMSET -DDO_RAMDISK '-DRAMDISK_FILE="/mnt/ramdisk/test"' totalrecall.c -o totalrecall.exe
++ set +x
BYTES: 8388608 (8.0 MB, 8192 KB)
memcpy 0.781 GB in 0.075 s, rate: 10.399888 bufsize: 8.0
memset 1.562 GB in 0.116 s, rate: 13.453938 bufsize: 8.0
fwrite 0.781 GB in 0.059 s, rate: 13.329864 bufsize: 8.0

++ gcc -std=c99 -DRT -O2 -DDROP_CACHE -DTRIALS=100 -DBYTES=16777216 -DDO_MEMSET -DDO_RAMDISK '-DRAMDISK_FILE="/mnt/ramdisk/test"' totalrecall.c -o totalrecall.exe
++ set +x
BYTES: 16777216 (16.0 MB, 16384 KB)
memcpy 1.562 GB in 0.155 s, rate: 10.096865 bufsize: 16.0
memset 3.125 GB in 0.263 s, rate: 11.867149 bufsize: 16.0
fwrite 1.562 GB in 0.237 s, rate: 6.590936 bufsize: 16.0

++ gcc -std=c99 -DRT -O2 -DDROP_CACHE -DTRIALS=100 -DBYTES=33554432 -DDO_MEMSET -DDO_RAMDISK '-DRAMDISK_FILE="/mnt/ramdisk/test"' totalrecall.c -o totalrecall.exe
++ set +x
BYTES: 33554432 (32.0 MB, 32768 KB)
memcpy 3.125 GB in 0.303 s, rate: 10.304383 bufsize: 32.0
memset 6.250 GB in 0.571 s, rate: 10.938487 bufsize: 32.0
fwrite 3.125 GB in 0.516 s, rate: 6.061735 bufsize: 32.0

++ gcc -std=c99 -DRT -O2 -DDROP_CACHE -DTRIALS=100 -DBYTES=67108864 -DDO_MEMSET -DDO_RAMDISK '-DRAMDISK_FILE="/mnt/ramdisk/test"' totalrecall.c -o totalrecall.exe
++ set +x
BYTES: 67108864 (64.0 MB, 65536 KB)
memcpy 6.250 GB in 0.649 s, rate: 9.632041 bufsize: 64.0
memset 12.500 GB in 1.236 s, rate: 10.114013 bufsize: 64.0
fwrite 6.250 GB in 1.019 s, rate: 6.133880 bufsize: 64.0

++ gcc -std=c99 -DRT -O2 -DDROP_CACHE -DTRIALS=100 -DBYTES=71303168 -DDO_MEMSET -DDO_RAMDISK '-DRAMDISK_FILE="/mnt/ramdisk/test"' totalrecall.c -o totalrecall.exe
++ set +x
BYTES: 71303168 (68.0 MB, 69632 KB)
memcpy 6.641 GB in 0.675 s, rate: 9.844643 bufsize: 68.0
memset 13.281 GB in 1.307 s, rate: 10.164235 bufsize: 68.0
fwrite 6.641 GB in 1.083 s, rate: 6.132753 bufsize: 68.0

++ gcc -std=c99 -DRT -O2 -DDROP_CACHE -DTRIALS=100 -DBYTES=73400320 -DDO_MEMSET -DDO_RAMDISK '-DRAMDISK_FILE="/mnt/ramdisk/test"' totalrecall.c -o totalrecall.exe
++ set +x
BYTES: 73400320 (70.0 MB, 71680 KB)
memcpy 6.836 GB in 0.685 s, rate: 9.984193 bufsize: 70.0
memset 13.672 GB in 1.345 s, rate: 10.166081 bufsize: 70.0
fwrite 6.836 GB in 1.116 s, rate: 6.127934 bufsize: 70.0

++ gcc -std=c99 -DRT -O2 -DDROP_CACHE -DTRIALS=100 -DBYTES=74448896 -DDO_MEMSET -DDO_RAMDISK '-DRAMDISK_FILE="/mnt/ramdisk/test"' totalrecall.c -o totalrecall.exe
++ set +x
BYTES: 74448896 (71.0 MB, 72704 KB)
memcpy 6.934 GB in 0.705 s, rate: 9.841348 bufsize: 71.0
memset 13.867 GB in 1.362 s, rate: 10.180622 bufsize: 71.0
fwrite 6.934 GB in 1.130 s, rate: 6.135017 bufsize: 71.0

++ gcc -std=c99 -DRT -O2 -DDROP_CACHE -DTRIALS=100 -DBYTES=75497472 -DDO_MEMSET -DDO_RAMDISK '-DRAMDISK_FILE="/mnt/ramdisk/test"' totalrecall.c -o totalrecall.exe
++ set +x
BYTES: 75497472 (72.0 MB, 73728 KB)
memcpy 7.031 GB in 0.708 s, rate: 9.928732 bufsize: 72.0
memset 14.062 GB in 1.386 s, rate: 10.144186 bufsize: 72.0
fwrite 7.031 GB in 1.146 s, rate: 6.137592 bufsize: 72.0

++ gcc -std=c99 -DRT -O2 -DDROP_CACHE -DTRIALS=100 -DBYTES=76546048 -DDO_MEMSET -DDO_RAMDISK '-DRAMDISK_FILE="/mnt/ramdisk/test"' totalrecall.c -o totalrecall.exe
++ set +x
BYTES: 76546048 (73.0 MB, 74752 KB)
memcpy 7.129 GB in 0.402 s, rate: 17.723678 bufsize: 73.0
memset 14.258 GB in 1.399 s, rate: 10.191854 bufsize: 73.0
fwrite 7.129 GB in 1.165 s, rate: 6.119790 bufsize: 73.0

++ gcc -std=c99 -DRT -O2 -DDROP_CACHE -DTRIALS=100 -DBYTES=77594624 -DDO_MEMSET -DDO_RAMDISK '-DRAMDISK_FILE="/mnt/ramdisk/test"' totalrecall.c -o totalrecall.exe
++ set +x
BYTES: 77594624 (74.0 MB, 75776 KB)
memcpy 7.227 GB in 0.408 s, rate: 17.731720 bufsize: 74.0
memset 14.453 GB in 1.425 s, rate: 10.139541 bufsize: 74.0
fwrite 7.227 GB in 1.181 s, rate: 6.119818 bufsize: 74.0

++ gcc -std=c99 -DRT -O2 -DDROP_CACHE -DTRIALS=100 -DBYTES=79691776 -DDO_MEMSET -DDO_RAMDISK '-DRAMDISK_FILE="/mnt/ramdisk/test"' totalrecall.c -o totalrecall.exe
++ set +x
BYTES: 79691776 (76.0 MB, 77824 KB)
memcpy 7.422 GB in 0.419 s, rate: 17.719057 bufsize: 76.0
memset 14.844 GB in 1.461 s, rate: 10.161036 bufsize: 76.0
fwrite 7.422 GB in 1.213 s, rate: 6.118112 bufsize: 76.0

++ gcc -std=c99 -DRT -O2 -DDROP_CACHE -DTRIALS=100 -DBYTES=104857600 -DDO_MEMSET -DDO_RAMDISK '-DRAMDISK_FILE="/mnt/ramdisk/test"' totalrecall.c -o totalrecall.exe
++ set +x
BYTES: 104857600 (100.0 MB, 102400 KB)
memcpy 9.766 GB in 0.545 s, rate: 17.924070 bufsize: 100.0
memset 19.531 GB in 1.906 s, rate: 10.246111 bufsize: 100.0
fwrite 9.766 GB in 1.593 s, rate: 6.128789 bufsize: 100.0

++ gcc -std=c99 -DRT -O2 -DDROP_CACHE -DTRIALS=100 -DBYTES=134217728 -DDO_MEMSET -DDO_RAMDISK '-DRAMDISK_FILE="/mnt/ramdisk/test"' totalrecall.c -o totalrecall.exe
++ set +x
BYTES: 134217728 (128.0 MB, 131072 KB)
memcpy 12.500 GB in 0.704 s, rate: 17.753412 bufsize: 128.0
memset 25.000 GB in 2.429 s, rate: 10.293068 bufsize: 128.0
fwrite 12.500 GB in 2.034 s, rate: 6.145160 bufsize: 128.0

++ gcc -std=c99 -DRT -O2 -DDROP_CACHE -DTRIALS=100 -DBYTES=167772160 -DDO_MEMSET -DDO_RAMDISK '-DRAMDISK_FILE="/mnt/ramdisk/test"' totalrecall.c -o totalrecall.exe
++ set +x
BYTES: 167772160 (160.0 MB, 163840 KB)
memcpy 15.625 GB in 0.870 s, rate: 17.958944 bufsize: 160.0
memset 31.250 GB in 3.024 s, rate: 10.333475 bufsize: 160.0
fwrite 15.625 GB in 2.538 s, rate: 6.156871 bufsize: 160.0

++ gcc -std=c99 -DRT -O2 -DDROP_CACHE -DTRIALS=100 -DBYTES=201326592 -DDO_MEMSET -DDO_RAMDISK '-DRAMDISK_FILE="/mnt/ramdisk/test"' totalrecall.c -o totalrecall.exe
++ set +x
BYTES: 201326592 (192.0 MB, 196608 KB)
memcpy 18.750 GB in 1.048 s, rate: 17.898326 bufsize: 192.0
memset 37.500 GB in 3.623 s, rate: 10.349121 bufsize: 192.0
fwrite 18.750 GB in 3.037 s, rate: 6.174169 bufsize: 192.0

++ gcc -std=c99 -DRT -O2 -DDROP_CACHE -DTRIALS=100 -DBYTES=234881024 -DDO_MEMSET -DDO_RAMDISK '-DRAMDISK_FILE="/mnt/ramdisk/test"' totalrecall.c -o totalrecall.exe
++ set +x
BYTES: 234881024 (224.0 MB, 229376 KB)
memcpy 21.875 GB in 1.259 s, rate: 17.378338 bufsize: 224.0
memset 43.750 GB in 4.238 s, rate: 10.322128 bufsize: 224.0
fwrite 21.875 GB in 3.550 s, rate: 6.161404 bufsize: 224.0

++ gcc -std=c99 -DRT -O2 -DDROP_CACHE -DTRIALS=100 -DBYTES=268435456 -DDO_MEMSET -DDO_RAMDISK '-DRAMDISK_FILE="/mnt/ramdisk/test"' totalrecall.c -o totalrecall.exe
++ set +x
BYTES: 268435456 (256.0 MB, 262144 KB)
memcpy 25.000 GB in 1.453 s, rate: 17.207937 bufsize: 256.0
memset 50.000 GB in 4.820 s, rate: 10.374432 bufsize: 256.0
fwrite 25.000 GB in 4.043 s, rate: 6.184205 bufsize: 256.0

++ gcc -std=c99 -DRT -O2 -DDROP_CACHE -DTRIALS=100 -DBYTES=335544320 -DDO_MEMSET -DDO_RAMDISK '-DRAMDISK_FILE="/mnt/ramdisk/test"' totalrecall.c -o totalrecall.exe
++ set +x
BYTES: 335544320 (320.0 MB, 327680 KB)
memcpy 31.250 GB in 1.779 s, rate: 17.570493 bufsize: 320.0
memset 62.500 GB in 6.021 s, rate: 10.380368 bufsize: 320.0
fwrite 31.250 GB in 5.058 s, rate: 6.178767 bufsize: 320.0

++ gcc -std=c99 -DRT -O2 -DDROP_CACHE -DTRIALS=100 -DBYTES=402653184 -DDO_MEMSET -DDO_RAMDISK '-DRAMDISK_FILE="/mnt/ramdisk/test"' totalrecall.c -o totalrecall.exe
++ set +x
BYTES: 402653184 (384.0 MB, 393216 KB)
memcpy 37.500 GB in 2.146 s, rate: 17.477539 bufsize: 384.0
memset 75.000 GB in 7.197 s, rate: 10.420411 bufsize: 384.0
fwrite 37.500 GB in 6.089 s, rate: 6.158799 bufsize: 384.0

++ gcc -std=c99 -DRT -O2 -DDROP_CACHE -DTRIALS=100 -DBYTES=469762048 -DDO_MEMSET -DDO_RAMDISK '-DRAMDISK_FILE="/mnt/ramdisk/test"' totalrecall.c -o totalrecall.exe
++ set +x
BYTES: 469762048 (448.0 MB, 458752 KB)
memcpy 43.750 GB in 2.508 s, rate: 17.444422 bufsize: 448.0
memset 87.500 GB in 8.397 s, rate: 10.420929 bufsize: 448.0
fwrite 43.750 GB in 7.112 s, rate: 6.151356 bufsize: 448.0

++ gcc -std=c99 -DRT -O2 -DDROP_CACHE -DTRIALS=100 -DBYTES=536870912 -DDO_MEMSET -DDO_RAMDISK '-DRAMDISK_FILE="/mnt/ramdisk/test"' totalrecall.c -o totalrecall.exe
++ set +x
BYTES: 536870912 (512.0 MB, 524288 KB)
memcpy 50.000 GB in 2.878 s, rate: 17.371069 bufsize: 512.0
memset 100.000 GB in 9.592 s, rate: 10.424968 bufsize: 512.0
fwrite 50.000 GB in 8.128 s, rate: 6.151734 bufsize: 512.0

++ gcc -std=c99 -DRT -O2 -DDROP_CACHE -DTRIALS=100 -DBYTES=805306368 -DDO_MEMSET -DDO_RAMDISK '-DRAMDISK_FILE="/mnt/ramdisk/test"' totalrecall.c -o totalrecall.exe
++ set +x
BYTES: 805306368 (768.0 MB, 786432 KB)
memcpy 75.000 GB in 4.316 s, rate: 17.376911 bufsize: 768.0
memset 150.000 GB in 14.372 s, rate: 10.436778 bufsize: 768.0
fwrite 75.000 GB in 12.177 s, rate: 6.158901 bufsize: 768.0

++ gcc -std=c99 -DRT -O2 -DDROP_CACHE -DTRIALS=100 -DBYTES=1073741824 -DDO_MEMSET -DDO_RAMDISK '-DRAMDISK_FILE="/mnt/ramdisk/test"' totalrecall.c -o totalrecall.exe
++ set +x
BYTES: 1073741824 (1024.0 MB, 1048576 KB)
memcpy 100.000 GB in 5.752 s, rate: 17.384348 bufsize: 1024.0
memset 200.000 GB in 19.146 s, rate: 10.446208 bufsize: 1024.0
fwrite 100.000 GB in 16.249 s, rate: 6.154156 bufsize: 1024.0

++ gcc -std=c99 -DRT -O2 -DDROP_CACHE -DTRIALS=100 -DBYTES=1342177280 -DDO_MEMSET -DDO_RAMDISK '-DRAMDISK_FILE="/mnt/ramdisk/test"' totalrecall.c -o totalrecall.exe
++ set +x
BYTES: 1342177280 (1280.0 MB, 1310720 KB)
memcpy 125.000 GB in 7.204 s, rate: 17.351093 bufsize: 1280.0
memset 250.000 GB in 23.913 s, rate: 10.454529 bufsize: 1280.0
fwrite 125.000 GB in 20.311 s, rate: 6.154409 bufsize: 1280.0

++ gcc -std=c99 -DRT -O2 -DDROP_CACHE -DTRIALS=100 -DBYTES=1610612736 -DDO_MEMSET -DDO_RAMDISK '-DRAMDISK_FILE="/mnt/ramdisk/test"' totalrecall.c -o totalrecall.exe
++ set +x
BYTES: 1610612736 (1536.0 MB, 1572864 KB)
memcpy 150.000 GB in 8.646 s, rate: 17.348981 bufsize: 1536.0
memset 300.000 GB in 28.633 s, rate: 10.477453 bufsize: 1536.0
fwrite 150.000 GB in 24.360 s, rate: 6.157701 bufsize: 1536.0

++ gcc -std=c99 -DRT -O2 -DDROP_CACHE -DTRIALS=100 -DBYTES=1879048192 -DDO_MEMSET -DDO_RAMDISK '-DRAMDISK_FILE="/mnt/ramdisk/test"' totalrecall.c -o totalrecall.exe
++ set +x
BYTES: 1879048192 (1792.0 MB, 1835008 KB)
memcpy 175.000 GB in 10.095 s, rate: 17.334703 bufsize: 1792.0
memset 350.000 GB in 33.389 s, rate: 10.482357 bufsize: 1792.0
fwrite 175.000 GB in 28.412 s, rate: 6.159448 bufsize: 1792.0

++ gcc -std=c99 -DRT -O2 -DDROP_CACHE -DTRIALS=100 -DBYTES=2147483648 -DDO_MEMSET -DDO_RAMDISK '-DRAMDISK_FILE="/mnt/ramdisk/test"' totalrecall.c -o totalrecall.exe
++ set +x
BYTES: 2147483648 (2048.0 MB, 2097152 KB)
memcpy 200.000 GB in 11.494 s, rate: 17.399783 bufsize: 2048.0
memset 400.000 GB in 38.087 s, rate: 10.502317 bufsize: 2048.0
fwrite 200.000 GB in 32.526 s, rate: 6.148894 bufsize: 2048.0

