++ gcc -Os -DTRIALS=100 -DBYTES=1048576 -DDO_MEMSET -DDO_RAMDISK '-DRAMDISK_FILE="/mnt/ramdisk/test"' totalrecall.c -o totalrecall.exe
++ set +x
BYTES: 1048576 (1.0 MB, 1024 KB)
memcpy 0.098 GB in 0.009 s, rate: 10.795517 bufsize: 1.0
memset 0.195 GB in 0.026 s, rate: 7.488976 bufsize: 1.0
fwrite 0.098 GB in 0.007 s, rate: 13.565252 bufsize: 1.0

++ gcc -Os -DTRIALS=100 -DBYTES=2097152 -DDO_MEMSET -DDO_RAMDISK '-DRAMDISK_FILE="/mnt/ramdisk/test"' totalrecall.c -o totalrecall.exe
++ set +x
BYTES: 2097152 (2.0 MB, 2048 KB)
memcpy 0.195 GB in 0.018 s, rate: 10.817041 bufsize: 2.0
memset 0.391 GB in 0.055 s, rate: 7.162437 bufsize: 2.0
fwrite 0.195 GB in 0.013 s, rate: 14.512743 bufsize: 2.0

++ gcc -Os -DTRIALS=100 -DBYTES=4194304 -DDO_MEMSET -DDO_RAMDISK '-DRAMDISK_FILE="/mnt/ramdisk/test"' totalrecall.c -o totalrecall.exe
++ set +x
BYTES: 4194304 (4.0 MB, 4096 KB)
memcpy 0.391 GB in 0.037 s, rate: 10.623759 bufsize: 4.0
memset 0.781 GB in 0.069 s, rate: 11.368266 bufsize: 4.0
fwrite 0.391 GB in 0.026 s, rate: 14.796962 bufsize: 4.0

++ gcc -Os -DTRIALS=100 -DBYTES=8388608 -DDO_MEMSET -DDO_RAMDISK '-DRAMDISK_FILE="/mnt/ramdisk/test"' totalrecall.c -o totalrecall.exe
++ set +x
BYTES: 8388608 (8.0 MB, 8192 KB)
memcpy 0.781 GB in 0.081 s, rate: 9.605100 bufsize: 8.0
memset 1.562 GB in 0.122 s, rate: 12.808742 bufsize: 8.0
fwrite 0.781 GB in 0.060 s, rate: 13.016278 bufsize: 8.0

++ gcc -Os -DTRIALS=100 -DBYTES=16777216 -DDO_MEMSET -DDO_RAMDISK '-DRAMDISK_FILE="/mnt/ramdisk/test"' totalrecall.c -o totalrecall.exe
++ set +x
BYTES: 16777216 (16.0 MB, 16384 KB)
memcpy 1.562 GB in 0.193 s, rate: 8.100934 bufsize: 16.0
memset 3.125 GB in 0.276 s, rate: 11.304033 bufsize: 16.0
fwrite 1.562 GB in 0.241 s, rate: 6.474027 bufsize: 16.0

++ gcc -Os -DTRIALS=100 -DBYTES=33554432 -DDO_MEMSET -DDO_RAMDISK '-DRAMDISK_FILE="/mnt/ramdisk/test"' totalrecall.c -o totalrecall.exe
++ set +x
BYTES: 33554432 (32.0 MB, 32768 KB)
memcpy 3.125 GB in 0.406 s, rate: 7.697708 bufsize: 32.0
memset 6.250 GB in 0.593 s, rate: 10.535383 bufsize: 32.0
fwrite 3.125 GB in 0.514 s, rate: 6.082027 bufsize: 32.0

++ gcc -Os -DTRIALS=100 -DBYTES=67108864 -DDO_MEMSET -DDO_RAMDISK '-DRAMDISK_FILE="/mnt/ramdisk/test"' totalrecall.c -o totalrecall.exe
++ set +x
BYTES: 67108864 (64.0 MB, 65536 KB)
memcpy 6.250 GB in 0.776 s, rate: 8.050876 bufsize: 64.0
memset 12.500 GB in 1.251 s, rate: 9.995786 bufsize: 64.0
fwrite 6.250 GB in 1.022 s, rate: 6.115885 bufsize: 64.0

++ gcc -Os -DTRIALS=100 -DBYTES=71303168 -DDO_MEMSET -DDO_RAMDISK '-DRAMDISK_FILE="/mnt/ramdisk/test"' totalrecall.c -o totalrecall.exe
++ set +x
BYTES: 71303168 (68.0 MB, 69632 KB)
memcpy 6.641 GB in 0.835 s, rate: 7.956484 bufsize: 68.0
memset 13.281 GB in 1.333 s, rate: 9.960626 bufsize: 68.0
fwrite 6.641 GB in 1.084 s, rate: 6.128576 bufsize: 68.0

++ gcc -Os -DTRIALS=100 -DBYTES=73400320 -DDO_MEMSET -DDO_RAMDISK '-DRAMDISK_FILE="/mnt/ramdisk/test"' totalrecall.c -o totalrecall.exe
++ set +x
BYTES: 73400320 (70.0 MB, 71680 KB)
memcpy 6.836 GB in 0.844 s, rate: 8.100383 bufsize: 70.0
memset 13.672 GB in 1.372 s, rate: 9.961511 bufsize: 70.0
fwrite 6.836 GB in 1.111 s, rate: 6.150529 bufsize: 70.0

++ gcc -Os -DTRIALS=100 -DBYTES=74448896 -DDO_MEMSET -DDO_RAMDISK '-DRAMDISK_FILE="/mnt/ramdisk/test"' totalrecall.c -o totalrecall.exe
++ set +x
BYTES: 74448896 (71.0 MB, 72704 KB)
memcpy 6.934 GB in 0.872 s, rate: 7.954361 bufsize: 71.0
memset 13.867 GB in 1.393 s, rate: 9.957975 bufsize: 71.0
fwrite 6.934 GB in 1.124 s, rate: 6.165984 bufsize: 71.0

++ gcc -Os -DTRIALS=100 -DBYTES=75497472 -DDO_MEMSET -DDO_RAMDISK '-DRAMDISK_FILE="/mnt/ramdisk/test"' totalrecall.c -o totalrecall.exe
++ set +x
BYTES: 75497472 (72.0 MB, 73728 KB)
memcpy 7.031 GB in 0.873 s, rate: 8.055406 bufsize: 72.0
memset 14.062 GB in 1.406 s, rate: 10.000398 bufsize: 72.0
fwrite 7.031 GB in 1.139 s, rate: 6.172159 bufsize: 72.0

++ gcc -Os -DTRIALS=100 -DBYTES=76546048 -DDO_MEMSET -DDO_RAMDISK '-DRAMDISK_FILE="/mnt/ramdisk/test"' totalrecall.c -o totalrecall.exe
++ set +x
BYTES: 76546048 (73.0 MB, 74752 KB)
memcpy 7.129 GB in 0.898 s, rate: 7.936298 bufsize: 73.0
memset 14.258 GB in 1.423 s, rate: 10.022123 bufsize: 73.0
fwrite 7.129 GB in 1.163 s, rate: 6.132081 bufsize: 73.0

++ gcc -Os -DTRIALS=100 -DBYTES=77594624 -DDO_MEMSET -DDO_RAMDISK '-DRAMDISK_FILE="/mnt/ramdisk/test"' totalrecall.c -o totalrecall.exe
++ set +x
BYTES: 77594624 (74.0 MB, 75776 KB)
memcpy 7.227 GB in 0.906 s, rate: 7.975018 bufsize: 74.0
memset 14.453 GB in 1.447 s, rate: 9.989871 bufsize: 74.0
fwrite 7.227 GB in 1.175 s, rate: 6.150093 bufsize: 74.0

++ gcc -Os -DTRIALS=100 -DBYTES=79691776 -DDO_MEMSET -DDO_RAMDISK '-DRAMDISK_FILE="/mnt/ramdisk/test"' totalrecall.c -o totalrecall.exe
++ set +x
BYTES: 79691776 (76.0 MB, 77824 KB)
memcpy 7.422 GB in 0.938 s, rate: 7.910111 bufsize: 76.0
memset 14.844 GB in 1.482 s, rate: 10.016546 bufsize: 76.0
fwrite 7.422 GB in 1.209 s, rate: 6.139235 bufsize: 76.0

++ gcc -Os -DTRIALS=100 -DBYTES=104857600 -DDO_MEMSET -DDO_RAMDISK '-DRAMDISK_FILE="/mnt/ramdisk/test"' totalrecall.c -o totalrecall.exe
++ set +x
BYTES: 104857600 (100.0 MB, 102400 KB)
memcpy 9.766 GB in 1.211 s, rate: 8.063314 bufsize: 100.0
memset 19.531 GB in 1.940 s, rate: 10.068895 bufsize: 100.0
fwrite 9.766 GB in 1.588 s, rate: 6.148724 bufsize: 100.0

++ gcc -Os -DTRIALS=100 -DBYTES=134217728 -DDO_MEMSET -DDO_RAMDISK '-DRAMDISK_FILE="/mnt/ramdisk/test"' totalrecall.c -o totalrecall.exe
++ set +x
BYTES: 134217728 (128.0 MB, 131072 KB)
memcpy 12.500 GB in 1.570 s, rate: 7.959634 bufsize: 128.0
memset 25.000 GB in 2.465 s, rate: 10.141486 bufsize: 128.0
fwrite 12.500 GB in 2.028 s, rate: 6.164298 bufsize: 128.0

++ gcc -Os -DTRIALS=100 -DBYTES=167772160 -DDO_MEMSET -DDO_RAMDISK '-DRAMDISK_FILE="/mnt/ramdisk/test"' totalrecall.c -o totalrecall.exe
++ set +x
BYTES: 167772160 (160.0 MB, 163840 KB)
memcpy 15.625 GB in 1.945 s, rate: 8.035282 bufsize: 160.0
memset 31.250 GB in 3.081 s, rate: 10.141399 bufsize: 160.0
fwrite 15.625 GB in 2.513 s, rate: 6.216975 bufsize: 160.0

++ gcc -Os -DTRIALS=100 -DBYTES=201326592 -DDO_MEMSET -DDO_RAMDISK '-DRAMDISK_FILE="/mnt/ramdisk/test"' totalrecall.c -o totalrecall.exe
++ set +x
BYTES: 201326592 (192.0 MB, 196608 KB)
memcpy 18.750 GB in 2.326 s, rate: 8.061541 bufsize: 192.0
memset 37.500 GB in 3.697 s, rate: 10.144712 bufsize: 192.0
fwrite 18.750 GB in 3.043 s, rate: 6.161780 bufsize: 192.0

++ gcc -Os -DTRIALS=100 -DBYTES=234881024 -DDO_MEMSET -DDO_RAMDISK '-DRAMDISK_FILE="/mnt/ramdisk/test"' totalrecall.c -o totalrecall.exe
++ set +x
BYTES: 234881024 (224.0 MB, 229376 KB)
memcpy 21.875 GB in 2.755 s, rate: 7.939659 bufsize: 224.0
memset 43.750 GB in 4.311 s, rate: 10.149557 bufsize: 224.0
fwrite 21.875 GB in 3.547 s, rate: 6.167157 bufsize: 224.0

++ gcc -Os -DTRIALS=100 -DBYTES=268435456 -DDO_MEMSET -DDO_RAMDISK '-DRAMDISK_FILE="/mnt/ramdisk/test"' totalrecall.c -o totalrecall.exe
++ set +x
BYTES: 268435456 (256.0 MB, 262144 KB)
memcpy 25.000 GB in 3.158 s, rate: 7.915576 bufsize: 256.0
memset 50.000 GB in 4.927 s, rate: 10.149088 bufsize: 256.0
fwrite 25.000 GB in 4.048 s, rate: 6.175218 bufsize: 256.0

++ gcc -Os -DTRIALS=100 -DBYTES=335544320 -DDO_MEMSET -DDO_RAMDISK '-DRAMDISK_FILE="/mnt/ramdisk/test"' totalrecall.c -o totalrecall.exe
++ set +x
BYTES: 335544320 (320.0 MB, 327680 KB)
memcpy 31.250 GB in 3.892 s, rate: 8.028936 bufsize: 320.0
memset 62.500 GB in 6.116 s, rate: 10.219585 bufsize: 320.0
fwrite 31.250 GB in 5.074 s, rate: 6.159332 bufsize: 320.0

++ gcc -Os -DTRIALS=100 -DBYTES=402653184 -DDO_MEMSET -DDO_RAMDISK '-DRAMDISK_FILE="/mnt/ramdisk/test"' totalrecall.c -o totalrecall.exe
++ set +x
BYTES: 402653184 (384.0 MB, 393216 KB)
memcpy 37.500 GB in 4.709 s, rate: 7.964004 bufsize: 384.0
memset 75.000 GB in 7.351 s, rate: 10.202782 bufsize: 384.0
fwrite 37.500 GB in 6.088 s, rate: 6.160055 bufsize: 384.0

++ gcc -Os -DTRIALS=100 -DBYTES=469762048 -DDO_MEMSET -DDO_RAMDISK '-DRAMDISK_FILE="/mnt/ramdisk/test"' totalrecall.c -o totalrecall.exe
++ set +x
BYTES: 469762048 (448.0 MB, 458752 KB)
memcpy 43.750 GB in 5.434 s, rate: 8.050545 bufsize: 448.0
memset 87.500 GB in 8.574 s, rate: 10.204769 bufsize: 448.0
fwrite 43.750 GB in 7.082 s, rate: 6.177999 bufsize: 448.0

++ gcc -Os -DTRIALS=100 -DBYTES=536870912 -DDO_MEMSET -DDO_RAMDISK '-DRAMDISK_FILE="/mnt/ramdisk/test"' totalrecall.c -o totalrecall.exe
++ set +x
BYTES: 536870912 (512.0 MB, 524288 KB)
memcpy 50.000 GB in 6.235 s, rate: 8.019395 bufsize: 512.0
memset 100.000 GB in 9.789 s, rate: 10.215660 bufsize: 512.0
fwrite 50.000 GB in 8.092 s, rate: 6.178942 bufsize: 512.0

++ gcc -Os -DTRIALS=100 -DBYTES=805306368 -DDO_MEMSET -DDO_RAMDISK '-DRAMDISK_FILE="/mnt/ramdisk/test"' totalrecall.c -o totalrecall.exe
++ set +x
BYTES: 805306368 (768.0 MB, 786432 KB)
memcpy 75.000 GB in 9.311 s, rate: 8.054938 bufsize: 768.0
memset 150.000 GB in 14.688 s, rate: 10.212649 bufsize: 768.0
fwrite 75.000 GB in 12.135 s, rate: 6.180375 bufsize: 768.0

++ gcc -Os -DTRIALS=100 -DBYTES=1073741824 -DDO_MEMSET -DDO_RAMDISK '-DRAMDISK_FILE="/mnt/ramdisk/test"' totalrecall.c -o totalrecall.exe
++ set +x
BYTES: 1073741824 (1024.0 MB, 1048576 KB)
memcpy 100.000 GB in 12.384 s, rate: 8.075126 bufsize: 1024.0
memset 200.000 GB in 19.479 s, rate: 10.267466 bufsize: 1024.0
fwrite 100.000 GB in 16.199 s, rate: 6.173347 bufsize: 1024.0

++ gcc -Os -DTRIALS=100 -DBYTES=1342177280 -DDO_MEMSET -DDO_RAMDISK '-DRAMDISK_FILE="/mnt/ramdisk/test"' totalrecall.c -o totalrecall.exe
++ set +x
BYTES: 1342177280 (1280.0 MB, 1310720 KB)
memcpy 125.000 GB in 7.126 s, rate: 17.541250 bufsize: 1280.0
memset 250.000 GB in 23.820 s, rate: 10.495435 bufsize: 1280.0
fwrite 125.000 GB in 20.203 s, rate: 6.187272 bufsize: 1280.0

++ gcc -Os -DTRIALS=100 -DBYTES=1610612736 -DDO_MEMSET -DDO_RAMDISK '-DRAMDISK_FILE="/mnt/ramdisk/test"' totalrecall.c -o totalrecall.exe
++ set +x
BYTES: 1610612736 (1536.0 MB, 1572864 KB)
memcpy 150.000 GB in 8.530 s, rate: 17.584598 bufsize: 1536.0
memset 300.000 GB in 28.547 s, rate: 10.508986 bufsize: 1536.0
fwrite 150.000 GB in 24.268 s, rate: 6.180952 bufsize: 1536.0

++ gcc -Os -DTRIALS=100 -DBYTES=1879048192 -DDO_MEMSET -DDO_RAMDISK '-DRAMDISK_FILE="/mnt/ramdisk/test"' totalrecall.c -o totalrecall.exe
++ set +x
BYTES: 1879048192 (1792.0 MB, 1835008 KB)
memcpy 175.000 GB in 9.968 s, rate: 17.556835 bufsize: 1792.0
memset 350.000 GB in 33.249 s, rate: 10.526539 bufsize: 1792.0
fwrite 175.000 GB in 28.307 s, rate: 6.182182 bufsize: 1792.0

++ gcc -Os -DTRIALS=100 -DBYTES=2147483648 -DDO_MEMSET -DDO_RAMDISK '-DRAMDISK_FILE="/mnt/ramdisk/test"' totalrecall.c -o totalrecall.exe
++ set +x
BYTES: 2147483648 (2048.0 MB, 2097152 KB)
memcpy 200.000 GB in 11.332 s, rate: 17.649372 bufsize: 2048.0
memset 400.000 GB in 37.957 s, rate: 10.538326 bufsize: 2048.0
fwrite 200.000 GB in 32.414 s, rate: 6.170256 bufsize: 2048.0

