++ gcc -std=c99 -O2 -DTRIALS=100 -DBYTES=1048576 -DDO_MEMSET -DDO_RAMDISK '-DRAMDISK_FILE="/mnt/ramdisk/test"' totalrecall.c -o totalrecall.exe
++ set +x
BYTES: 1048576 (1.0 MB, 1024 KB)
memcpy 0.098 GB in 0.002 s, rate: 47.222558 bufsize: 1.0
memset 0.195 GB in 0.022 s, rate: 8.757230 bufsize: 1.0
fwrite 0.098 GB in 0.007 s, rate: 14.588624 bufsize: 1.0

++ gcc -std=c99 -O2 -DTRIALS=100 -DBYTES=2097152 -DDO_MEMSET -DDO_RAMDISK '-DRAMDISK_FILE="/mnt/ramdisk/test"' totalrecall.c -o totalrecall.exe
++ set +x
BYTES: 2097152 (2.0 MB, 2048 KB)
memcpy 0.195 GB in 0.004 s, rate: 45.676450 bufsize: 2.0
memset 0.391 GB in 0.050 s, rate: 7.821260 bufsize: 2.0
fwrite 0.195 GB in 0.013 s, rate: 14.955015 bufsize: 2.0

++ gcc -std=c99 -O2 -DTRIALS=100 -DBYTES=4194304 -DDO_MEMSET -DDO_RAMDISK '-DRAMDISK_FILE="/mnt/ramdisk/test"' totalrecall.c -o totalrecall.exe
++ set +x
BYTES: 4194304 (4.0 MB, 4096 KB)
memcpy 0.391 GB in 0.009 s, rate: 42.079608 bufsize: 4.0
memset 0.781 GB in 0.064 s, rate: 12.270107 bufsize: 4.0
fwrite 0.391 GB in 0.026 s, rate: 15.061693 bufsize: 4.0

++ gcc -std=c99 -O2 -DTRIALS=100 -DBYTES=8388608 -DDO_MEMSET -DDO_RAMDISK '-DRAMDISK_FILE="/mnt/ramdisk/test"' totalrecall.c -o totalrecall.exe
++ set +x
BYTES: 8388608 (8.0 MB, 8192 KB)
memcpy 0.781 GB in 0.035 s, rate: 22.491076 bufsize: 8.0
memset 1.562 GB in 0.118 s, rate: 13.284757 bufsize: 8.0
fwrite 0.781 GB in 0.059 s, rate: 13.338512 bufsize: 8.0

++ gcc -std=c99 -O2 -DTRIALS=100 -DBYTES=16777216 -DDO_MEMSET -DDO_RAMDISK '-DRAMDISK_FILE="/mnt/ramdisk/test"' totalrecall.c -o totalrecall.exe
++ set +x
BYTES: 16777216 (16.0 MB, 16384 KB)
memcpy 1.562 GB in 0.149 s, rate: 10.498626 bufsize: 16.0
memset 3.125 GB in 0.260 s, rate: 12.031725 bufsize: 16.0
fwrite 1.562 GB in 0.243 s, rate: 6.431100 bufsize: 16.0

++ gcc -std=c99 -O2 -DTRIALS=100 -DBYTES=33554432 -DDO_MEMSET -DDO_RAMDISK '-DRAMDISK_FILE="/mnt/ramdisk/test"' totalrecall.c -o totalrecall.exe
++ set +x
BYTES: 33554432 (32.0 MB, 32768 KB)
memcpy 3.125 GB in 0.348 s, rate: 8.979111 bufsize: 32.0
memset 6.250 GB in 0.563 s, rate: 11.100869 bufsize: 32.0
fwrite 3.125 GB in 0.508 s, rate: 6.152834 bufsize: 32.0

++ gcc -std=c99 -O2 -DTRIALS=100 -DBYTES=67108864 -DDO_MEMSET -DDO_RAMDISK '-DRAMDISK_FILE="/mnt/ramdisk/test"' totalrecall.c -o totalrecall.exe
++ set +x
BYTES: 67108864 (64.0 MB, 65536 KB)
memcpy 6.250 GB in 0.679 s, rate: 9.201609 bufsize: 64.0
memset 12.500 GB in 1.231 s, rate: 10.157407 bufsize: 64.0
fwrite 6.250 GB in 1.016 s, rate: 6.151187 bufsize: 64.0

++ gcc -std=c99 -O2 -DTRIALS=100 -DBYTES=71303168 -DDO_MEMSET -DDO_RAMDISK '-DRAMDISK_FILE="/mnt/ramdisk/test"' totalrecall.c -o totalrecall.exe
++ set +x
BYTES: 71303168 (68.0 MB, 69632 KB)
memcpy 6.641 GB in 0.707 s, rate: 9.394474 bufsize: 68.0
memset 13.281 GB in 1.302 s, rate: 10.198295 bufsize: 68.0
fwrite 6.641 GB in 1.077 s, rate: 6.167710 bufsize: 68.0

++ gcc -std=c99 -O2 -DTRIALS=100 -DBYTES=73400320 -DDO_MEMSET -DDO_RAMDISK '-DRAMDISK_FILE="/mnt/ramdisk/test"' totalrecall.c -o totalrecall.exe
++ set +x
BYTES: 73400320 (70.0 MB, 71680 KB)
memcpy 6.836 GB in 0.727 s, rate: 9.404997 bufsize: 70.0
memset 13.672 GB in 1.339 s, rate: 10.211800 bufsize: 70.0
fwrite 6.836 GB in 1.111 s, rate: 6.151841 bufsize: 70.0

++ gcc -std=c99 -O2 -DTRIALS=100 -DBYTES=74448896 -DDO_MEMSET -DDO_RAMDISK '-DRAMDISK_FILE="/mnt/ramdisk/test"' totalrecall.c -o totalrecall.exe
++ set +x
BYTES: 74448896 (71.0 MB, 72704 KB)
memcpy 6.934 GB in 0.744 s, rate: 9.319472 bufsize: 71.0
memset 13.867 GB in 1.359 s, rate: 10.206548 bufsize: 71.0
fwrite 6.934 GB in 1.132 s, rate: 6.126030 bufsize: 71.0

++ gcc -std=c99 -O2 -DTRIALS=100 -DBYTES=75497472 -DDO_MEMSET -DDO_RAMDISK '-DRAMDISK_FILE="/mnt/ramdisk/test"' totalrecall.c -o totalrecall.exe
++ set +x
BYTES: 75497472 (72.0 MB, 73728 KB)
memcpy 7.031 GB in 0.751 s, rate: 9.362105 bufsize: 72.0
memset 14.062 GB in 1.379 s, rate: 10.193911 bufsize: 72.0
fwrite 7.031 GB in 1.144 s, rate: 6.145596 bufsize: 72.0

++ gcc -std=c99 -O2 -DTRIALS=100 -DBYTES=76546048 -DDO_MEMSET -DDO_RAMDISK '-DRAMDISK_FILE="/mnt/ramdisk/test"' totalrecall.c -o totalrecall.exe
++ set +x
BYTES: 76546048 (73.0 MB, 74752 KB)
memcpy 7.129 GB in 0.468 s, rate: 15.243422 bufsize: 73.0
memset 14.258 GB in 1.396 s, rate: 10.212111 bufsize: 73.0
fwrite 7.129 GB in 1.164 s, rate: 6.123296 bufsize: 73.0

++ gcc -std=c99 -O2 -DTRIALS=100 -DBYTES=77594624 -DDO_MEMSET -DDO_RAMDISK '-DRAMDISK_FILE="/mnt/ramdisk/test"' totalrecall.c -o totalrecall.exe
++ set +x
BYTES: 77594624 (74.0 MB, 75776 KB)
memcpy 7.227 GB in 0.474 s, rate: 15.233603 bufsize: 74.0
memset 14.453 GB in 1.416 s, rate: 10.206887 bufsize: 74.0
fwrite 7.227 GB in 1.181 s, rate: 6.117041 bufsize: 74.0

++ gcc -std=c99 -O2 -DTRIALS=100 -DBYTES=79691776 -DDO_MEMSET -DDO_RAMDISK '-DRAMDISK_FILE="/mnt/ramdisk/test"' totalrecall.c -o totalrecall.exe
++ set +x
BYTES: 79691776 (76.0 MB, 77824 KB)
memcpy 7.422 GB in 0.482 s, rate: 15.387578 bufsize: 76.0
memset 14.844 GB in 1.456 s, rate: 10.195478 bufsize: 76.0
fwrite 7.422 GB in 1.210 s, rate: 6.133284 bufsize: 76.0

++ gcc -std=c99 -O2 -DTRIALS=100 -DBYTES=104857600 -DDO_MEMSET -DDO_RAMDISK '-DRAMDISK_FILE="/mnt/ramdisk/test"' totalrecall.c -o totalrecall.exe
++ set +x
BYTES: 104857600 (100.0 MB, 102400 KB)
memcpy 9.766 GB in 0.614 s, rate: 15.906818 bufsize: 100.0
memset 19.531 GB in 1.907 s, rate: 10.244101 bufsize: 100.0
fwrite 9.766 GB in 1.592 s, rate: 6.132357 bufsize: 100.0

++ gcc -std=c99 -O2 -DTRIALS=100 -DBYTES=134217728 -DDO_MEMSET -DDO_RAMDISK '-DRAMDISK_FILE="/mnt/ramdisk/test"' totalrecall.c -o totalrecall.exe
++ set +x
BYTES: 134217728 (128.0 MB, 131072 KB)
memcpy 12.500 GB in 0.767 s, rate: 16.304617 bufsize: 128.0
memset 25.000 GB in 2.423 s, rate: 10.316178 bufsize: 128.0
fwrite 12.500 GB in 2.033 s, rate: 6.148888 bufsize: 128.0

++ gcc -std=c99 -O2 -DTRIALS=100 -DBYTES=167772160 -DDO_MEMSET -DDO_RAMDISK '-DRAMDISK_FILE="/mnt/ramdisk/test"' totalrecall.c -o totalrecall.exe
++ set +x
BYTES: 167772160 (160.0 MB, 163840 KB)
memcpy 15.625 GB in 0.937 s, rate: 16.675543 bufsize: 160.0
memset 31.250 GB in 3.019 s, rate: 10.350198 bufsize: 160.0
fwrite 15.625 GB in 2.539 s, rate: 6.153263 bufsize: 160.0

++ gcc -std=c99 -O2 -DTRIALS=100 -DBYTES=201326592 -DDO_MEMSET -DDO_RAMDISK '-DRAMDISK_FILE="/mnt/ramdisk/test"' totalrecall.c -o totalrecall.exe
++ set +x
BYTES: 201326592 (192.0 MB, 196608 KB)
memcpy 18.750 GB in 1.115 s, rate: 16.812464 bufsize: 192.0
memset 37.500 GB in 3.619 s, rate: 10.362654 bufsize: 192.0
fwrite 18.750 GB in 3.042 s, rate: 6.163455 bufsize: 192.0

++ gcc -std=c99 -O2 -DTRIALS=100 -DBYTES=234881024 -DDO_MEMSET -DDO_RAMDISK '-DRAMDISK_FILE="/mnt/ramdisk/test"' totalrecall.c -o totalrecall.exe
++ set +x
BYTES: 234881024 (224.0 MB, 229376 KB)
memcpy 21.875 GB in 1.302 s, rate: 16.803295 bufsize: 224.0
memset 43.750 GB in 4.219 s, rate: 10.369011 bufsize: 224.0
fwrite 21.875 GB in 3.517 s, rate: 6.219056 bufsize: 224.0

++ gcc -std=c99 -O2 -DTRIALS=100 -DBYTES=268435456 -DDO_MEMSET -DDO_RAMDISK '-DRAMDISK_FILE="/mnt/ramdisk/test"' totalrecall.c -o totalrecall.exe
++ set +x
BYTES: 268435456 (256.0 MB, 262144 KB)
memcpy 25.000 GB in 1.485 s, rate: 16.836321 bufsize: 256.0
memset 50.000 GB in 4.809 s, rate: 10.397122 bufsize: 256.0
fwrite 25.000 GB in 4.053 s, rate: 6.167841 bufsize: 256.0

++ gcc -std=c99 -O2 -DTRIALS=100 -DBYTES=335544320 -DDO_MEMSET -DDO_RAMDISK '-DRAMDISK_FILE="/mnt/ramdisk/test"' totalrecall.c -o totalrecall.exe
++ set +x
BYTES: 335544320 (320.0 MB, 327680 KB)
memcpy 31.250 GB in 1.811 s, rate: 17.255384 bufsize: 320.0
memset 62.500 GB in 5.992 s, rate: 10.430149 bufsize: 320.0
fwrite 31.250 GB in 5.069 s, rate: 6.164548 bufsize: 320.0

++ gcc -std=c99 -O2 -DTRIALS=100 -DBYTES=402653184 -DDO_MEMSET -DDO_RAMDISK '-DRAMDISK_FILE="/mnt/ramdisk/test"' totalrecall.c -o totalrecall.exe
++ set +x
BYTES: 402653184 (384.0 MB, 393216 KB)
memcpy 37.500 GB in 2.158 s, rate: 17.380109 bufsize: 384.0
memset 75.000 GB in 7.171 s, rate: 10.458330 bufsize: 384.0
fwrite 37.500 GB in 6.074 s, rate: 6.173784 bufsize: 384.0

++ gcc -std=c99 -O2 -DTRIALS=100 -DBYTES=469762048 -DDO_MEMSET -DDO_RAMDISK '-DRAMDISK_FILE="/mnt/ramdisk/test"' totalrecall.c -o totalrecall.exe
++ set +x
BYTES: 469762048 (448.0 MB, 458752 KB)
memcpy 43.750 GB in 2.518 s, rate: 17.376405 bufsize: 448.0
memset 87.500 GB in 8.369 s, rate: 10.455351 bufsize: 448.0
fwrite 43.750 GB in 7.008 s, rate: 6.242777 bufsize: 448.0

++ gcc -std=c99 -O2 -DTRIALS=100 -DBYTES=536870912 -DDO_MEMSET -DDO_RAMDISK '-DRAMDISK_FILE="/mnt/ramdisk/test"' totalrecall.c -o totalrecall.exe
++ set +x
BYTES: 536870912 (512.0 MB, 524288 KB)
memcpy 50.000 GB in 2.883 s, rate: 17.341199 bufsize: 512.0
memset 100.000 GB in 9.558 s, rate: 10.462963 bufsize: 512.0
fwrite 50.000 GB in 8.097 s, rate: 6.175395 bufsize: 512.0

++ gcc -std=c99 -O2 -DTRIALS=100 -DBYTES=805306368 -DDO_MEMSET -DDO_RAMDISK '-DRAMDISK_FILE="/mnt/ramdisk/test"' totalrecall.c -o totalrecall.exe
++ set +x
BYTES: 805306368 (768.0 MB, 786432 KB)
memcpy 75.000 GB in 4.274 s, rate: 17.547291 bufsize: 768.0
memset 150.000 GB in 14.332 s, rate: 10.465763 bufsize: 768.0
fwrite 75.000 GB in 12.140 s, rate: 6.177880 bufsize: 768.0

++ gcc -std=c99 -O2 -DTRIALS=100 -DBYTES=1073741824 -DDO_MEMSET -DDO_RAMDISK '-DRAMDISK_FILE="/mnt/ramdisk/test"' totalrecall.c -o totalrecall.exe
++ set +x
BYTES: 1073741824 (1024.0 MB, 1048576 KB)
memcpy 100.000 GB in 5.687 s, rate: 17.585271 bufsize: 1024.0
memset 200.000 GB in 19.083 s, rate: 10.480314 bufsize: 1024.0
fwrite 100.000 GB in 16.041 s, rate: 6.233899 bufsize: 1024.0

++ gcc -std=c99 -O2 -DTRIALS=100 -DBYTES=1342177280 -DDO_MEMSET -DDO_RAMDISK '-DRAMDISK_FILE="/mnt/ramdisk/test"' totalrecall.c -o totalrecall.exe
++ set +x
BYTES: 1342177280 (1280.0 MB, 1310720 KB)
memcpy 125.000 GB in 7.099 s, rate: 17.608149 bufsize: 1280.0
memset 250.000 GB in 23.827 s, rate: 10.492137 bufsize: 1280.0
fwrite 125.000 GB in 20.240 s, rate: 6.175789 bufsize: 1280.0

++ gcc -std=c99 -O2 -DTRIALS=100 -DBYTES=1610612736 -DDO_MEMSET -DDO_RAMDISK '-DRAMDISK_FILE="/mnt/ramdisk/test"' totalrecall.c -o totalrecall.exe
++ set +x
BYTES: 1610612736 (1536.0 MB, 1572864 KB)
memcpy 150.000 GB in 8.529 s, rate: 17.586272 bufsize: 1536.0
memset 300.000 GB in 28.541 s, rate: 10.511061 bufsize: 1536.0
fwrite 150.000 GB in 24.232 s, rate: 6.190279 bufsize: 1536.0

++ gcc -std=c99 -O2 -DTRIALS=100 -DBYTES=1879048192 -DDO_MEMSET -DDO_RAMDISK '-DRAMDISK_FILE="/mnt/ramdisk/test"' totalrecall.c -o totalrecall.exe
++ set +x
BYTES: 1879048192 (1792.0 MB, 1835008 KB)
memcpy 175.000 GB in 9.958 s, rate: 17.573076 bufsize: 1792.0
memset 350.000 GB in 33.252 s, rate: 10.525672 bufsize: 1792.0
fwrite 175.000 GB in 28.365 s, rate: 6.169661 bufsize: 1792.0

++ gcc -std=c99 -O2 -DTRIALS=100 -DBYTES=2147483648 -DDO_MEMSET -DDO_RAMDISK '-DRAMDISK_FILE="/mnt/ramdisk/test"' totalrecall.c -o totalrecall.exe
++ set +x
BYTES: 2147483648 (2048.0 MB, 2097152 KB)
memcpy 200.000 GB in 11.311 s, rate: 17.682053 bufsize: 2048.0
memset 400.000 GB in 37.950 s, rate: 10.540103 bufsize: 2048.0
fwrite 200.000 GB in 32.388 s, rate: 6.175173 bufsize: 2048.0

