++ gcc -std=c99 -DRT -O2 -DTRIALS=100 -DBYTES=1048576 -DDO_MEMSET totalrecall.c -o totalrecall.exe
++ set +x
BYTES: 1048576 (1.0 MB, 1024 KB)
memcpy 0.098 GB in 0.012 s, rate: 7.964787 bufsize: 1.0
memset 0.195 GB in 0.071 s, rate: 2.767799 bufsize: 1.0

++ gcc -std=c99 -DRT -O2 -DTRIALS=100 -DBYTES=2097152 -DDO_MEMSET totalrecall.c -o totalrecall.exe
++ set +x
BYTES: 2097152 (2.0 MB, 2048 KB)
memcpy 0.195 GB in 0.034 s, rate: 5.723443 bufsize: 2.0
memset 0.391 GB in 0.146 s, rate: 2.671726 bufsize: 2.0

++ gcc -std=c99 -DRT -O2 -DTRIALS=100 -DBYTES=4194304 -DDO_MEMSET totalrecall.c -o totalrecall.exe
++ set +x
BYTES: 4194304 (4.0 MB, 4096 KB)
memcpy 0.391 GB in 0.077 s, rate: 5.090240 bufsize: 4.0
memset 0.781 GB in 0.307 s, rate: 2.544647 bufsize: 4.0

++ gcc -std=c99 -DRT -O2 -DTRIALS=100 -DBYTES=8388608 -DDO_MEMSET totalrecall.c -o totalrecall.exe
++ set +x
BYTES: 8388608 (8.0 MB, 8192 KB)
memcpy 0.781 GB in 0.176 s, rate: 4.436904 bufsize: 8.0
memset 1.562 GB in 0.628 s, rate: 2.486379 bufsize: 8.0

++ gcc -std=c99 -DRT -O2 -DTRIALS=100 -DBYTES=16777216 -DDO_MEMSET totalrecall.c -o totalrecall.exe
++ set +x
BYTES: 16777216 (16.0 MB, 16384 KB)
memcpy 1.562 GB in 0.396 s, rate: 3.948738 bufsize: 16.0
memset 3.125 GB in 1.513 s, rate: 2.065198 bufsize: 16.0

++ gcc -std=c99 -DRT -O2 -DTRIALS=100 -DBYTES=33554432 -DDO_MEMSET totalrecall.c -o totalrecall.exe
++ set +x
BYTES: 33554432 (32.0 MB, 32768 KB)
memcpy 3.125 GB in 0.879 s, rate: 3.555184 bufsize: 32.0
memset 6.250 GB in 3.361 s, rate: 1.859533 bufsize: 32.0

++ gcc -std=c99 -DRT -O2 -DTRIALS=100 -DBYTES=67108864 -DDO_MEMSET totalrecall.c -o totalrecall.exe
++ set +x
BYTES: 67108864 (64.0 MB, 65536 KB)
memcpy 6.250 GB in 1.846 s, rate: 3.385690 bufsize: 64.0
memset 12.500 GB in 7.020 s, rate: 1.780555 bufsize: 64.0

++ gcc -std=c99 -DRT -O2 -DTRIALS=100 -DBYTES=71303168 -DDO_MEMSET totalrecall.c -o totalrecall.exe
++ set +x
BYTES: 71303168 (68.0 MB, 69632 KB)
memcpy 6.641 GB in 1.969 s, rate: 3.373396 bufsize: 68.0
memset 13.281 GB in 7.512 s, rate: 1.768094 bufsize: 68.0

++ gcc -std=c99 -DRT -O2 -DTRIALS=100 -DBYTES=73400320 -DDO_MEMSET totalrecall.c -o totalrecall.exe
++ set +x
BYTES: 73400320 (70.0 MB, 71680 KB)
memcpy 6.836 GB in 2.029 s, rate: 3.369052 bufsize: 70.0
memset 13.672 GB in 7.701 s, rate: 1.775393 bufsize: 70.0

++ gcc -std=c99 -DRT -O2 -DTRIALS=100 -DBYTES=74448896 -DDO_MEMSET totalrecall.c -o totalrecall.exe
++ set +x
BYTES: 74448896 (71.0 MB, 72704 KB)
memcpy 6.934 GB in 2.065 s, rate: 3.358242 bufsize: 71.0
memset 13.867 GB in 7.787 s, rate: 1.780851 bufsize: 71.0

++ gcc -std=c99 -DRT -O2 -DTRIALS=100 -DBYTES=75497472 -DDO_MEMSET totalrecall.c -o totalrecall.exe
++ set +x
BYTES: 75497472 (72.0 MB, 73728 KB)
memcpy 7.031 GB in 2.092 s, rate: 3.360967 bufsize: 72.0
memset 14.062 GB in 7.925 s, rate: 1.774354 bufsize: 72.0

++ gcc -std=c99 -DRT -O2 -DTRIALS=100 -DBYTES=76546048 -DDO_MEMSET totalrecall.c -o totalrecall.exe
++ set +x
BYTES: 76546048 (73.0 MB, 74752 KB)
memcpy 7.129 GB in 2.114 s, rate: 3.372292 bufsize: 73.0
memset 14.258 GB in 8.027 s, rate: 1.776224 bufsize: 73.0

++ gcc -std=c99 -DRT -O2 -DTRIALS=100 -DBYTES=77594624 -DDO_MEMSET totalrecall.c -o totalrecall.exe
++ set +x
BYTES: 77594624 (74.0 MB, 75776 KB)
memcpy 7.227 GB in 2.155 s, rate: 3.353224 bufsize: 74.0
memset 14.453 GB in 8.051 s, rate: 1.795278 bufsize: 74.0

++ gcc -std=c99 -DRT -O2 -DTRIALS=100 -DBYTES=79691776 -DDO_MEMSET totalrecall.c -o totalrecall.exe
++ set +x
BYTES: 79691776 (76.0 MB, 77824 KB)
memcpy 7.422 GB in 2.189 s, rate: 3.390232 bufsize: 76.0
memset 14.844 GB in 8.658 s, rate: 1.714459 bufsize: 76.0

++ gcc -std=c99 -DRT -O2 -DTRIALS=100 -DBYTES=104857600 -DDO_MEMSET totalrecall.c -o totalrecall.exe
++ set +x
BYTES: 104857600 (100.0 MB, 102400 KB)
memcpy 9.766 GB in 2.929 s, rate: 3.333984 bufsize: 100.0
memset 19.531 GB in 11.254 s, rate: 1.735513 bufsize: 100.0

++ gcc -std=c99 -DRT -O2 -DTRIALS=100 -DBYTES=134217728 -DDO_MEMSET totalrecall.c -o totalrecall.exe
++ set +x
BYTES: 134217728 (128.0 MB, 131072 KB)
memcpy 12.500 GB in 3.703 s, rate: 3.375913 bufsize: 128.0
memset 25.000 GB in 14.309 s, rate: 1.747148 bufsize: 128.0

++ gcc -std=c99 -DRT -O2 -DTRIALS=100 -DBYTES=167772160 -DDO_MEMSET totalrecall.c -o totalrecall.exe
++ set +x
BYTES: 167772160 (160.0 MB, 163840 KB)
memcpy 15.625 GB in 4.738 s, rate: 3.297650 bufsize: 160.0
memset 31.250 GB in 17.930 s, rate: 1.742871 bufsize: 160.0

++ gcc -std=c99 -DRT -O2 -DTRIALS=100 -DBYTES=201326592 -DDO_MEMSET totalrecall.c -o totalrecall.exe
++ set +x
BYTES: 201326592 (192.0 MB, 196608 KB)
memcpy 18.750 GB in 5.699 s, rate: 3.290165 bufsize: 192.0
memset 37.500 GB in 21.427 s, rate: 1.750136 bufsize: 192.0

++ gcc -std=c99 -DRT -O2 -DTRIALS=100 -DBYTES=234881024 -DDO_MEMSET totalrecall.c -o totalrecall.exe
++ set +x
BYTES: 234881024 (224.0 MB, 229376 KB)
memcpy 21.875 GB in 6.664 s, rate: 3.282682 bufsize: 224.0
memset 43.750 GB in 24.840 s, rate: 1.761253 bufsize: 224.0

++ gcc -std=c99 -DRT -O2 -DTRIALS=100 -DBYTES=268435456 -DDO_MEMSET totalrecall.c -o totalrecall.exe
++ set +x
BYTES: 268435456 (256.0 MB, 262144 KB)
memcpy 25.000 GB in 7.636 s, rate: 3.273888 bufsize: 256.0
memset 50.000 GB in 28.517 s, rate: 1.753324 bufsize: 256.0

++ gcc -std=c99 -DRT -O2 -DTRIALS=100 -DBYTES=335544320 -DDO_MEMSET totalrecall.c -o totalrecall.exe
++ set +x
BYTES: 335544320 (320.0 MB, 327680 KB)
memcpy 31.250 GB in 9.567 s, rate: 3.266525 bufsize: 320.0
memset 62.500 GB in 35.360 s, rate: 1.767554 bufsize: 320.0

++ gcc -std=c99 -DRT -O2 -DTRIALS=100 -DBYTES=402653184 -DDO_MEMSET totalrecall.c -o totalrecall.exe
++ set +x
BYTES: 402653184 (384.0 MB, 393216 KB)
memcpy 37.500 GB in 11.485 s, rate: 3.265226 bufsize: 384.0
memset 75.000 GB in 42.484 s, rate: 1.765363 bufsize: 384.0

++ gcc -std=c99 -DRT -O2 -DTRIALS=100 -DBYTES=469762048 -DDO_MEMSET totalrecall.c -o totalrecall.exe
++ set +x
BYTES: 469762048 (448.0 MB, 458752 KB)
memcpy 43.750 GB in 13.398 s, rate: 3.265328 bufsize: 448.0
memset 87.500 GB in 49.513 s, rate: 1.767223 bufsize: 448.0

++ gcc -std=c99 -DRT -O2 -DTRIALS=100 -DBYTES=536870912 -DDO_MEMSET totalrecall.c -o totalrecall.exe
++ set +x
BYTES: 536870912 (512.0 MB, 524288 KB)
memcpy 50.000 GB in 15.369 s, rate: 3.253398 bufsize: 512.0
memset 100.000 GB in 55.698 s, rate: 1.795390 bufsize: 512.0

++ gcc -std=c99 -DRT -O2 -DTRIALS=100 -DBYTES=805306368 -DDO_MEMSET totalrecall.c -o totalrecall.exe
++ set +x
BYTES: 805306368 (768.0 MB, 786432 KB)
memcpy 75.000 GB in 23.087 s, rate: 3.248643 bufsize: 768.0
memset 150.000 GB in 84.446 s, rate: 1.776282 bufsize: 768.0

++ gcc -std=c99 -DRT -O2 -DTRIALS=100 -DBYTES=1073741824 -DDO_MEMSET totalrecall.c -o totalrecall.exe
++ set +x
BYTES: 1073741824 (1024.0 MB, 1048576 KB)
memcpy 100.000 GB in 33.482 s, rate: 2.986658 bufsize: 1024.0
memset 200.000 GB in 115.959 s, rate: 1.724745 bufsize: 1024.0

++ gcc -std=c99 -DRT -O2 -DTRIALS=100 -DBYTES=1342177280 -DDO_MEMSET totalrecall.c -o totalrecall.exe
++ set +x
BYTES: 1342177280 (1280.0 MB, 1310720 KB)
memcpy 125.000 GB in 52.980 s, rate: 2.359386 bufsize: 1280.0
memset 250.000 GB in 147.537 s, rate: 1.694496 bufsize: 1280.0

++ gcc -std=c99 -DRT -O2 -DTRIALS=100 -DBYTES=1610612736 -DDO_MEMSET totalrecall.c -o totalrecall.exe
++ set +x
BYTES: 1610612736 (1536.0 MB, 1572864 KB)
memcpy 150.000 GB in 70.646 s, rate: 2.123268 bufsize: 1536.0
memset 300.000 GB in 180.128 s, rate: 1.665481 bufsize: 1536.0

++ gcc -std=c99 -DRT -O2 -DTRIALS=100 -DBYTES=1879048192 -DDO_MEMSET totalrecall.c -o totalrecall.exe
++ set +x
BYTES: 1879048192 (1792.0 MB, 1835008 KB)
memcpy 175.000 GB in 81.384 s, rate: 2.150290 bufsize: 1792.0
memset 350.000 GB in 211.837 s, rate: 1.652212 bufsize: 1792.0

++ gcc -std=c99 -DRT -O2 -DTRIALS=100 -DBYTES=2147483648 -DDO_MEMSET totalrecall.c -o totalrecall.exe
++ set +x
BYTES: 2147483648 (2048.0 MB, 2097152 KB)
memcpy 200.000 GB in 104.908 s, rate: 1.906430 bufsize: 2048.0
memset 400.000 GB in 248.267 s, rate: 1.611168 bufsize: 2048.0

