++ gcc -std=c99 -O2 -DRT -DDROP_CACHE -DNTRIALS=100 -DBYTES=1048576 -DDO_MEMSET totalrecall.c -o totalrecall.exe
++ set +x
BYTES: 1048576 (1.0 MB, 1024 KB)
memcpy 0.098 GB in 0.023 s, rate: 4.311725 bufsize: 1.0
memset 0.195 GB in 0.072 s, rate: 2.702726 bufsize: 1.0

++ gcc -std=c99 -O2 -DRT -DDROP_CACHE -DNTRIALS=100 -DBYTES=2097152 -DDO_MEMSET totalrecall.c -o totalrecall.exe
++ set +x
BYTES: 2097152 (2.0 MB, 2048 KB)
memcpy 0.195 GB in 0.055 s, rate: 3.576431 bufsize: 2.0
memset 0.391 GB in 0.153 s, rate: 2.559596 bufsize: 2.0

++ gcc -std=c99 -O2 -DRT -DDROP_CACHE -DNTRIALS=100 -DBYTES=4194304 -DDO_MEMSET totalrecall.c -o totalrecall.exe
++ set +x
BYTES: 4194304 (4.0 MB, 4096 KB)
memcpy 0.391 GB in 0.117 s, rate: 3.340388 bufsize: 4.0
memset 0.781 GB in 0.378 s, rate: 2.066958 bufsize: 4.0

++ gcc -std=c99 -O2 -DRT -DDROP_CACHE -DNTRIALS=100 -DBYTES=8388608 -DDO_MEMSET totalrecall.c -o totalrecall.exe
++ set +x
BYTES: 8388608 (8.0 MB, 8192 KB)
memcpy 0.781 GB in 0.248 s, rate: 3.155558 bufsize: 8.0
memset 1.562 GB in 0.574 s, rate: 2.724005 bufsize: 8.0

++ gcc -std=c99 -O2 -DRT -DDROP_CACHE -DNTRIALS=100 -DBYTES=16777216 -DDO_MEMSET totalrecall.c -o totalrecall.exe
++ set +x
BYTES: 16777216 (16.0 MB, 16384 KB)
memcpy 1.562 GB in 0.492 s, rate: 3.174219 bufsize: 16.0
memset 3.125 GB in 1.472 s, rate: 2.122260 bufsize: 16.0

++ gcc -std=c99 -O2 -DRT -DDROP_CACHE -DNTRIALS=100 -DBYTES=33554432 -DDO_MEMSET totalrecall.c -o totalrecall.exe
++ set +x
BYTES: 33554432 (32.0 MB, 32768 KB)
memcpy 3.125 GB in 0.982 s, rate: 3.183263 bufsize: 32.0
memset 6.250 GB in 3.309 s, rate: 1.888774 bufsize: 32.0

++ gcc -std=c99 -O2 -DRT -DDROP_CACHE -DNTRIALS=100 -DBYTES=67108864 -DDO_MEMSET totalrecall.c -o totalrecall.exe
++ set +x
BYTES: 67108864 (64.0 MB, 65536 KB)
memcpy 6.250 GB in 1.961 s, rate: 3.187777 bufsize: 64.0
memset 12.500 GB in 7.161 s, rate: 1.745642 bufsize: 64.0

++ gcc -std=c99 -O2 -DRT -DDROP_CACHE -DNTRIALS=100 -DBYTES=71303168 -DDO_MEMSET totalrecall.c -o totalrecall.exe
++ set +x
BYTES: 71303168 (68.0 MB, 69632 KB)
memcpy 6.641 GB in 2.076 s, rate: 3.198858 bufsize: 68.0
memset 13.281 GB in 7.552 s, rate: 1.758608 bufsize: 68.0

++ gcc -std=c99 -O2 -DRT -DDROP_CACHE -DNTRIALS=100 -DBYTES=73400320 -DDO_MEMSET totalrecall.c -o totalrecall.exe
++ set +x
BYTES: 73400320 (70.0 MB, 71680 KB)
memcpy 6.836 GB in 2.140 s, rate: 3.194966 bufsize: 70.0
memset 13.672 GB in 7.759 s, rate: 1.762097 bufsize: 70.0

++ gcc -std=c99 -O2 -DRT -DDROP_CACHE -DNTRIALS=100 -DBYTES=74448896 -DDO_MEMSET totalrecall.c -o totalrecall.exe
++ set +x
BYTES: 74448896 (71.0 MB, 72704 KB)
memcpy 6.934 GB in 2.166 s, rate: 3.201365 bufsize: 71.0
memset 13.867 GB in 7.973 s, rate: 1.739300 bufsize: 71.0

++ gcc -std=c99 -O2 -DRT -DDROP_CACHE -DNTRIALS=100 -DBYTES=75497472 -DDO_MEMSET totalrecall.c -o totalrecall.exe
++ set +x
BYTES: 75497472 (72.0 MB, 73728 KB)
memcpy 7.031 GB in 2.213 s, rate: 3.177511 bufsize: 72.0
memset 14.062 GB in 7.940 s, rate: 1.770995 bufsize: 72.0

++ gcc -std=c99 -O2 -DRT -DDROP_CACHE -DNTRIALS=100 -DBYTES=76546048 -DDO_MEMSET totalrecall.c -o totalrecall.exe
++ set +x
BYTES: 76546048 (73.0 MB, 74752 KB)
memcpy 7.129 GB in 2.233 s, rate: 3.193213 bufsize: 73.0
memset 14.258 GB in 8.154 s, rate: 1.748550 bufsize: 73.0

++ gcc -std=c99 -O2 -DRT -DDROP_CACHE -DNTRIALS=100 -DBYTES=77594624 -DDO_MEMSET totalrecall.c -o totalrecall.exe
++ set +x
BYTES: 77594624 (74.0 MB, 75776 KB)
memcpy 7.227 GB in 2.274 s, rate: 3.177528 bufsize: 74.0
memset 14.453 GB in 8.274 s, rate: 1.746804 bufsize: 74.0

++ gcc -std=c99 -O2 -DRT -DDROP_CACHE -DNTRIALS=100 -DBYTES=79691776 -DDO_MEMSET totalrecall.c -o totalrecall.exe
++ set +x
BYTES: 79691776 (76.0 MB, 77824 KB)
memcpy 7.422 GB in 2.316 s, rate: 3.205071 bufsize: 76.0
memset 14.844 GB in 8.324 s, rate: 1.783284 bufsize: 76.0

++ gcc -std=c99 -O2 -DRT -DDROP_CACHE -DNTRIALS=100 -DBYTES=104857600 -DDO_MEMSET totalrecall.c -o totalrecall.exe
++ set +x
BYTES: 104857600 (100.0 MB, 102400 KB)
memcpy 9.766 GB in 3.041 s, rate: 3.210933 bufsize: 100.0
memset 19.531 GB in 11.084 s, rate: 1.762125 bufsize: 100.0

++ gcc -std=c99 -O2 -DRT -DDROP_CACHE -DNTRIALS=100 -DBYTES=134217728 -DDO_MEMSET totalrecall.c -o totalrecall.exe
++ set +x
BYTES: 134217728 (128.0 MB, 131072 KB)
memcpy 12.500 GB in 3.901 s, rate: 3.204109 bufsize: 128.0
memset 25.000 GB in 14.224 s, rate: 1.757553 bufsize: 128.0

++ gcc -std=c99 -O2 -DRT -DDROP_CACHE -DNTRIALS=100 -DBYTES=167772160 -DDO_MEMSET totalrecall.c -o totalrecall.exe
++ set +x
BYTES: 167772160 (160.0 MB, 163840 KB)
memcpy 15.625 GB in 4.863 s, rate: 3.213161 bufsize: 160.0
memset 31.250 GB in 17.464 s, rate: 1.789433 bufsize: 160.0

++ gcc -std=c99 -O2 -DRT -DDROP_CACHE -DNTRIALS=100 -DBYTES=201326592 -DDO_MEMSET totalrecall.c -o totalrecall.exe
++ set +x
BYTES: 201326592 (192.0 MB, 196608 KB)
memcpy 18.750 GB in 5.438 s, rate: 3.447699 bufsize: 192.0
memset 37.500 GB in 20.920 s, rate: 1.792531 bufsize: 192.0

++ gcc -std=c99 -O2 -DRT -DDROP_CACHE -DNTRIALS=100 -DBYTES=234881024 -DDO_MEMSET totalrecall.c -o totalrecall.exe
++ set +x
BYTES: 234881024 (224.0 MB, 229376 KB)
memcpy 21.875 GB in 6.636 s, rate: 3.296457 bufsize: 224.0
memset 43.750 GB in 24.892 s, rate: 1.757620 bufsize: 224.0

++ gcc -std=c99 -O2 -DRT -DDROP_CACHE -DNTRIALS=100 -DBYTES=268435456 -DDO_MEMSET totalrecall.c -o totalrecall.exe
++ set +x
BYTES: 268435456 (256.0 MB, 262144 KB)
memcpy 25.000 GB in 7.595 s, rate: 3.291673 bufsize: 256.0
memset 50.000 GB in 28.280 s, rate: 1.768062 bufsize: 256.0

++ gcc -std=c99 -O2 -DRT -DDROP_CACHE -DNTRIALS=100 -DBYTES=335544320 -DDO_MEMSET totalrecall.c -o totalrecall.exe
++ set +x
BYTES: 335544320 (320.0 MB, 327680 KB)
memcpy 31.250 GB in 9.385 s, rate: 3.329668 bufsize: 320.0
memset 62.500 GB in 34.826 s, rate: 1.794650 bufsize: 320.0

++ gcc -std=c99 -O2 -DRT -DDROP_CACHE -DNTRIALS=100 -DBYTES=402653184 -DDO_MEMSET totalrecall.c -o totalrecall.exe
++ set +x
BYTES: 402653184 (384.0 MB, 393216 KB)
memcpy 37.500 GB in 11.452 s, rate: 3.274428 bufsize: 384.0
memset 75.000 GB in 42.378 s, rate: 1.769795 bufsize: 384.0

++ gcc -std=c99 -O2 -DRT -DDROP_CACHE -DNTRIALS=100 -DBYTES=469762048 -DDO_MEMSET totalrecall.c -o totalrecall.exe
++ set +x
BYTES: 469762048 (448.0 MB, 458752 KB)
memcpy 43.750 GB in 13.148 s, rate: 3.327447 bufsize: 448.0
memset 87.500 GB in 49.923 s, rate: 1.752685 bufsize: 448.0

++ gcc -std=c99 -O2 -DRT -DDROP_CACHE -DNTRIALS=100 -DBYTES=536870912 -DDO_MEMSET totalrecall.c -o totalrecall.exe
++ set +x
BYTES: 536870912 (512.0 MB, 524288 KB)
memcpy 50.000 GB in 15.462 s, rate: 3.233827 bufsize: 512.0
memset 100.000 GB in 55.172 s, rate: 1.812511 bufsize: 512.0

++ gcc -std=c99 -O2 -DRT -DDROP_CACHE -DNTRIALS=100 -DBYTES=805306368 -DDO_MEMSET totalrecall.c -o totalrecall.exe
++ set +x
BYTES: 805306368 (768.0 MB, 786432 KB)
memcpy 75.000 GB in 23.007 s, rate: 3.259855 bufsize: 768.0
memset 150.000 GB in 85.326 s, rate: 1.757965 bufsize: 768.0

++ gcc -std=c99 -O2 -DRT -DDROP_CACHE -DNTRIALS=100 -DBYTES=1073741824 -DDO_MEMSET totalrecall.c -o totalrecall.exe
++ set +x
BYTES: 1073741824 (1024.0 MB, 1048576 KB)
memcpy 100.000 GB in 29.551 s, rate: 3.384012 bufsize: 1024.0
memset 200.000 GB in 113.377 s, rate: 1.764021 bufsize: 1024.0

++ gcc -std=c99 -O2 -DRT -DDROP_CACHE -DNTRIALS=100 -DBYTES=1107296256 -DDO_MEMSET totalrecall.c -o totalrecall.exe
++ set +x
BYTES: 1107296256 (1056.0 MB, 1081344 KB)
memcpy 103.125 GB in 31.835 s, rate: 3.239336 bufsize: 1056.0
memset 206.250 GB in 115.574 s, rate: 1.784570 bufsize: 1056.0

++ gcc -std=c99 -O2 -DRT -DDROP_CACHE -DNTRIALS=100 -DBYTES=1140850688 -DDO_MEMSET totalrecall.c -o totalrecall.exe
++ set +x
BYTES: 1140850688 (1088.0 MB, 1114112 KB)
memcpy 106.250 GB in 32.814 s, rate: 3.237921 bufsize: 1088.0
memset 212.500 GB in 119.074 s, rate: 1.784612 bufsize: 1088.0

++ gcc -std=c99 -O2 -DRT -DDROP_CACHE -DNTRIALS=100 -DBYTES=1174405120 -DDO_MEMSET totalrecall.c -o totalrecall.exe
++ set +x
BYTES: 1174405120 (1120.0 MB, 1146880 KB)
memcpy 109.375 GB in 33.547 s, rate: 3.260365 bufsize: 1120.0
memset 218.750 GB in 121.268 s, rate: 1.803858 bufsize: 1120.0

++ gcc -std=c99 -O2 -DRT -DDROP_CACHE -DNTRIALS=100 -DBYTES=1207959552 -DDO_MEMSET totalrecall.c -o totalrecall.exe
++ set +x
BYTES: 1207959552 (1152.0 MB, 1179648 KB)
memcpy 112.500 GB in 34.889 s, rate: 3.224526 bufsize: 1152.0
memset 225.000 GB in 127.479 s, rate: 1.765001 bufsize: 1152.0

++ gcc -std=c99 -O2 -DRT -DDROP_CACHE -DNTRIALS=100 -DBYTES=1241513984 -DDO_MEMSET totalrecall.c -o totalrecall.exe
++ set +x
BYTES: 1241513984 (1184.0 MB, 1212416 KB)
memcpy 115.625 GB in 35.468 s, rate: 3.259974 bufsize: 1184.0
memset 231.250 GB in 130.359 s, rate: 1.773944 bufsize: 1184.0

++ gcc -std=c99 -O2 -DRT -DDROP_CACHE -DNTRIALS=100 -DBYTES=1275068416 -DDO_MEMSET totalrecall.c -o totalrecall.exe
++ set +x
BYTES: 1275068416 (1216.0 MB, 1245184 KB)
memcpy 118.750 GB in 36.111 s, rate: 3.288429 bufsize: 1216.0
memset 237.500 GB in 133.583 s, rate: 1.777925 bufsize: 1216.0

++ gcc -std=c99 -O2 -DRT -DDROP_CACHE -DNTRIALS=100 -DBYTES=1308622848 -DDO_MEMSET totalrecall.c -o totalrecall.exe
++ set +x
BYTES: 1308622848 (1248.0 MB, 1277952 KB)
memcpy 121.875 GB in 36.362 s, rate: 3.351744 bufsize: 1248.0
memset 243.750 GB in 135.668 s, rate: 1.796668 bufsize: 1248.0

++ gcc -std=c99 -O2 -DRT -DDROP_CACHE -DNTRIALS=100 -DBYTES=1342177280 -DDO_MEMSET totalrecall.c -o totalrecall.exe
++ set +x
BYTES: 1342177280 (1280.0 MB, 1310720 KB)
memcpy 125.000 GB in 38.495 s, rate: 3.247186 bufsize: 1280.0
memset 250.000 GB in 139.607 s, rate: 1.790739 bufsize: 1280.0

++ gcc -std=c99 -O2 -DRT -DDROP_CACHE -DNTRIALS=100 -DBYTES=1610612736 -DDO_MEMSET totalrecall.c -o totalrecall.exe
++ set +x
BYTES: 1610612736 (1536.0 MB, 1572864 KB)
memcpy 150.000 GB in 45.686 s, rate: 3.283284 bufsize: 1536.0
memset 300.000 GB in 167.198 s, rate: 1.794280 bufsize: 1536.0

++ gcc -std=c99 -O2 -DRT -DDROP_CACHE -DNTRIALS=100 -DBYTES=1879048192 -DDO_MEMSET totalrecall.c -o totalrecall.exe
++ set +x
BYTES: 1879048192 (1792.0 MB, 1835008 KB)
memcpy 175.000 GB in 53.767 s, rate: 3.254789 bufsize: 1792.0
memset 350.000 GB in 192.325 s, rate: 1.819834 bufsize: 1792.0

++ gcc -std=c99 -O2 -DRT -DDROP_CACHE -DNTRIALS=100 -DBYTES=2147483648 -DDO_MEMSET totalrecall.c -o totalrecall.exe
++ set +x
BYTES: 2147483648 (2048.0 MB, 2097152 KB)
memcpy 200.000 GB in 61.520 s, rate: 3.250967 bufsize: 2048.0
memset 400.000 GB in 223.384 s, rate: 1.790640 bufsize: 2048.0

