++ gcc -std=c99 -O0 -DNTRIALS=100 -DBYTES=1048576 -DDO_MEMSET totalrecall.c -o totalrecall.exe
++ set +x
BYTES: 1048576 (1.0 MB, 1024 KB)
memcpy 0.098 GB in 0.013 s, rate: 7.678585 bufsize: 1.0
memset 0.195 GB in 0.070 s, rate: 2.774759 bufsize: 1.0

++ gcc -std=c99 -O0 -DNTRIALS=100 -DBYTES=2097152 -DDO_MEMSET totalrecall.c -o totalrecall.exe
++ set +x
BYTES: 2097152 (2.0 MB, 2048 KB)
memcpy 0.195 GB in 0.043 s, rate: 4.533822 bufsize: 2.0
memset 0.391 GB in 0.147 s, rate: 2.660245 bufsize: 2.0

++ gcc -std=c99 -O0 -DNTRIALS=100 -DBYTES=4194304 -DDO_MEMSET totalrecall.c -o totalrecall.exe
++ set +x
BYTES: 4194304 (4.0 MB, 4096 KB)
memcpy 0.391 GB in 0.076 s, rate: 5.123488 bufsize: 4.0
memset 0.781 GB in 0.298 s, rate: 2.621767 bufsize: 4.0

++ gcc -std=c99 -O0 -DNTRIALS=100 -DBYTES=8388608 -DDO_MEMSET totalrecall.c -o totalrecall.exe
++ set +x
BYTES: 8388608 (8.0 MB, 8192 KB)
memcpy 0.781 GB in 0.184 s, rate: 4.253807 bufsize: 8.0
memset 1.562 GB in 0.684 s, rate: 2.284547 bufsize: 8.0

++ gcc -std=c99 -O0 -DNTRIALS=100 -DBYTES=16777216 -DDO_MEMSET totalrecall.c -o totalrecall.exe
++ set +x
BYTES: 16777216 (16.0 MB, 16384 KB)
memcpy 1.562 GB in 0.397 s, rate: 3.939043 bufsize: 16.0
memset 3.125 GB in 1.619 s, rate: 1.930643 bufsize: 16.0

++ gcc -std=c99 -O0 -DNTRIALS=100 -DBYTES=33554432 -DDO_MEMSET totalrecall.c -o totalrecall.exe
++ set +x
BYTES: 33554432 (32.0 MB, 32768 KB)
memcpy 3.125 GB in 0.888 s, rate: 3.520682 bufsize: 32.0
memset 6.250 GB in 3.489 s, rate: 1.791148 bufsize: 32.0

++ gcc -std=c99 -O0 -DNTRIALS=100 -DBYTES=67108864 -DDO_MEMSET totalrecall.c -o totalrecall.exe
++ set +x
BYTES: 67108864 (64.0 MB, 65536 KB)
memcpy 6.250 GB in 1.858 s, rate: 3.363778 bufsize: 64.0
memset 12.500 GB in 6.980 s, rate: 1.790832 bufsize: 64.0

++ gcc -std=c99 -O0 -DNTRIALS=100 -DBYTES=71303168 -DDO_MEMSET totalrecall.c -o totalrecall.exe
++ set +x
BYTES: 71303168 (68.0 MB, 69632 KB)
memcpy 6.641 GB in 2.006 s, rate: 3.310264 bufsize: 68.0
memset 13.281 GB in 7.438 s, rate: 1.785553 bufsize: 68.0

++ gcc -std=c99 -O0 -DNTRIALS=100 -DBYTES=73400320 -DDO_MEMSET totalrecall.c -o totalrecall.exe
++ set +x
BYTES: 73400320 (70.0 MB, 71680 KB)
memcpy 6.836 GB in 2.067 s, rate: 3.307876 bufsize: 70.0
memset 13.672 GB in 7.583 s, rate: 1.802994 bufsize: 70.0

++ gcc -std=c99 -O0 -DNTRIALS=100 -DBYTES=74448896 -DDO_MEMSET totalrecall.c -o totalrecall.exe
++ set +x
BYTES: 74448896 (71.0 MB, 72704 KB)
memcpy 6.934 GB in 2.091 s, rate: 3.315268 bufsize: 71.0
memset 13.867 GB in 7.855 s, rate: 1.765287 bufsize: 71.0

++ gcc -std=c99 -O0 -DNTRIALS=100 -DBYTES=75497472 -DDO_MEMSET totalrecall.c -o totalrecall.exe
++ set +x
BYTES: 75497472 (72.0 MB, 73728 KB)
memcpy 7.031 GB in 2.124 s, rate: 3.310818 bufsize: 72.0
memset 14.062 GB in 8.076 s, rate: 1.741271 bufsize: 72.0

++ gcc -std=c99 -O0 -DNTRIALS=100 -DBYTES=76546048 -DDO_MEMSET totalrecall.c -o totalrecall.exe
++ set +x
BYTES: 76546048 (73.0 MB, 74752 KB)
memcpy 7.129 GB in 2.182 s, rate: 3.267540 bufsize: 73.0
memset 14.258 GB in 8.077 s, rate: 1.765223 bufsize: 73.0

++ gcc -std=c99 -O0 -DNTRIALS=100 -DBYTES=77594624 -DDO_MEMSET totalrecall.c -o totalrecall.exe
++ set +x
BYTES: 77594624 (74.0 MB, 75776 KB)
memcpy 7.227 GB in 2.119 s, rate: 3.410468 bufsize: 74.0
memset 14.453 GB in 8.165 s, rate: 1.770074 bufsize: 74.0

++ gcc -std=c99 -O0 -DNTRIALS=100 -DBYTES=79691776 -DDO_MEMSET totalrecall.c -o totalrecall.exe
++ set +x
BYTES: 79691776 (76.0 MB, 77824 KB)
memcpy 7.422 GB in 2.153 s, rate: 3.447012 bufsize: 76.0
memset 14.844 GB in 8.384 s, rate: 1.770525 bufsize: 76.0

++ gcc -std=c99 -O0 -DNTRIALS=100 -DBYTES=104857600 -DDO_MEMSET totalrecall.c -o totalrecall.exe
++ set +x
BYTES: 104857600 (100.0 MB, 102400 KB)
memcpy 9.766 GB in 3.016 s, rate: 3.237647 bufsize: 100.0
memset 19.531 GB in 11.133 s, rate: 1.754410 bufsize: 100.0

++ gcc -std=c99 -O0 -DNTRIALS=100 -DBYTES=134217728 -DDO_MEMSET totalrecall.c -o totalrecall.exe
++ set +x
BYTES: 134217728 (128.0 MB, 131072 KB)
memcpy 12.500 GB in 3.833 s, rate: 3.261106 bufsize: 128.0
memset 25.000 GB in 14.282 s, rate: 1.750514 bufsize: 128.0

++ gcc -std=c99 -O0 -DNTRIALS=100 -DBYTES=167772160 -DDO_MEMSET totalrecall.c -o totalrecall.exe
++ set +x
BYTES: 167772160 (160.0 MB, 163840 KB)
memcpy 15.625 GB in 4.697 s, rate: 3.326892 bufsize: 160.0
memset 31.250 GB in 17.969 s, rate: 1.739121 bufsize: 160.0

++ gcc -std=c99 -O0 -DNTRIALS=100 -DBYTES=201326592 -DDO_MEMSET totalrecall.c -o totalrecall.exe
++ set +x
BYTES: 201326592 (192.0 MB, 196608 KB)
memcpy 18.750 GB in 5.943 s, rate: 3.155111 bufsize: 192.0
memset 37.500 GB in 21.376 s, rate: 1.754290 bufsize: 192.0

++ gcc -std=c99 -O0 -DNTRIALS=100 -DBYTES=234881024 -DDO_MEMSET totalrecall.c -o totalrecall.exe
++ set +x
BYTES: 234881024 (224.0 MB, 229376 KB)
memcpy 21.875 GB in 6.870 s, rate: 3.184158 bufsize: 224.0
memset 43.750 GB in 24.385 s, rate: 1.794150 bufsize: 224.0

++ gcc -std=c99 -O0 -DNTRIALS=100 -DBYTES=268435456 -DDO_MEMSET totalrecall.c -o totalrecall.exe
++ set +x
BYTES: 268435456 (256.0 MB, 262144 KB)
memcpy 25.000 GB in 7.527 s, rate: 3.321237 bufsize: 256.0
memset 50.000 GB in 27.818 s, rate: 1.797408 bufsize: 256.0

++ gcc -std=c99 -O0 -DNTRIALS=100 -DBYTES=335544320 -DDO_MEMSET totalrecall.c -o totalrecall.exe
++ set +x
BYTES: 335544320 (320.0 MB, 327680 KB)
memcpy 31.250 GB in 9.715 s, rate: 3.216618 bufsize: 320.0
memset 62.500 GB in 34.821 s, rate: 1.794877 bufsize: 320.0

++ gcc -std=c99 -O0 -DNTRIALS=100 -DBYTES=402653184 -DDO_MEMSET totalrecall.c -o totalrecall.exe
++ set +x
BYTES: 402653184 (384.0 MB, 393216 KB)
memcpy 37.500 GB in 12.330 s, rate: 3.041367 bufsize: 384.0
memset 75.000 GB in 41.771 s, rate: 1.795497 bufsize: 384.0

++ gcc -std=c99 -O0 -DNTRIALS=100 -DBYTES=469762048 -DDO_MEMSET totalrecall.c -o totalrecall.exe
++ set +x
BYTES: 469762048 (448.0 MB, 458752 KB)
memcpy 43.750 GB in 14.021 s, rate: 3.120286 bufsize: 448.0
memset 87.500 GB in 48.969 s, rate: 1.786831 bufsize: 448.0

++ gcc -std=c99 -O0 -DNTRIALS=100 -DBYTES=536870912 -DDO_MEMSET totalrecall.c -o totalrecall.exe
++ set +x
BYTES: 536870912 (512.0 MB, 524288 KB)
memcpy 50.000 GB in 16.057 s, rate: 3.113824 bufsize: 512.0
memset 100.000 GB in 54.921 s, rate: 1.820799 bufsize: 512.0

++ gcc -std=c99 -O0 -DNTRIALS=100 -DBYTES=805306368 -DDO_MEMSET totalrecall.c -o totalrecall.exe
++ set +x
BYTES: 805306368 (768.0 MB, 786432 KB)
memcpy 75.000 GB in 23.695 s, rate: 3.165263 bufsize: 768.0
memset 150.000 GB in 86.106 s, rate: 1.742041 bufsize: 768.0

++ gcc -std=c99 -O0 -DNTRIALS=100 -DBYTES=1073741824 -DDO_MEMSET totalrecall.c -o totalrecall.exe
++ set +x
BYTES: 1073741824 (1024.0 MB, 1048576 KB)
memcpy 100.000 GB in 32.842 s, rate: 3.044840 bufsize: 1024.0
memset 200.000 GB in 111.926 s, rate: 1.786898 bufsize: 1024.0

++ gcc -std=c99 -O0 -DNTRIALS=100 -DBYTES=1107296256 -DDO_MEMSET totalrecall.c -o totalrecall.exe
++ set +x
BYTES: 1107296256 (1056.0 MB, 1081344 KB)
memcpy 103.125 GB in 34.599 s, rate: 2.980547 bufsize: 1056.0
memset 206.250 GB in 114.855 s, rate: 1.795739 bufsize: 1056.0

++ gcc -std=c99 -O0 -DNTRIALS=100 -DBYTES=1140850688 -DDO_MEMSET totalrecall.c -o totalrecall.exe
++ set +x
BYTES: 1140850688 (1088.0 MB, 1114112 KB)
memcpy 106.250 GB in 34.593 s, rate: 3.071432 bufsize: 1088.0
memset 212.500 GB in 120.756 s, rate: 1.759745 bufsize: 1088.0

++ gcc -std=c99 -O0 -DNTRIALS=100 -DBYTES=1174405120 -DDO_MEMSET totalrecall.c -o totalrecall.exe
++ set +x
BYTES: 1174405120 (1120.0 MB, 1146880 KB)
memcpy 109.375 GB in 36.728 s, rate: 2.977968 bufsize: 1120.0
memset 218.750 GB in 127.037 s, rate: 1.721937 bufsize: 1120.0

++ gcc -std=c99 -O0 -DNTRIALS=100 -DBYTES=1207959552 -DDO_MEMSET totalrecall.c -o totalrecall.exe
++ set +x
BYTES: 1207959552 (1152.0 MB, 1179648 KB)
memcpy 112.500 GB in 36.375 s, rate: 3.092762 bufsize: 1152.0
memset 225.000 GB in 126.323 s, rate: 1.781146 bufsize: 1152.0

++ gcc -std=c99 -O0 -DNTRIALS=100 -DBYTES=1241513984 -DDO_MEMSET totalrecall.c -o totalrecall.exe
++ set +x
BYTES: 1241513984 (1184.0 MB, 1212416 KB)
memcpy 115.625 GB in 36.907 s, rate: 3.132915 bufsize: 1184.0
memset 231.250 GB in 130.220 s, rate: 1.775847 bufsize: 1184.0

++ gcc -std=c99 -O0 -DNTRIALS=100 -DBYTES=1275068416 -DDO_MEMSET totalrecall.c -o totalrecall.exe
++ set +x
BYTES: 1275068416 (1216.0 MB, 1245184 KB)
memcpy 118.750 GB in 39.314 s, rate: 3.020529 bufsize: 1216.0
memset 237.500 GB in 135.338 s, rate: 1.754870 bufsize: 1216.0

++ gcc -std=c99 -O0 -DNTRIALS=100 -DBYTES=1308622848 -DDO_MEMSET totalrecall.c -o totalrecall.exe
++ set +x
BYTES: 1308622848 (1248.0 MB, 1277952 KB)
memcpy 121.875 GB in 40.152 s, rate: 3.035360 bufsize: 1248.0
memset 243.750 GB in 136.605 s, rate: 1.784336 bufsize: 1248.0

++ gcc -std=c99 -O0 -DNTRIALS=100 -DBYTES=1342177280 -DDO_MEMSET totalrecall.c -o totalrecall.exe
++ set +x
BYTES: 1342177280 (1280.0 MB, 1310720 KB)
memcpy 125.000 GB in 40.724 s, rate: 3.069414 bufsize: 1280.0
memset 250.000 GB in 135.715 s, rate: 1.842093 bufsize: 1280.0

++ gcc -std=c99 -O0 -DNTRIALS=100 -DBYTES=1610612736 -DDO_MEMSET totalrecall.c -o totalrecall.exe
++ set +x
BYTES: 1610612736 (1536.0 MB, 1572864 KB)
memcpy 150.000 GB in 47.203 s, rate: 3.177769 bufsize: 1536.0
memset 300.000 GB in 164.846 s, rate: 1.819879 bufsize: 1536.0

++ gcc -std=c99 -O0 -DNTRIALS=100 -DBYTES=1879048192 -DDO_MEMSET totalrecall.c -o totalrecall.exe
++ set +x
BYTES: 1879048192 (1792.0 MB, 1835008 KB)
memcpy 175.000 GB in 53.512 s, rate: 3.270303 bufsize: 1792.0
memset 350.000 GB in 189.217 s, rate: 1.849724 bufsize: 1792.0

++ gcc -std=c99 -O0 -DNTRIALS=100 -DBYTES=2147483648 -DDO_MEMSET totalrecall.c -o totalrecall.exe
++ set +x
BYTES: 2147483648 (2048.0 MB, 2097152 KB)
memcpy 200.000 GB in 59.968 s, rate: 3.335126 bufsize: 2048.0
memset 400.000 GB in 214.706 s, rate: 1.863010 bufsize: 2048.0

